[2024-12-13 00:05:07] [INFO   ] Sistema de logs iniciado. Archivo de logs: logs/simulation_20241213_000507.log 
[2024-12-13 00:05:08] [INFO   ] Ubicaciones cargadas: 195 
[2024-12-13 00:05:08] [INFO   ] Servidor de simulación iniciado en el puerto 4567 
[2024-12-13 00:05:10] [INFO   ] Nueva conexión WebSocket establecida: /0:0:0:0:0:0:0:1 
[2024-12-13 00:06:29] [INFO   ] Conexión WebSocket cerrada: /0:0:0:0:0:0:0:1 
[2024-12-13 00:06:30] [INFO   ] Nueva conexión WebSocket establecida: /0:0:0:0:0:0:0:1 
[2024-12-13 00:06:30] [INFO   ] Nueva conexión WebSocket establecida: /0:0:0:0:0:0:0:1 
[2024-12-13 00:06:30] [INFO   ] Nueva conexión WebSocket establecida: /0:0:0:0:0:0:0:1 
[2024-12-13 00:06:30] [INFO   ] Conexión WebSocket cerrada: /0:0:0:0:0:0:0:1 
[2024-12-13 00:06:30] [INFO   ] Conexión WebSocket cerrada: /0:0:0:0:0:0:0:1 
[2024-12-13 00:06:30] [INFO   ] Nueva conexión WebSocket establecida: /0:0:0:0:0:0:0:1 
[2024-12-13 00:06:33] [INFO   ] DateTime encontrado: 2024-07-01 00:53:00 
[2024-12-13 00:06:34] [INFO   ] Configurada tiempo de avance de simulación: 5 
[2024-12-13 00:06:34] [INFO   ] Intentando inicializar simulacion. 
[2024-12-13 00:06:34] [INFO   ] Se cargaron 190 bloqueos: 
[2024-12-13 00:06:34] [INFO   ] Bloqueo: 250301 => 021101, Inicio: 2024-07-05 11:47, Fin: 2024-07-14 20:34 
[2024-12-13 00:06:34] [INFO   ] Bloqueo: 221001 => 220301, Inicio: 2024-07-02 15:37, Fin: 2024-07-23 14:22 
[2024-12-13 00:06:34] [INFO   ] Bloqueo: 221001 => 021401, Inicio: 2024-07-04 11:08, Fin: 2024-07-21 18:30 
[2024-12-13 00:06:34] [INFO   ] Bloqueo: 220901 => 060201, Inicio: 2024-07-05 18:15, Fin: 2024-07-24 06:32 
[2024-12-13 00:06:34] [INFO   ] Bloqueo: 220801 => 220901, Inicio: 2024-07-05 00:19, Fin: 2024-07-22 02:05 
[2024-12-13 00:06:34] [INFO   ] Bloqueo: 220801 => 060301, Inicio: 2024-07-06 07:08, Fin: 2024-07-16 12:35 
[2024-12-13 00:06:34] [INFO   ] Bloqueo: 220701 => 061001, Inicio: 2024-07-03 14:24, Fin: 2024-07-16 14:54 
[2024-12-13 00:06:34] [INFO   ] Bloqueo: 220701 => 020901, Inicio: 2024-07-01 21:22, Fin: 2024-07-15 05:19 
[2024-12-13 00:06:34] [INFO   ] Bloqueo: 220601 => 130301, Inicio: 2024-07-02 18:38, Fin: 2024-07-18 13:03 
[2024-12-13 00:06:34] [INFO   ] Bloqueo: 220601 => 021601, Inicio: 2024-07-05 06:04, Fin: 2024-07-14 02:47 
[2024-12-13 00:06:34] [INFO   ] Bloqueo: 220601 => 010501, Inicio: 2024-07-07 07:35, Fin: 2024-07-14 03:29 
[2024-12-13 00:06:34] [INFO   ] Bloqueo: 220501 => 130801, Inicio: 2024-07-07 22:58, Fin: 2024-07-22 15:05 
[2024-12-13 00:06:34] [INFO   ] Bloqueo: 220501 => 010101, Inicio: 2024-07-02 18:11, Fin: 2024-07-15 09:20 
[2024-12-13 00:06:34] [INFO   ] Bloqueo: 220401 => 131001, Inicio: 2024-07-05 09:30, Fin: 2024-07-14 13:38 
[2024-12-13 00:06:34] [INFO   ] Bloqueo: 220401 => 021901, Inicio: 2024-07-06 17:56, Fin: 2024-07-14 09:19 
[2024-12-13 00:06:34] [INFO   ] Bloqueo: 220301 => 130801, Inicio: 2024-07-05 00:29, Fin: 2024-07-19 07:16 
[2024-12-13 00:06:34] [INFO   ] Bloqueo: 220301 => 061101, Inicio: 2024-07-06 13:43, Fin: 2024-07-16 18:14 
[2024-12-13 00:06:34] [INFO   ] Bloqueo: 220301 => 020601, Inicio: 2024-07-05 00:58, Fin: 2024-07-16 03:21 
[2024-12-13 00:06:34] [INFO   ] Bloqueo: 220201 => 220601, Inicio: 2024-07-05 21:15, Fin: 2024-07-17 18:45 
[2024-12-13 00:06:34] [INFO   ] Bloqueo: 220201 => 060101, Inicio: 2024-07-04 17:16, Fin: 2024-07-18 22:05 
[2024-12-13 00:06:34] [INFO   ] Bloqueo: 190301 => 221001, Inicio: 2024-07-05 08:58, Fin: 2024-07-22 23:00 
[2024-12-13 00:06:34] [INFO   ] Bloqueo: 190301 => 020701, Inicio: 2024-07-02 11:59, Fin: 2024-07-16 14:54 
[2024-12-13 00:06:34] [INFO   ] Bloqueo: 190201 => 120801, Inicio: 2024-07-07 10:03, Fin: 2024-07-19 10:49 
[2024-12-13 00:06:34] [INFO   ] Bloqueo: 190101 => 150401, Inicio: 2024-07-01 20:28, Fin: 2024-07-24 23:17 
[2024-12-13 00:06:34] [INFO   ] Bloqueo: 190101 => 020701, Inicio: 2024-07-02 01:16, Fin: 2024-07-20 09:41 
[2024-12-13 00:06:34] [INFO   ] Bloqueo: 150901 => 150301, Inicio: 2024-07-02 08:59, Fin: 2024-07-20 15:36 
[2024-12-13 00:06:34] [INFO   ] Bloqueo: 150901 => 100501, Inicio: 2024-07-03 17:58, Fin: 2024-07-17 23:22 
[2024-12-13 00:06:34] [INFO   ] Bloqueo: 150901 => 021301, Inicio: 2024-07-04 12:21, Fin: 2024-07-20 00:49 
[2024-12-13 00:06:34] [INFO   ] Bloqueo: 150801 => 131201, Inicio: 2024-07-01 12:23, Fin: 2024-07-20 06:56 
[2024-12-13 00:06:34] [INFO   ] Bloqueo: 150801 => 100401, Inicio: 2024-07-06 18:34, Fin: 2024-07-13 12:18 
[2024-12-13 00:06:34] [INFO   ] Bloqueo: 150801 => 021001, Inicio: 2024-07-07 15:57, Fin: 2024-07-15 06:35 
[2024-12-13 00:06:34] [INFO   ] Bloqueo: 150701 => 120801, Inicio: 2024-07-07 01:44, Fin: 2024-07-21 02:04 
[2024-12-13 00:06:34] [INFO   ] Bloqueo: 150701 => 100501, Inicio: 2024-07-04 16:07, Fin: 2024-07-14 14:55 
[2024-12-13 00:06:34] [INFO   ] Bloqueo: 150701 => 020601, Inicio: 2024-07-04 08:17, Fin: 2024-07-19 01:56 
[2024-12-13 00:06:34] [INFO   ] Bloqueo: 150301 => 101001, Inicio: 2024-07-01 02:58, Fin: 2024-07-24 02:33 
[2024-12-13 00:06:34] [INFO   ] Bloqueo: 150201 => 100101, Inicio: 2024-07-04 12:22, Fin: 2024-07-23 15:43 
[2024-12-13 00:06:34] [INFO   ] Bloqueo: 150201 => 020201, Inicio: 2024-07-04 00:14, Fin: 2024-07-21 11:54 
[2024-12-13 00:06:34] [INFO   ] Bloqueo: 131201 => 101101, Inicio: 2024-07-04 15:05, Fin: 2024-07-20 08:45 
[2024-12-13 00:06:34] [INFO   ] Bloqueo: 131201 => 020601, Inicio: 2024-07-06 16:58, Fin: 2024-07-24 00:06 
[2024-12-13 00:06:34] [INFO   ] Bloqueo: 131101 => 220801, Inicio: 2024-07-05 05:46, Fin: 2024-07-13 13:14 
[2024-12-13 00:06:34] [INFO   ] Bloqueo: 131101 => 021701, Inicio: 2024-07-01 10:21, Fin: 2024-07-16 09:03 
[2024-12-13 00:06:34] [INFO   ] Bloqueo: 131101 => 010201, Inicio: 2024-07-07 09:31, Fin: 2024-07-20 15:36 
[2024-12-13 00:06:34] [INFO   ] Bloqueo: 130901 => 130401, Inicio: 2024-07-05 23:03, Fin: 2024-07-23 07:26 
[2024-12-13 00:06:34] [INFO   ] Bloqueo: 130901 => 061201, Inicio: 2024-07-07 08:12, Fin: 2024-07-14 13:51 
[2024-12-13 00:06:34] [INFO   ] Bloqueo: 130901 => 021301, Inicio: 2024-07-01 21:48, Fin: 2024-07-18 10:39 
[2024-12-13 00:06:34] [INFO   ] Bloqueo: 130801 => 100501, Inicio: 2024-07-02 21:23, Fin: 2024-07-19 22:36 
[2024-12-13 00:06:34] [INFO   ] Bloqueo: 130801 => 060101, Inicio: 2024-07-07 07:10, Fin: 2024-07-24 07:27 
[2024-12-13 00:06:34] [INFO   ] Bloqueo: 130801 => 020701, Inicio: 2024-07-05 14:12, Fin: 2024-07-18 11:50 
[2024-12-13 00:06:34] [INFO   ] Bloqueo: 130701 => 021301, Inicio: 2024-07-07 02:15, Fin: 2024-07-23 05:31 
[2024-12-13 00:06:34] [INFO   ] Bloqueo: 130501 => 060601, Inicio: 2024-07-06 08:15, Fin: 2024-07-16 18:39 
[2024-12-13 00:06:34] [INFO   ] Bloqueo: 130401 => 021601, Inicio: 2024-07-01 16:36, Fin: 2024-07-14 06:55 
[2024-12-13 00:06:34] [INFO   ] Bloqueo: 130301 => 221001, Inicio: 2024-07-06 12:44, Fin: 2024-07-15 13:55 
[2024-12-13 00:06:34] [INFO   ] Bloqueo: 130301 => 060401, Inicio: 2024-07-03 02:29, Fin: 2024-07-14 14:55 
[2024-12-13 00:06:34] [INFO   ] Bloqueo: 130201 => 060101, Inicio: 2024-07-01 21:49, Fin: 2024-07-19 21:15 
[2024-12-13 00:06:34] [INFO   ] Bloqueo: 130201 => 010101, Inicio: 2024-07-01 17:36, Fin: 2024-07-13 01:20 
[2024-12-13 00:06:34] [INFO   ] Bloqueo: 130101 => 130701, Inicio: 2024-07-03 14:06, Fin: 2024-07-24 02:27 
[2024-12-13 00:06:34] [INFO   ] Bloqueo: 120901 => 190101, Inicio: 2024-07-04 08:26, Fin: 2024-07-18 04:37 
[2024-12-13 00:06:34] [INFO   ] Bloqueo: 120901 => 020501, Inicio: 2024-07-07 03:01, Fin: 2024-07-21 21:00 
[2024-12-13 00:06:34] [INFO   ] Bloqueo: 120801 => 050501, Inicio: 2024-07-03 12:17, Fin: 2024-07-24 04:30 
[2024-12-13 00:06:34] [INFO   ] Bloqueo: 120701 => 190101, Inicio: 2024-07-02 10:03, Fin: 2024-07-20 12:06 
[2024-12-13 00:06:34] [INFO   ] Bloqueo: 120701 => 100901, Inicio: 2024-07-01 12:35, Fin: 2024-07-20 06:41 
[2024-12-13 00:06:34] [INFO   ] Bloqueo: 120701 => 020701, Inicio: 2024-07-01 22:57, Fin: 2024-07-23 07:07 
[2024-12-13 00:06:34] [INFO   ] Bloqueo: 120601 => 120301, Inicio: 2024-07-07 05:56, Fin: 2024-07-24 06:07 
[2024-12-13 00:06:34] [INFO   ] Bloqueo: 120601 => 090101, Inicio: 2024-07-06 09:07, Fin: 2024-07-23 17:15 
[2024-12-13 00:06:34] [INFO   ] Bloqueo: 120501 => 050101, Inicio: 2024-07-03 01:56, Fin: 2024-07-20 17:42 
[2024-12-13 00:06:34] [INFO   ] Bloqueo: 120401 => 190301, Inicio: 2024-07-06 03:04, Fin: 2024-07-16 01:39 
[2024-12-13 00:06:34] [INFO   ] Bloqueo: 120301 => 190201, Inicio: 2024-07-02 19:12, Fin: 2024-07-17 03:29 
[2024-12-13 00:06:34] [INFO   ] Bloqueo: 120301 => 101101, Inicio: 2024-07-04 17:15, Fin: 2024-07-21 18:35 
[2024-12-13 00:06:34] [INFO   ] Bloqueo: 120201 => 100301, Inicio: 2024-07-04 09:31, Fin: 2024-07-17 02:15 
[2024-12-13 00:06:34] [INFO   ] Bloqueo: 120101 => 120601, Inicio: 2024-07-03 09:52, Fin: 2024-07-17 10:23 
[2024-12-13 00:06:34] [INFO   ] Bloqueo: 101101 => 220601, Inicio: 2024-07-02 00:39, Fin: 2024-07-18 02:06 
[2024-12-13 00:06:34] [INFO   ] Bloqueo: 101101 => 100901, Inicio: 2024-07-05 23:28, Fin: 2024-07-21 15:44 
[2024-12-13 00:06:34] [INFO   ] Bloqueo: 101001 => 131001, Inicio: 2024-07-01 07:53, Fin: 2024-07-23 11:24 
[2024-12-13 00:06:34] [INFO   ] Bloqueo: 101001 => 100901, Inicio: 2024-07-02 00:57, Fin: 2024-07-16 14:15 
[2024-12-13 00:06:34] [INFO   ] Bloqueo: 100801 => 100701, Inicio: 2024-07-04 18:35, Fin: 2024-07-24 15:12 
[2024-12-13 00:06:34] [INFO   ] Bloqueo: 100701 => 220801, Inicio: 2024-07-02 15:54, Fin: 2024-07-18 17:29 
[2024-12-13 00:06:34] [INFO   ] Bloqueo: 100701 => 130901, Inicio: 2024-07-01 12:21, Fin: 2024-07-20 02:47 
[2024-12-13 00:06:34] [INFO   ] Bloqueo: 100701 => 100101, Inicio: 2024-07-01 00:22, Fin: 2024-07-23 05:52 
[2024-12-13 00:06:34] [INFO   ] Bloqueo: 100701 => 021701, Inicio: 2024-07-06 02:24, Fin: 2024-07-17 11:17 
[2024-12-13 00:06:34] [INFO   ] Bloqueo: 100701 => 010601, Inicio: 2024-07-04 10:29, Fin: 2024-07-19 17:44 
[2024-12-13 00:06:34] [INFO   ] Bloqueo: 100601 => 150901, Inicio: 2024-07-04 05:34, Fin: 2024-07-18 15:42 
[2024-12-13 00:06:34] [INFO   ] Bloqueo: 100601 => 061001, Inicio: 2024-07-02 02:33, Fin: 2024-07-17 08:15 
[2024-12-13 00:06:34] [INFO   ] Bloqueo: 100501 => 130101, Inicio: 2024-07-06 12:41, Fin: 2024-07-20 16:35 
[2024-12-13 00:06:34] [INFO   ] Bloqueo: 100501 => 020901, Inicio: 2024-07-05 02:11, Fin: 2024-07-18 05:44 
[2024-12-13 00:06:34] [INFO   ] Bloqueo: 100401 => 020801, Inicio: 2024-07-03 06:39, Fin: 2024-07-14 20:53 
[2024-12-13 00:06:34] [INFO   ] Bloqueo: 100301 => 190301, Inicio: 2024-07-01 02:29, Fin: 2024-07-19 21:03 
[2024-12-13 00:06:34] [INFO   ] Bloqueo: 100301 => 100701, Inicio: 2024-07-01 01:30, Fin: 2024-07-18 19:09 
[2024-12-13 00:06:34] [INFO   ] Bloqueo: 100301 => 021301, Inicio: 2024-07-04 08:37, Fin: 2024-07-18 20:44 
[2024-12-13 00:06:34] [INFO   ] Bloqueo: 100201 => 120401, Inicio: 2024-07-02 18:20, Fin: 2024-07-16 09:46 
[2024-12-13 00:06:34] [INFO   ] Bloqueo: 100201 => 020901, Inicio: 2024-07-02 20:40, Fin: 2024-07-24 09:43 
[2024-12-13 00:06:34] [INFO   ] Bloqueo: 100101 => 120401, Inicio: 2024-07-01 03:27, Fin: 2024-07-16 21:33 
[2024-12-13 00:06:34] [INFO   ] Bloqueo: 100101 => 020301, Inicio: 2024-07-01 10:00, Fin: 2024-07-17 17:54 
[2024-12-13 00:06:34] [INFO   ] Bloqueo: 090501 => 081301, Inicio: 2024-07-07 20:23, Fin: 2024-07-19 18:13 
[2024-12-13 00:06:34] [INFO   ] Bloqueo: 090101 => 100201, Inicio: 2024-07-06 12:36, Fin: 2024-07-15 21:29 
[2024-12-13 00:06:34] [INFO   ] Bloqueo: 081301 => 090501, Inicio: 2024-07-04 09:47, Fin: 2024-07-22 13:21 
[2024-12-13 00:06:34] [INFO   ] Bloqueo: 081001 => 210801, Inicio: 2024-07-04 21:12, Fin: 2024-07-16 23:26 
[2024-12-13 00:06:34] [INFO   ] Bloqueo: 081001 => 050101, Inicio: 2024-07-02 04:11, Fin: 2024-07-22 17:02 
[2024-12-13 00:06:34] [INFO   ] Bloqueo: 070101 => 120701, Inicio: 2024-07-02 17:04, Fin: 2024-07-16 11:09 
[2024-12-13 00:06:34] [INFO   ] Bloqueo: 070101 => 100101, Inicio: 2024-07-04 02:23, Fin: 2024-07-23 10:46 
[2024-12-13 00:06:34] [INFO   ] Bloqueo: 061301 => 220901, Inicio: 2024-07-07 23:59, Fin: 2024-07-19 22:10 
[2024-12-13 00:06:34] [INFO   ] Bloqueo: 061201 => 220101, Inicio: 2024-07-01 22:14, Fin: 2024-07-17 12:36 
[2024-12-13 00:06:34] [INFO   ] Bloqueo: 061201 => 061101, Inicio: 2024-07-03 15:40, Fin: 2024-07-14 06:40 
[2024-12-13 00:06:34] [INFO   ] Bloqueo: 061201 => 020701, Inicio: 2024-07-03 05:11, Fin: 2024-07-18 17:53 
[2024-12-13 00:06:34] [INFO   ] Bloqueo: 061001 => 220901, Inicio: 2024-07-02 15:18, Fin: 2024-07-21 09:24 
[2024-12-13 00:06:34] [INFO   ] Bloqueo: 061001 => 130401, Inicio: 2024-07-04 23:15, Fin: 2024-07-19 12:37 
[2024-12-13 00:06:34] [INFO   ] Bloqueo: 061001 => 010101, Inicio: 2024-07-06 00:19, Fin: 2024-07-14 17:19 
[2024-12-13 00:06:34] [INFO   ] Bloqueo: 060801 => 130501, Inicio: 2024-07-07 05:05, Fin: 2024-07-17 17:03 
[2024-12-13 00:06:34] [INFO   ] Bloqueo: 060801 => 060101, Inicio: 2024-07-03 04:36, Fin: 2024-07-23 00:03 
[2024-12-13 00:06:34] [INFO   ] Bloqueo: 060701 => 060601, Inicio: 2024-07-05 11:55, Fin: 2024-07-14 17:52 
[2024-12-13 00:06:34] [INFO   ] Bloqueo: 060601 => 130901, Inicio: 2024-07-05 05:38, Fin: 2024-07-24 06:32 
[2024-12-13 00:06:34] [INFO   ] Bloqueo: 060601 => 061101, Inicio: 2024-07-01 03:02, Fin: 2024-07-14 01:43 
[2024-12-13 00:06:34] [INFO   ] Bloqueo: 060501 => 061001, Inicio: 2024-07-07 01:24, Fin: 2024-07-24 15:39 
[2024-12-13 00:06:34] [INFO   ] Bloqueo: 060501 => 021301, Inicio: 2024-07-04 15:52, Fin: 2024-07-19 10:20 
[2024-12-13 00:06:34] [INFO   ] Bloqueo: 060401 => 130501, Inicio: 2024-07-07 03:35, Fin: 2024-07-15 19:31 
[2024-12-13 00:06:34] [INFO   ] Bloqueo: 060401 => 022001, Inicio: 2024-07-06 17:36, Fin: 2024-07-19 09:14 
[2024-12-13 00:06:34] [INFO   ] Bloqueo: 060401 => 010101, Inicio: 2024-07-03 15:44, Fin: 2024-07-15 08:41 
[2024-12-13 00:06:34] [INFO   ] Bloqueo: 060301 => 020301, Inicio: 2024-07-04 21:43, Fin: 2024-07-20 11:10 
[2024-12-13 00:06:34] [INFO   ] Bloqueo: 060201 => 220201, Inicio: 2024-07-07 05:08, Fin: 2024-07-21 19:17 
[2024-12-13 00:06:34] [INFO   ] Bloqueo: 060201 => 021601, Inicio: 2024-07-04 13:50, Fin: 2024-07-23 07:50 
[2024-12-13 00:06:34] [INFO   ] Bloqueo: 060101 => 021101, Inicio: 2024-07-06 23:20, Fin: 2024-07-18 14:37 
[2024-12-13 00:06:34] [INFO   ] Bloqueo: 060101 => 010101, Inicio: 2024-07-03 17:35, Fin: 2024-07-16 07:49 
[2024-12-13 00:06:34] [INFO   ] Bloqueo: 051101 => 050901, Inicio: 2024-07-07 23:54, Fin: 2024-07-18 14:39 
[2024-12-13 00:06:34] [INFO   ] Bloqueo: 050401 => 050201, Inicio: 2024-07-01 01:08, Fin: 2024-07-19 09:51 
[2024-12-13 00:06:34] [INFO   ] Bloqueo: 050101 => 080201, Inicio: 2024-07-06 01:20, Fin: 2024-07-24 07:16 
[2024-12-13 00:06:34] [INFO   ] Bloqueo: 040801 => 080201, Inicio: 2024-07-02 01:28, Fin: 2024-07-22 10:06 
[2024-12-13 00:06:34] [INFO   ] Bloqueo: 022001 => 190101, Inicio: 2024-07-01 01:37, Fin: 2024-07-15 17:48 
[2024-12-13 00:06:34] [INFO   ] Bloqueo: 022001 => 060401, Inicio: 2024-07-02 10:38, Fin: 2024-07-20 15:56 
[2024-12-13 00:06:34] [INFO   ] Bloqueo: 022001 => 020801, Inicio: 2024-07-06 18:52, Fin: 2024-07-16 00:21 
[2024-12-13 00:06:34] [INFO   ] Bloqueo: 021901 => 220201, Inicio: 2024-07-03 23:05, Fin: 2024-07-20 09:23 
[2024-12-13 00:06:34] [INFO   ] Bloqueo: 021901 => 101001, Inicio: 2024-07-06 11:04, Fin: 2024-07-19 08:13 
[2024-12-13 00:06:34] [INFO   ] Bloqueo: 021901 => 022001, Inicio: 2024-07-03 02:18, Fin: 2024-07-20 15:10 
[2024-12-13 00:06:34] [INFO   ] Bloqueo: 021901 => 020101, Inicio: 2024-07-05 18:00, Fin: 2024-07-19 21:20 
[2024-12-13 00:06:34] [INFO   ] Bloqueo: 021801 => 100701, Inicio: 2024-07-02 20:25, Fin: 2024-07-21 10:19 
[2024-12-13 00:06:34] [INFO   ] Bloqueo: 021801 => 020201, Inicio: 2024-07-07 02:30, Fin: 2024-07-20 16:40 
[2024-12-13 00:06:34] [INFO   ] Bloqueo: 021701 => 130801, Inicio: 2024-07-07 14:47, Fin: 2024-07-16 16:37 
[2024-12-13 00:06:34] [INFO   ] Bloqueo: 021701 => 100701, Inicio: 2024-07-03 07:49, Fin: 2024-07-17 20:41 
[2024-12-13 00:06:34] [INFO   ] Bloqueo: 021701 => 021801, Inicio: 2024-07-07 10:48, Fin: 2024-07-22 10:54 
[2024-12-13 00:06:34] [INFO   ] Bloqueo: 021701 => 020101, Inicio: 2024-07-01 03:55, Fin: 2024-07-15 06:49 
[2024-12-13 00:06:34] [INFO   ] Bloqueo: 021601 => 150301, Inicio: 2024-07-04 01:45, Fin: 2024-07-13 21:08 
[2024-12-13 00:06:34] [INFO   ] Bloqueo: 021601 => 100401, Inicio: 2024-07-06 01:55, Fin: 2024-07-16 00:10 
[2024-12-13 00:06:34] [INFO   ] Bloqueo: 021601 => 060101, Inicio: 2024-07-01 07:13, Fin: 2024-07-18 23:40 
[2024-12-13 00:06:34] [INFO   ] Bloqueo: 021601 => 020101, Inicio: 2024-07-04 19:38, Fin: 2024-07-13 02:15 
[2024-12-13 00:06:34] [INFO   ] Bloqueo: 021501 => 101101, Inicio: 2024-07-03 18:10, Fin: 2024-07-18 13:39 
[2024-12-13 00:06:34] [INFO   ] Bloqueo: 021501 => 060301, Inicio: 2024-07-01 06:08, Fin: 2024-07-24 17:35 
[2024-12-13 00:06:34] [INFO   ] Bloqueo: 021501 => 020501, Inicio: 2024-07-01 03:32, Fin: 2024-07-18 19:23 
[2024-12-13 00:06:34] [INFO   ] Bloqueo: 021401 => 190101, Inicio: 2024-07-01 13:41, Fin: 2024-07-21 17:15 
[2024-12-13 00:06:34] [INFO   ] Bloqueo: 021401 => 120101, Inicio: 2024-07-05 15:42, Fin: 2024-07-19 09:50 
[2024-12-13 00:06:34] [INFO   ] Bloqueo: 021401 => 021601, Inicio: 2024-07-05 01:27, Fin: 2024-07-17 07:30 
[2024-12-13 00:06:34] [INFO   ] Bloqueo: 021301 => 101101, Inicio: 2024-07-03 08:45, Fin: 2024-07-15 05:36 
[2024-12-13 00:06:34] [INFO   ] Bloqueo: 021301 => 020401, Inicio: 2024-07-06 14:18, Fin: 2024-07-18 14:16 
[2024-12-13 00:06:34] [INFO   ] Bloqueo: 021201 => 120501, Inicio: 2024-07-06 00:54, Fin: 2024-07-23 10:03 
[2024-12-13 00:06:34] [INFO   ] Bloqueo: 021201 => 060601, Inicio: 2024-07-07 00:21, Fin: 2024-07-21 14:50 
[2024-12-13 00:06:34] [INFO   ] Bloqueo: 021201 => 010101, Inicio: 2024-07-02 20:18, Fin: 2024-07-18 23:09 
[2024-12-13 00:06:34] [INFO   ] Bloqueo: 021101 => 020801, Inicio: 2024-07-04 17:49, Fin: 2024-07-18 03:05 
[2024-12-13 00:06:34] [INFO   ] Bloqueo: 021001 => 150701, Inicio: 2024-07-07 08:55, Fin: 2024-07-18 17:19 
[2024-12-13 00:06:34] [INFO   ] Bloqueo: 021001 => 100901, Inicio: 2024-07-05 20:58, Fin: 2024-07-18 03:58 
[2024-12-13 00:06:34] [INFO   ] Bloqueo: 021001 => 060501, Inicio: 2024-07-05 13:32, Fin: 2024-07-13 06:19 
[2024-12-13 00:06:34] [INFO   ] Bloqueo: 020901 => 100701, Inicio: 2024-07-07 11:17, Fin: 2024-07-23 14:55 
[2024-12-13 00:06:34] [INFO   ] Bloqueo: 020901 => 060301, Inicio: 2024-07-05 20:38, Fin: 2024-07-13 23:28 
[2024-12-13 00:06:34] [INFO   ] Bloqueo: 020901 => 020301, Inicio: 2024-07-02 00:20, Fin: 2024-07-18 02:47 
[2024-12-13 00:06:34] [INFO   ] Bloqueo: 020801 => 131201, Inicio: 2024-07-06 09:11, Fin: 2024-07-22 11:28 
[2024-12-13 00:06:34] [INFO   ] Bloqueo: 020801 => 021901, Inicio: 2024-07-06 13:36, Fin: 2024-07-15 11:21 
[2024-12-13 00:06:34] [INFO   ] Bloqueo: 020701 => 130801, Inicio: 2024-07-02 11:22, Fin: 2024-07-17 03:54 
[2024-12-13 00:06:34] [INFO   ] Bloqueo: 020701 => 100801, Inicio: 2024-07-04 03:23, Fin: 2024-07-21 09:38 
[2024-12-13 00:06:34] [INFO   ] Bloqueo: 020701 => 022001, Inicio: 2024-07-05 09:12, Fin: 2024-07-21 17:08 
[2024-12-13 00:06:34] [INFO   ] Bloqueo: 020701 => 020301, Inicio: 2024-07-04 08:45, Fin: 2024-07-21 20:11 
[2024-12-13 00:06:34] [INFO   ] Bloqueo: 020601 => 101101, Inicio: 2024-07-04 23:05, Fin: 2024-07-22 22:48 
[2024-12-13 00:06:34] [INFO   ] Bloqueo: 020601 => 020501, Inicio: 2024-07-01 06:36, Fin: 2024-07-14 01:47 
[2024-12-13 00:06:34] [INFO   ] Bloqueo: 020501 => 130601, Inicio: 2024-07-05 03:39, Fin: 2024-07-17 12:03 
[2024-12-13 00:06:34] [INFO   ] Bloqueo: 020401 => 221001, Inicio: 2024-07-06 17:23, Fin: 2024-07-24 00:01 
[2024-12-13 00:06:34] [INFO   ] Bloqueo: 020401 => 131201, Inicio: 2024-07-06 10:07, Fin: 2024-07-21 01:02 
[2024-12-13 00:06:34] [INFO   ] Bloqueo: 020401 => 100601, Inicio: 2024-07-03 21:46, Fin: 2024-07-14 01:13 
[2024-12-13 00:06:34] [INFO   ] Bloqueo: 020301 => 100601, Inicio: 2024-07-05 05:39, Fin: 2024-07-18 21:59 
[2024-12-13 00:06:34] [INFO   ] Bloqueo: 020201 => 101101, Inicio: 2024-07-05 02:13, Fin: 2024-07-15 13:51 
[2024-12-13 00:06:34] [INFO   ] Bloqueo: 020101 => 131101, Inicio: 2024-07-03 04:35, Fin: 2024-07-13 18:51 
[2024-12-13 00:06:34] [INFO   ] Bloqueo: 020101 => 100901, Inicio: 2024-07-05 07:30, Fin: 2024-07-20 11:42 
[2024-12-13 00:06:34] [INFO   ] Bloqueo: 020101 => 060201, Inicio: 2024-07-01 06:20, Fin: 2024-07-13 23:19 
[2024-12-13 00:06:34] [INFO   ] Bloqueo: 010701 => 131101, Inicio: 2024-07-02 12:12, Fin: 2024-07-23 01:44 
[2024-12-13 00:06:34] [INFO   ] Bloqueo: 010701 => 060701, Inicio: 2024-07-03 11:04, Fin: 2024-07-24 21:30 
[2024-12-13 00:06:34] [INFO   ] Bloqueo: 010601 => 130401, Inicio: 2024-07-06 03:35, Fin: 2024-07-14 01:58 
[2024-12-13 00:06:34] [INFO   ] Bloqueo: 010601 => 060401, Inicio: 2024-07-06 14:08, Fin: 2024-07-16 05:59 
[2024-12-13 00:06:34] [INFO   ] Bloqueo: 010501 => 220801, Inicio: 2024-07-06 06:03, Fin: 2024-07-13 16:11 
[2024-12-13 00:06:34] [INFO   ] Bloqueo: 010501 => 130301, Inicio: 2024-07-01 22:49, Fin: 2024-07-15 00:37 
[2024-12-13 00:06:34] [INFO   ] Bloqueo: 010501 => 060101, Inicio: 2024-07-02 23:44, Fin: 2024-07-17 00:11 
[2024-12-13 00:06:34] [INFO   ] Bloqueo: 010301 => 220701, Inicio: 2024-07-02 22:49, Fin: 2024-07-16 03:42 
[2024-12-13 00:06:34] [INFO   ] Bloqueo: 010301 => 061301, Inicio: 2024-07-07 23:33, Fin: 2024-07-13 12:58 
[2024-12-13 00:06:34] [INFO   ] Bloqueo: 010201 => 130701, Inicio: 2024-07-06 01:25, Fin: 2024-07-13 01:04 
[2024-12-13 00:06:34] [INFO   ] Bloqueo: 010201 => 060401, Inicio: 2024-07-07 14:39, Fin: 2024-07-21 18:56 
[2024-12-13 00:06:34] [INFO   ] Bloqueo: 010101 => 220201, Inicio: 2024-07-05 04:02, Fin: 2024-07-20 23:21 
[2024-12-13 00:06:34] [INFO   ] Bloqueo: 010101 => 021201, Inicio: 2024-07-04 04:42, Fin: 2024-07-21 20:09 
[2024-12-13 00:06:34] [INFO   ] Iniciando carga del plan de mantenimiento desde: src/main/resources/maintenance.txt 
[2024-12-13 00:06:34] [INFO   ] Mantenimiento cargado - Vehículo: C017, Inicio: 2024-04-01 00:00, Fin: 2024-04-03 23:59 
[2024-12-13 00:06:34] [INFO   ] Mantenimiento cargado - Vehículo: C001, Inicio: 2024-04-03 00:00, Fin: 2024-04-05 23:59 
[2024-12-13 00:06:34] [INFO   ] Mantenimiento cargado - Vehículo: B011, Inicio: 2024-04-05 00:00, Fin: 2024-04-07 23:59 
[2024-12-13 00:06:34] [INFO   ] Mantenimiento cargado - Vehículo: C018, Inicio: 2024-04-07 00:00, Fin: 2024-04-09 23:59 
[2024-12-13 00:06:34] [INFO   ] Mantenimiento cargado - Vehículo: B001, Inicio: 2024-04-09 00:00, Fin: 2024-04-11 23:59 
[2024-12-13 00:06:34] [INFO   ] Mantenimiento cargado - Vehículo: C002, Inicio: 2024-04-11 00:00, Fin: 2024-04-13 23:59 
[2024-12-13 00:06:34] [INFO   ] Mantenimiento cargado - Vehículo: C019, Inicio: 2024-04-13 00:00, Fin: 2024-04-15 23:59 
[2024-12-13 00:06:34] [INFO   ] Mantenimiento cargado - Vehículo: B012, Inicio: 2024-04-15 00:00, Fin: 2024-04-17 23:59 
[2024-12-13 00:06:34] [INFO   ] Mantenimiento cargado - Vehículo: A001, Inicio: 2024-04-17 00:00, Fin: 2024-04-19 23:59 
[2024-12-13 00:06:34] [INFO   ] Mantenimiento cargado - Vehículo: C020, Inicio: 2024-04-19 00:00, Fin: 2024-04-21 23:59 
[2024-12-13 00:06:34] [INFO   ] Mantenimiento cargado - Vehículo: C003, Inicio: 2024-04-21 00:00, Fin: 2024-04-23 23:59 
[2024-12-13 00:06:34] [INFO   ] Mantenimiento cargado - Vehículo: B013, Inicio: 2024-04-23 00:00, Fin: 2024-04-25 23:59 
[2024-12-13 00:06:34] [INFO   ] Mantenimiento cargado - Vehículo: C021, Inicio: 2024-04-25 00:00, Fin: 2024-04-27 23:59 
[2024-12-13 00:06:34] [INFO   ] Mantenimiento cargado - Vehículo: B002, Inicio: 2024-04-27 00:00, Fin: 2024-04-29 23:59 
[2024-12-13 00:06:34] [INFO   ] Mantenimiento cargado - Vehículo: C004, Inicio: 2024-04-29 00:00, Fin: 2024-05-01 23:59 
[2024-12-13 00:06:34] [INFO   ] Mantenimiento cargado - Vehículo: C022, Inicio: 2024-05-01 00:00, Fin: 2024-05-03 23:59 
[2024-12-13 00:06:34] [INFO   ] Mantenimiento cargado - Vehículo: B014, Inicio: 2024-05-03 00:00, Fin: 2024-05-05 23:59 
[2024-12-13 00:06:34] [INFO   ] Mantenimiento cargado - Vehículo: A005, Inicio: 2024-05-05 00:00, Fin: 2024-05-07 23:59 
[2024-12-13 00:06:34] [INFO   ] Mantenimiento cargado - Vehículo: C023, Inicio: 2024-05-07 00:00, Fin: 2024-05-09 23:59 
[2024-12-13 00:06:34] [INFO   ] Mantenimiento cargado - Vehículo: C005, Inicio: 2024-05-09 00:00, Fin: 2024-05-11 23:59 
[2024-12-13 00:06:34] [INFO   ] Mantenimiento cargado - Vehículo: B015, Inicio: 2024-05-11 00:00, Fin: 2024-05-13 23:59 
[2024-12-13 00:06:34] [INFO   ] Mantenimiento cargado - Vehículo: C024, Inicio: 2024-05-13 00:00, Fin: 2024-05-15 23:59 
[2024-12-13 00:06:34] [INFO   ] Mantenimiento cargado - Vehículo: B003, Inicio: 2024-05-15 00:00, Fin: 2024-05-17 23:59 
[2024-12-13 00:06:34] [INFO   ] Mantenimiento cargado - Vehículo: A002, Inicio: 2024-05-17 00:00, Fin: 2024-05-19 23:59 
[2024-12-13 00:06:34] [INFO   ] Mantenimiento cargado - Vehículo: C011, Inicio: 2024-05-19 00:00, Fin: 2024-05-21 23:59 
[2024-12-13 00:06:34] [INFO   ] Mantenimiento cargado - Vehículo: C006, Inicio: 2024-05-21 00:00, Fin: 2024-05-23 23:59 
[2024-12-13 00:06:34] [INFO   ] Mantenimiento cargado - Vehículo: B008, Inicio: 2024-05-23 00:00, Fin: 2024-05-25 23:59 
[2024-12-13 00:06:34] [INFO   ] Mantenimiento cargado - Vehículo: C012, Inicio: 2024-05-25 00:00, Fin: 2024-05-27 23:59 
[2024-12-13 00:06:34] [INFO   ] Mantenimiento cargado - Vehículo: B004, Inicio: 2024-05-27 00:00, Fin: 2024-05-29 23:59 
[2024-12-13 00:06:34] [INFO   ] Mantenimiento cargado - Vehículo: C007, Inicio: 2024-05-29 00:00, Fin: 2024-05-31 23:59 
[2024-12-13 00:06:34] [INFO   ] Mantenimiento cargado - Vehículo: C013, Inicio: 2024-05-31 00:00, Fin: 2024-06-02 23:59 
[2024-12-13 00:06:34] [INFO   ] Mantenimiento cargado - Vehículo: A003, Inicio: 2024-06-02 00:00, Fin: 2024-06-04 23:59 
[2024-12-13 00:06:34] [INFO   ] Mantenimiento cargado - Vehículo: B005, Inicio: 2024-06-04 00:00, Fin: 2024-06-06 23:59 
[2024-12-13 00:06:34] [INFO   ] Mantenimiento cargado - Vehículo: C014, Inicio: 2024-06-06 00:00, Fin: 2024-06-08 23:59 
[2024-12-13 00:06:34] [INFO   ] Mantenimiento cargado - Vehículo: C008, Inicio: 2024-06-08 00:00, Fin: 2024-06-10 23:59 
[2024-12-13 00:06:34] [INFO   ] Mantenimiento cargado - Vehículo: B009, Inicio: 2024-06-10 00:00, Fin: 2024-06-12 23:59 
[2024-12-13 00:06:34] [INFO   ] Mantenimiento cargado - Vehículo: C015, Inicio: 2024-06-12 00:00, Fin: 2024-06-14 23:59 
[2024-12-13 00:06:34] [INFO   ] Mantenimiento cargado - Vehículo: A006, Inicio: 2024-06-14 00:00, Fin: 2024-06-16 23:59 
[2024-12-13 00:06:34] [INFO   ] Mantenimiento cargado - Vehículo: B006, Inicio: 2024-06-16 00:00, Fin: 2024-06-18 23:59 
[2024-12-13 00:06:34] [INFO   ] Mantenimiento cargado - Vehículo: C016, Inicio: 2024-06-18 00:00, Fin: 2024-06-20 23:59 
[2024-12-13 00:06:34] [INFO   ] Mantenimiento cargado - Vehículo: C009, Inicio: 2024-06-20 00:00, Fin: 2024-06-22 23:59 
[2024-12-13 00:06:34] [INFO   ] Mantenimiento cargado - Vehículo: A004, Inicio: 2024-06-22 00:00, Fin: 2024-06-24 23:59 
[2024-12-13 00:06:34] [INFO   ] Mantenimiento cargado - Vehículo: B010, Inicio: 2024-06-24 00:00, Fin: 2024-06-26 23:59 
[2024-12-13 00:06:34] [INFO   ] Mantenimiento cargado - Vehículo: C010, Inicio: 2024-06-26 00:00, Fin: 2024-06-28 23:59 
[2024-12-13 00:06:34] [INFO   ] Mantenimiento cargado - Vehículo: B007, Inicio: 2024-06-28 00:00, Fin: 2024-06-30 23:59 
[2024-12-13 00:06:34] [INFO   ] Carga del plan de mantenimiento completada. Total de mantenimientos: 45 
[2024-12-13 00:06:34] [INFO   ] Comenzando carga de órdenes desde 1 archivos 
[2024-12-13 00:06:34] [INFO   ] Cargadas 120 órdenes del archivo c.1inf54.ventas202407.txt 
[2024-12-13 00:06:34] [INFO   ] Carga de órdenes completada. Total de órdenes cargadas: 120 
[2024-12-13 00:06:34] [INFO   ] Cantidad total de nodos (locations): 195 
[2024-12-13 00:06:34] [INFO   ] Número de núcleos detectados: 16 
[2024-12-13 00:06:34] [INFO   ] Máximo de tareas concurrentes ajustado a: 32 
[2024-12-13 00:06:34] [INFO   ] Simulación inicializada - Start Time: 2024-07-01T00:00, Last Update: 1734066394414 
[2024-12-13 00:06:34] [INFO   ] Verificando cambios en bloqueos para tiempo: 2024-07-01T00:00 
[2024-12-13 00:06:34] [INFO   ] No hay cambios en los bloqueos, matriz de tiempos se mantiene sin cambios 
[2024-12-13 00:06:34] [INFO   ] Nueva conexión WebSocket establecida: /0:0:0:0:0:0:0:1 
[2024-12-13 00:06:34] [INFO   ] Iniciando planificación: 2024-07-01T00:00 
[2024-12-13 00:06:34] [INFO   ] Mensaje JSON para WebSocket: {"phase":"collecting","availableOrders":0,"message":"Procesando 0 órdenes","timestamp":"2024-12-13T00:06:34.458636856"} 
[2024-12-13 00:06:34] [INFO   ] Órdenes disponibles: 0 
[2024-12-13 00:06:34] [INFO   ] No hay órdenes disponibles para planificar en: 2024-07-01T00:00 
[2024-12-13 00:06:34] [INFO   ] Tiempo actualizado - Current Time: 2024-07-01T00:05 
[2024-12-13 00:06:34] [INFO   ] Resumen de simulación - Tiempo simulado: 01/07/2024 12:05:00 AM, Duración simulada: 5 minutos, Tiempo real: 01/07/2024 12:00:00 AM, Duración real: 0 segundos 
[2024-12-13 00:06:34] [INFO   ] Nueva conexión WebSocket establecida: /0:0:0:0:0:0:0:1 
[2024-12-13 00:06:34] [INFO   ] Mensaje JSON para WebSocket: {"startTime":"01/07/2024 12:00:00 AM","endTime":"08/07/2024 12:00:00 AM","simulatedTime":"01/07/2024 12:05:00 AM","simulatedDuration":"5 minutos","realElapsedTime":"01/07/2024 12:00:00 AM","realDuration":"0 segundos","isPaused":false,"isStopped":false} 
[2024-12-13 00:06:34] [INFO   ] Verificando cambios en bloqueos para tiempo: 2024-07-01T00:05 
[2024-12-13 00:06:34] [INFO   ] No hay cambios en los bloqueos, matriz de tiempos se mantiene sin cambios 
[2024-12-13 00:06:34] [INFO   ] Nueva conexión WebSocket establecida: /0:0:0:0:0:0:0:1 
[2024-12-13 00:06:34] [INFO   ] Nueva conexión WebSocket establecida: /0:0:0:0:0:0:0:1 
[2024-12-13 00:06:34] [INFO   ] Nueva conexión WebSocket establecida: /0:0:0:0:0:0:0:1 
[2024-12-13 00:06:35] [INFO   ] Tiempo actualizado - Current Time: 2024-07-01T00:10 
[2024-12-13 00:06:35] [INFO   ] Resumen de simulación - Tiempo simulado: 01/07/2024 12:10:00 AM, Duración simulada: 10 minutos, Tiempo real: 01/07/2024 12:00:01 AM, Duración real: 1 segundo 
[2024-12-13 00:06:35] [INFO   ] Mensaje JSON para WebSocket: {"startTime":"01/07/2024 12:00:00 AM","endTime":"08/07/2024 12:00:00 AM","simulatedTime":"01/07/2024 12:10:00 AM","simulatedDuration":"10 minutos","realElapsedTime":"01/07/2024 12:00:01 AM","realDuration":"1 segundo","isPaused":false,"isStopped":false} 
[2024-12-13 00:06:35] [INFO   ] Verificando cambios en bloqueos para tiempo: 2024-07-01T00:10 
[2024-12-13 00:06:35] [INFO   ] No hay cambios en los bloqueos, matriz de tiempos se mantiene sin cambios 
[2024-12-13 00:06:36] [INFO   ] Tiempo actualizado - Current Time: 2024-07-01T00:15 
[2024-12-13 00:06:36] [INFO   ] Resumen de simulación - Tiempo simulado: 01/07/2024 12:15:00 AM, Duración simulada: 15 minutos, Tiempo real: 01/07/2024 12:00:02 AM, Duración real: 2 segundos 
[2024-12-13 00:06:36] [INFO   ] Mensaje JSON para WebSocket: {"startTime":"01/07/2024 12:00:00 AM","endTime":"08/07/2024 12:00:00 AM","simulatedTime":"01/07/2024 12:15:00 AM","simulatedDuration":"15 minutos","realElapsedTime":"01/07/2024 12:00:02 AM","realDuration":"2 segundos","isPaused":false,"isStopped":false} 
[2024-12-13 00:06:36] [INFO   ] Verificando cambios en bloqueos para tiempo: 2024-07-01T00:15 
[2024-12-13 00:06:36] [INFO   ] No hay cambios en los bloqueos, matriz de tiempos se mantiene sin cambios 
[2024-12-13 00:06:37] [INFO   ] Tiempo actualizado - Current Time: 2024-07-01T00:20 
[2024-12-13 00:06:37] [INFO   ] Resumen de simulación - Tiempo simulado: 01/07/2024 12:20:00 AM, Duración simulada: 20 minutos, Tiempo real: 01/07/2024 12:00:03 AM, Duración real: 3 segundos 
[2024-12-13 00:06:37] [INFO   ] Mensaje JSON para WebSocket: {"startTime":"01/07/2024 12:00:00 AM","endTime":"08/07/2024 12:00:00 AM","simulatedTime":"01/07/2024 12:20:00 AM","simulatedDuration":"20 minutos","realElapsedTime":"01/07/2024 12:00:03 AM","realDuration":"3 segundos","isPaused":false,"isStopped":false} 
[2024-12-13 00:06:37] [INFO   ] Verificando cambios en bloqueos para tiempo: 2024-07-01T00:20 
[2024-12-13 00:06:37] [INFO   ] No hay cambios en los bloqueos, matriz de tiempos se mantiene sin cambios 
[2024-12-13 00:06:37] [INFO   ] Tiempo actualizado - Current Time: 2024-07-01T00:25 
[2024-12-13 00:06:37] [INFO   ] Resumen de simulación - Tiempo simulado: 01/07/2024 12:25:00 AM, Duración simulada: 25 minutos, Tiempo real: 01/07/2024 12:00:03 AM, Duración real: 3 segundos 
[2024-12-13 00:06:37] [INFO   ] Mensaje JSON para WebSocket: {"startTime":"01/07/2024 12:00:00 AM","endTime":"08/07/2024 12:00:00 AM","simulatedTime":"01/07/2024 12:25:00 AM","simulatedDuration":"25 minutos","realElapsedTime":"01/07/2024 12:00:03 AM","realDuration":"3 segundos","isPaused":false,"isStopped":false} 
[2024-12-13 00:06:37] [INFO   ] Verificando cambios en bloqueos para tiempo: 2024-07-01T00:25 
[2024-12-13 00:06:37] [INFO   ] Nuevo bloqueo activado: Origen: 100701, Destino: 100101, Inicio: 2024-07-01T00:22, Fin: 2024-07-23T05:52 
[2024-12-13 00:06:37] [INFO   ] Resumen de actualización de bloqueos: 
[2024-12-13 00:06:37] [INFO   ] - Bloqueos expirados: 0 
[2024-12-13 00:06:37] [INFO   ] - Nuevos bloqueos activados: 1 
[2024-12-13 00:06:37] [INFO   ] - Total de bloqueos activos: 1 
[2024-12-13 00:06:37] [INFO   ] Actualizando matriz de tiempo basada en bloqueos activos 
[2024-12-13 00:06:37] [INFO   ] Ruta bloqueada: 100701 -> 100101 
[2024-12-13 00:06:37] [INFO   ] Matriz de tiempo actualizada con 1 bloqueos aplicados 
[2024-12-13 00:06:38] [INFO   ] Conexión WebSocket cerrada: /0:0:0:0:0:0:0:1 
[2024-12-13 00:06:38] [INFO   ] Conexión WebSocket cerrada: /0:0:0:0:0:0:0:1 
[2024-12-13 00:06:38] [INFO   ] Nueva conexión WebSocket establecida: /0:0:0:0:0:0:0:1 
[2024-12-13 00:06:38] [INFO   ] Conexión WebSocket cerrada: /0:0:0:0:0:0:0:1 
[2024-12-13 00:06:38] [INFO   ] Nueva conexión WebSocket establecida: /0:0:0:0:0:0:0:1 
[2024-12-13 00:06:38] [INFO   ] Conexión WebSocket cerrada: /0:0:0:0:0:0:0:1 
[2024-12-13 00:06:38] [INFO   ] Nueva conexión WebSocket establecida: /0:0:0:0:0:0:0:1 
[2024-12-13 00:06:38] [INFO   ] Conexión WebSocket cerrada: /0:0:0:0:0:0:0:1 
[2024-12-13 00:06:38] [INFO   ] Nueva conexión WebSocket establecida: /0:0:0:0:0:0:0:1 
[2024-12-13 00:06:38] [INFO   ] Nueva conexión WebSocket establecida: /0:0:0:0:0:0:0:1 
[2024-12-13 00:06:38] [INFO   ] Nueva conexión WebSocket establecida: /0:0:0:0:0:0:0:1 
[2024-12-13 00:06:38] [INFO   ] Tiempo actualizado - Current Time: 2024-07-01T00:30 
[2024-12-13 00:06:38] [INFO   ] Resumen de simulación - Tiempo simulado: 01/07/2024 12:30:00 AM, Duración simulada: 30 minutos, Tiempo real: 01/07/2024 12:00:04 AM, Duración real: 4 segundos 
[2024-12-13 00:06:38] [INFO   ] Mensaje JSON para WebSocket: {"startTime":"01/07/2024 12:00:00 AM","endTime":"08/07/2024 12:00:00 AM","simulatedTime":"01/07/2024 12:30:00 AM","simulatedDuration":"30 minutos","realElapsedTime":"01/07/2024 12:00:04 AM","realDuration":"4 segundos","isPaused":false,"isStopped":false} 
[2024-12-13 00:06:38] [INFO   ] Verificando cambios en bloqueos para tiempo: 2024-07-01T00:30 
[2024-12-13 00:06:38] [INFO   ] Iniciando planificación: 2024-07-01T00:30 
[2024-12-13 00:06:38] [INFO   ] No hay cambios en los bloqueos, matriz de tiempos se mantiene sin cambios 
[2024-12-13 00:06:38] [INFO   ] Mensaje JSON para WebSocket: {"phase":"collecting","availableOrders":0,"message":"Procesando 0 órdenes","timestamp":"2024-12-13T00:06:38.886431012"} 
[2024-12-13 00:06:38] [INFO   ] Órdenes disponibles: 0 
[2024-12-13 00:06:38] [INFO   ] No hay órdenes disponibles para planificar en: 2024-07-01T00:30 
[2024-12-13 00:06:39] [INFO   ] Simulación detenida en tiempo de simulación: 2024-07-01T00:30 
[2024-12-13 00:06:39] [INFO   ] Estado de shutdown - Main: true, Scheduled: true, WebSocket: true, Compute: true 
[2024-12-13 00:06:39] [INFO   ] Conexión WebSocket cerrada: /0:0:0:0:0:0:0:1 
[2024-12-13 00:06:39] [INFO   ] Conexión WebSocket cerrada: /0:0:0:0:0:0:0:1 
[2024-12-13 00:06:39] [INFO   ] Conexión WebSocket cerrada: /0:0:0:0:0:0:0:1 
[2024-12-13 00:06:39] [INFO   ] Conexión WebSocket cerrada: /0:0:0:0:0:0:0:1 
[2024-12-13 00:06:39] [INFO   ] Conexión WebSocket cerrada: /0:0:0:0:0:0:0:1 
[2024-12-13 00:06:39] [INFO   ] Estado de shutdown - Main: false, Scheduled: false, WebSocket: false, Compute: false 
