[2024-12-13 12:01:18] [INFO   ] Sistema de logs iniciado. Archivo de logs: logs/simulation_20241213_120118.log 
[2024-12-13 12:01:20] [INFO   ] Ubicaciones cargadas: 195 
[2024-12-13 12:01:20] [INFO   ] Servidor de simulación iniciado en el puerto 4567 
[2024-12-13 12:01:46] [INFO   ] Nueva conexión WebSocket establecida: /0:0:0:0:0:0:0:1 
[2024-12-13 12:01:46] [INFO   ] Nueva conexión WebSocket establecida: /0:0:0:0:0:0:0:1 
[2024-12-13 12:01:46] [INFO   ] Nueva conexión WebSocket establecida: /0:0:0:0:0:0:0:1 
[2024-12-13 12:01:47] [INFO   ] Nueva conexión WebSocket establecida: /0:0:0:0:0:0:0:1 
[2024-12-13 12:01:47] [SEVERE ] Error en la conexión WebSocket: null 
[2024-12-13 12:01:47] [INFO   ] Conexión WebSocket cerrada: /0:0:0:0:0:0:0:1 
[2024-12-13 12:01:50] [INFO   ] Nueva conexión WebSocket establecida: /0:0:0:0:0:0:0:1 
[2024-12-13 12:01:50] [INFO   ] Conexión WebSocket cerrada: /0:0:0:0:0:0:0:1 
[2024-12-13 12:01:55] [INFO   ] Conexión WebSocket cerrada: /0:0:0:0:0:0:0:1 
[2024-12-13 12:01:55] [INFO   ] Nueva conexión WebSocket establecida: /0:0:0:0:0:0:0:1 
[2024-12-13 12:02:03] [INFO   ] Conexión WebSocket cerrada: /0:0:0:0:0:0:0:1 
[2024-12-13 12:02:03] [INFO   ] Nueva conexión WebSocket establecida: /0:0:0:0:0:0:0:1 
[2024-12-13 12:02:09] [INFO   ] Conexión WebSocket cerrada: /0:0:0:0:0:0:0:1 
[2024-12-13 12:02:09] [INFO   ] Nueva conexión WebSocket establecida: /0:0:0:0:0:0:0:1 
[2024-12-13 12:02:16] [INFO   ] Conexión WebSocket cerrada: /0:0:0:0:0:0:0:1 
[2024-12-13 12:02:16] [INFO   ] Nueva conexión WebSocket establecida: /0:0:0:0:0:0:0:1 
[2024-12-13 12:02:19] [INFO   ] Conexión WebSocket cerrada: /0:0:0:0:0:0:0:1 
[2024-12-13 12:02:19] [INFO   ] Conexión WebSocket cerrada: /0:0:0:0:0:0:0:1 
[2024-12-13 12:02:19] [INFO   ] Conexión WebSocket cerrada: /0:0:0:0:0:0:0:1 
[2024-12-13 12:02:19] [INFO   ] Nueva conexión WebSocket establecida: /0:0:0:0:0:0:0:1 
[2024-12-13 12:02:19] [INFO   ] Nueva conexión WebSocket establecida: /0:0:0:0:0:0:0:1 
[2024-12-13 12:02:19] [INFO   ] Nueva conexión WebSocket establecida: /0:0:0:0:0:0:0:1 
[2024-12-13 12:02:25] [INFO   ] Conexión WebSocket cerrada: /0:0:0:0:0:0:0:1 
[2024-12-13 12:02:25] [INFO   ] Nueva conexión WebSocket establecida: /0:0:0:0:0:0:0:1 
[2024-12-13 12:02:25] [INFO   ] Conexión WebSocket cerrada: /0:0:0:0:0:0:0:1 
[2024-12-13 12:02:25] [INFO   ] Conexión WebSocket cerrada: /0:0:0:0:0:0:0:1 
[2024-12-13 12:02:25] [INFO   ] Conexión WebSocket cerrada: /0:0:0:0:0:0:0:1 
[2024-12-13 12:02:25] [INFO   ] Nueva conexión WebSocket establecida: /0:0:0:0:0:0:0:1 
[2024-12-13 12:02:25] [INFO   ] Nueva conexión WebSocket establecida: /0:0:0:0:0:0:0:1 
[2024-12-13 12:02:25] [INFO   ] Nueva conexión WebSocket establecida: /0:0:0:0:0:0:0:1 
[2024-12-13 12:02:26] [INFO   ] Conexión WebSocket cerrada: /0:0:0:0:0:0:0:1 
[2024-12-13 12:02:26] [INFO   ] Conexión WebSocket cerrada: /0:0:0:0:0:0:0:1 
[2024-12-13 12:02:26] [INFO   ] Conexión WebSocket cerrada: /0:0:0:0:0:0:0:1 
[2024-12-13 12:02:27] [INFO   ] Nueva conexión WebSocket establecida: /0:0:0:0:0:0:0:1 
[2024-12-13 12:02:27] [INFO   ] Nueva conexión WebSocket establecida: /0:0:0:0:0:0:0:1 
[2024-12-13 12:02:27] [INFO   ] Conexión WebSocket cerrada: /0:0:0:0:0:0:0:1 
[2024-12-13 12:02:27] [INFO   ] Conexión WebSocket cerrada: /0:0:0:0:0:0:0:1 
[2024-12-13 12:02:27] [INFO   ] Nueva conexión WebSocket establecida: /0:0:0:0:0:0:0:1 
[2024-12-13 12:02:27] [INFO   ] Nueva conexión WebSocket establecida: /0:0:0:0:0:0:0:1 
[2024-12-13 12:02:27] [INFO   ] Nueva conexión WebSocket establecida: /0:0:0:0:0:0:0:1 
[2024-12-13 12:02:33] [INFO   ] Conexión WebSocket cerrada: /0:0:0:0:0:0:0:1 
[2024-12-13 12:02:33] [INFO   ] Nueva conexión WebSocket establecida: /0:0:0:0:0:0:0:1 
[2024-12-13 12:02:39] [INFO   ] Conexión WebSocket cerrada: /0:0:0:0:0:0:0:1 
[2024-12-13 12:02:39] [INFO   ] Nueva conexión WebSocket establecida: /0:0:0:0:0:0:0:1 
[2024-12-13 12:02:45] [INFO   ] Conexión WebSocket cerrada: /0:0:0:0:0:0:0:1 
[2024-12-13 12:02:45] [INFO   ] Nueva conexión WebSocket establecida: /0:0:0:0:0:0:0:1 
[2024-12-13 12:02:49] [INFO   ] Conexión WebSocket cerrada: /0:0:0:0:0:0:0:1 
[2024-12-13 12:02:49] [INFO   ] Conexión WebSocket cerrada: /0:0:0:0:0:0:0:1 
[2024-12-13 12:02:49] [INFO   ] Conexión WebSocket cerrada: /0:0:0:0:0:0:0:1 
[2024-12-13 12:02:49] [INFO   ] Nueva conexión WebSocket establecida: /0:0:0:0:0:0:0:1 
[2024-12-13 12:02:49] [INFO   ] Nueva conexión WebSocket establecida: /0:0:0:0:0:0:0:1 
[2024-12-13 12:02:49] [INFO   ] Nueva conexión WebSocket establecida: /0:0:0:0:0:0:0:1 
[2024-12-13 12:02:51] [INFO   ] Conexión WebSocket cerrada: /0:0:0:0:0:0:0:1 
[2024-12-13 12:02:51] [INFO   ] Conexión WebSocket cerrada: /0:0:0:0:0:0:0:1 
[2024-12-13 12:02:51] [INFO   ] Conexión WebSocket cerrada: /0:0:0:0:0:0:0:1 
[2024-12-13 12:02:51] [INFO   ] Nueva conexión WebSocket establecida: /0:0:0:0:0:0:0:1 
[2024-12-13 12:02:51] [INFO   ] Nueva conexión WebSocket establecida: /0:0:0:0:0:0:0:1 
[2024-12-13 12:02:51] [INFO   ] Nueva conexión WebSocket establecida: /0:0:0:0:0:0:0:1 
[2024-12-13 12:02:51] [INFO   ] Conexión WebSocket cerrada: /0:0:0:0:0:0:0:1 
[2024-12-13 12:02:51] [INFO   ] Conexión WebSocket cerrada: /0:0:0:0:0:0:0:1 
[2024-12-13 12:02:51] [INFO   ] Conexión WebSocket cerrada: /0:0:0:0:0:0:0:1 
[2024-12-13 12:02:51] [INFO   ] Nueva conexión WebSocket establecida: /0:0:0:0:0:0:0:1 
[2024-12-13 12:02:51] [INFO   ] Nueva conexión WebSocket establecida: /0:0:0:0:0:0:0:1 
[2024-12-13 12:02:51] [INFO   ] Nueva conexión WebSocket establecida: /0:0:0:0:0:0:0:1 
[2024-12-13 12:02:56] [INFO   ] Conexión WebSocket cerrada: /0:0:0:0:0:0:0:1 
[2024-12-13 12:02:56] [INFO   ] Nueva conexión WebSocket establecida: /0:0:0:0:0:0:0:1 
[2024-12-13 12:03:02] [INFO   ] Conexión WebSocket cerrada: /0:0:0:0:0:0:0:1 
[2024-12-13 12:03:02] [INFO   ] Nueva conexión WebSocket establecida: /0:0:0:0:0:0:0:1 
[2024-12-13 12:03:08] [INFO   ] Conexión WebSocket cerrada: /0:0:0:0:0:0:0:1 
[2024-12-13 12:03:08] [INFO   ] Nueva conexión WebSocket establecida: /0:0:0:0:0:0:0:1 
[2024-12-13 12:03:14] [INFO   ] Conexión WebSocket cerrada: /0:0:0:0:0:0:0:1 
[2024-12-13 12:03:16] [INFO   ] Nueva conexión WebSocket establecida: /0:0:0:0:0:0:0:1 
[2024-12-13 12:03:16] [INFO   ] Conexión WebSocket cerrada: /0:0:0:0:0:0:0:1 
[2024-12-13 12:03:16] [INFO   ] Conexión WebSocket cerrada: /0:0:0:0:0:0:0:1 
[2024-12-13 12:03:16] [INFO   ] Conexión WebSocket cerrada: /0:0:0:0:0:0:0:1 
[2024-12-13 12:03:16] [INFO   ] Nueva conexión WebSocket establecida: /0:0:0:0:0:0:0:1 
[2024-12-13 12:03:16] [INFO   ] Nueva conexión WebSocket establecida: /0:0:0:0:0:0:0:1 
[2024-12-13 12:03:16] [INFO   ] Nueva conexión WebSocket establecida: /0:0:0:0:0:0:0:1 
[2024-12-13 12:03:21] [INFO   ] Conexión WebSocket cerrada: /0:0:0:0:0:0:0:1 
[2024-12-13 12:03:21] [INFO   ] Nueva conexión WebSocket establecida: /0:0:0:0:0:0:0:1 
[2024-12-13 12:03:27] [INFO   ] Conexión WebSocket cerrada: /0:0:0:0:0:0:0:1 
[2024-12-13 12:03:27] [INFO   ] Nueva conexión WebSocket establecida: /0:0:0:0:0:0:0:1 
[2024-12-13 12:03:36] [INFO   ] Conexión WebSocket cerrada: /0:0:0:0:0:0:0:1 
[2024-12-13 12:03:36] [INFO   ] Nueva conexión WebSocket establecida: /0:0:0:0:0:0:0:1 
[2024-12-13 12:03:42] [INFO   ] Conexión WebSocket cerrada: /0:0:0:0:0:0:0:1 
[2024-12-13 12:03:42] [INFO   ] Nueva conexión WebSocket establecida: /0:0:0:0:0:0:0:1 
[2024-12-13 12:03:56] [INFO   ] Conexión WebSocket cerrada: /0:0:0:0:0:0:0:1 
[2024-12-13 12:03:56] [INFO   ] Nueva conexión WebSocket establecida: /0:0:0:0:0:0:0:1 
[2024-12-13 12:04:01] [INFO   ] Conexión WebSocket cerrada: /0:0:0:0:0:0:0:1 
[2024-12-13 12:04:01] [INFO   ] Nueva conexión WebSocket establecida: /0:0:0:0:0:0:0:1 
[2024-12-13 12:04:06] [INFO   ] Conexión WebSocket cerrada: /0:0:0:0:0:0:0:1 
[2024-12-13 12:04:06] [INFO   ] Nueva conexión WebSocket establecida: /0:0:0:0:0:0:0:1 
[2024-12-13 12:04:10] [INFO   ] Conexión WebSocket cerrada: /0:0:0:0:0:0:0:1 
[2024-12-13 12:04:10] [INFO   ] Conexión WebSocket cerrada: /0:0:0:0:0:0:0:1 
[2024-12-13 12:04:10] [INFO   ] Conexión WebSocket cerrada: /0:0:0:0:0:0:0:1 
[2024-12-13 12:04:11] [INFO   ] Nueva conexión WebSocket establecida: /0:0:0:0:0:0:0:1 
[2024-12-13 12:04:11] [INFO   ] Nueva conexión WebSocket establecida: /0:0:0:0:0:0:0:1 
[2024-12-13 12:04:11] [INFO   ] Nueva conexión WebSocket establecida: /0:0:0:0:0:0:0:1 
[2024-12-13 12:04:11] [INFO   ] Conexión WebSocket cerrada: /0:0:0:0:0:0:0:1 
[2024-12-13 12:04:11] [INFO   ] Conexión WebSocket cerrada: /0:0:0:0:0:0:0:1 
[2024-12-13 12:04:11] [INFO   ] Conexión WebSocket cerrada: /0:0:0:0:0:0:0:1 
[2024-12-13 12:04:11] [INFO   ] Nueva conexión WebSocket establecida: /0:0:0:0:0:0:0:1 
[2024-12-13 12:04:11] [INFO   ] Nueva conexión WebSocket establecida: /0:0:0:0:0:0:0:1 
[2024-12-13 12:04:11] [INFO   ] Nueva conexión WebSocket establecida: /0:0:0:0:0:0:0:1 
[2024-12-13 12:04:16] [INFO   ] Conexión WebSocket cerrada: /0:0:0:0:0:0:0:1 
[2024-12-13 12:04:16] [INFO   ] Nueva conexión WebSocket establecida: /0:0:0:0:0:0:0:1 
[2024-12-13 12:04:22] [INFO   ] Conexión WebSocket cerrada: /0:0:0:0:0:0:0:1 
[2024-12-13 12:04:22] [INFO   ] Nueva conexión WebSocket establecida: /0:0:0:0:0:0:0:1 
[2024-12-13 12:04:29] [INFO   ] Conexión WebSocket cerrada: /0:0:0:0:0:0:0:1 
[2024-12-13 12:04:29] [INFO   ] Nueva conexión WebSocket establecida: /0:0:0:0:0:0:0:1 
[2024-12-13 12:05:10] [INFO   ] Conexión WebSocket cerrada: /0:0:0:0:0:0:0:1 
[2024-12-13 12:05:10] [INFO   ] Nueva conexión WebSocket establecida: /0:0:0:0:0:0:0:1 
[2024-12-13 12:05:16] [INFO   ] Conexión WebSocket cerrada: /0:0:0:0:0:0:0:1 
[2024-12-13 12:05:16] [INFO   ] Nueva conexión WebSocket establecida: /0:0:0:0:0:0:0:1 
[2024-12-13 12:05:22] [INFO   ] Conexión WebSocket cerrada: /0:0:0:0:0:0:0:1 
[2024-12-13 12:05:22] [INFO   ] Nueva conexión WebSocket establecida: /0:0:0:0:0:0:0:1 
[2024-12-13 12:05:24] [INFO   ] Conexión WebSocket cerrada: /0:0:0:0:0:0:0:1 
[2024-12-13 12:05:24] [INFO   ] Conexión WebSocket cerrada: /0:0:0:0:0:0:0:1 
[2024-12-13 12:05:24] [INFO   ] Conexión WebSocket cerrada: /0:0:0:0:0:0:0:1 
[2024-12-13 12:05:24] [INFO   ] Nueva conexión WebSocket establecida: /0:0:0:0:0:0:0:1 
[2024-12-13 12:05:24] [INFO   ] Nueva conexión WebSocket establecida: /0:0:0:0:0:0:0:1 
[2024-12-13 12:05:24] [INFO   ] Nueva conexión WebSocket establecida: /0:0:0:0:0:0:0:1 
[2024-12-13 12:05:25] [INFO   ] Conexión WebSocket cerrada: /0:0:0:0:0:0:0:1 
[2024-12-13 12:05:25] [INFO   ] Conexión WebSocket cerrada: /0:0:0:0:0:0:0:1 
[2024-12-13 12:05:25] [INFO   ] Conexión WebSocket cerrada: /0:0:0:0:0:0:0:1 
[2024-12-13 12:05:25] [INFO   ] Nueva conexión WebSocket establecida: /0:0:0:0:0:0:0:1 
[2024-12-13 12:05:25] [INFO   ] Nueva conexión WebSocket establecida: /0:0:0:0:0:0:0:1 
[2024-12-13 12:05:25] [INFO   ] Nueva conexión WebSocket establecida: /0:0:0:0:0:0:0:1 
[2024-12-13 12:05:27] [INFO   ] Conexión WebSocket cerrada: /0:0:0:0:0:0:0:1 
[2024-12-13 12:05:27] [INFO   ] Conexión WebSocket cerrada: /0:0:0:0:0:0:0:1 
[2024-12-13 12:05:27] [INFO   ] Conexión WebSocket cerrada: /0:0:0:0:0:0:0:1 
[2024-12-13 12:05:27] [INFO   ] Nueva conexión WebSocket establecida: /0:0:0:0:0:0:0:1 
[2024-12-13 12:05:27] [INFO   ] Nueva conexión WebSocket establecida: /0:0:0:0:0:0:0:1 
[2024-12-13 12:05:27] [INFO   ] Nueva conexión WebSocket establecida: /0:0:0:0:0:0:0:1 
[2024-12-13 12:05:28] [INFO   ] Conexión WebSocket cerrada: /0:0:0:0:0:0:0:1 
[2024-12-13 12:05:28] [INFO   ] Conexión WebSocket cerrada: /0:0:0:0:0:0:0:1 
[2024-12-13 12:05:28] [INFO   ] Conexión WebSocket cerrada: /0:0:0:0:0:0:0:1 
[2024-12-13 12:05:28] [INFO   ] Nueva conexión WebSocket establecida: /0:0:0:0:0:0:0:1 
[2024-12-13 12:05:28] [INFO   ] Nueva conexión WebSocket establecida: /0:0:0:0:0:0:0:1 
[2024-12-13 12:05:28] [INFO   ] Nueva conexión WebSocket establecida: /0:0:0:0:0:0:0:1 
[2024-12-13 12:05:29] [INFO   ] Conexión WebSocket cerrada: /0:0:0:0:0:0:0:1 
[2024-12-13 12:05:29] [INFO   ] Conexión WebSocket cerrada: /0:0:0:0:0:0:0:1 
[2024-12-13 12:05:29] [INFO   ] Conexión WebSocket cerrada: /0:0:0:0:0:0:0:1 
[2024-12-13 12:05:29] [INFO   ] Nueva conexión WebSocket establecida: /0:0:0:0:0:0:0:1 
[2024-12-13 12:05:29] [INFO   ] Nueva conexión WebSocket establecida: /0:0:0:0:0:0:0:1 
[2024-12-13 12:05:29] [INFO   ] Nueva conexión WebSocket establecida: /0:0:0:0:0:0:0:1 
[2024-12-13 12:05:30] [INFO   ] Conexión WebSocket cerrada: /0:0:0:0:0:0:0:1 
[2024-12-13 12:05:30] [INFO   ] Conexión WebSocket cerrada: /0:0:0:0:0:0:0:1 
[2024-12-13 12:05:30] [INFO   ] Conexión WebSocket cerrada: /0:0:0:0:0:0:0:1 
[2024-12-13 12:05:31] [INFO   ] Nueva conexión WebSocket establecida: /0:0:0:0:0:0:0:1 
[2024-12-13 12:05:31] [INFO   ] Nueva conexión WebSocket establecida: /0:0:0:0:0:0:0:1 
[2024-12-13 12:05:31] [INFO   ] Nueva conexión WebSocket establecida: /0:0:0:0:0:0:0:1 
[2024-12-13 12:05:31] [INFO   ] Conexión WebSocket cerrada: /0:0:0:0:0:0:0:1 
[2024-12-13 12:05:31] [INFO   ] Conexión WebSocket cerrada: /0:0:0:0:0:0:0:1 
[2024-12-13 12:05:31] [INFO   ] Conexión WebSocket cerrada: /0:0:0:0:0:0:0:1 
[2024-12-13 12:05:31] [INFO   ] Nueva conexión WebSocket establecida: /0:0:0:0:0:0:0:1 
[2024-12-13 12:05:31] [INFO   ] Nueva conexión WebSocket establecida: /0:0:0:0:0:0:0:1 
[2024-12-13 12:05:31] [INFO   ] Nueva conexión WebSocket establecida: /0:0:0:0:0:0:0:1 
[2024-12-13 12:05:36] [INFO   ] Conexión WebSocket cerrada: /0:0:0:0:0:0:0:1 
[2024-12-13 12:05:36] [INFO   ] Nueva conexión WebSocket establecida: /0:0:0:0:0:0:0:1 
[2024-12-13 12:05:42] [INFO   ] Conexión WebSocket cerrada: /0:0:0:0:0:0:0:1 
[2024-12-13 12:05:42] [INFO   ] Nueva conexión WebSocket establecida: /0:0:0:0:0:0:0:1 
[2024-12-13 12:05:48] [INFO   ] Conexión WebSocket cerrada: /0:0:0:0:0:0:0:1 
[2024-12-13 12:05:48] [INFO   ] Nueva conexión WebSocket establecida: /0:0:0:0:0:0:0:1 
[2024-12-13 12:05:54] [INFO   ] Conexión WebSocket cerrada: /0:0:0:0:0:0:0:1 
[2024-12-13 12:05:54] [INFO   ] Nueva conexión WebSocket establecida: /0:0:0:0:0:0:0:1 
[2024-12-13 12:06:00] [INFO   ] Conexión WebSocket cerrada: /0:0:0:0:0:0:0:1 
[2024-12-13 12:06:00] [INFO   ] Nueva conexión WebSocket establecida: /0:0:0:0:0:0:0:1 
[2024-12-13 12:06:06] [INFO   ] Conexión WebSocket cerrada: /0:0:0:0:0:0:0:1 
[2024-12-13 12:06:06] [INFO   ] Nueva conexión WebSocket establecida: /0:0:0:0:0:0:0:1 
[2024-12-13 12:06:12] [INFO   ] Conexión WebSocket cerrada: /0:0:0:0:0:0:0:1 
[2024-12-13 12:06:12] [INFO   ] Nueva conexión WebSocket establecida: /0:0:0:0:0:0:0:1 
[2024-12-13 12:06:18] [INFO   ] Conexión WebSocket cerrada: /0:0:0:0:0:0:0:1 
[2024-12-13 12:06:18] [INFO   ] Nueva conexión WebSocket establecida: /0:0:0:0:0:0:0:1 
[2024-12-13 12:06:21] [INFO   ] Conexión WebSocket cerrada: /0:0:0:0:0:0:0:1 
[2024-12-13 12:06:21] [INFO   ] Conexión WebSocket cerrada: /0:0:0:0:0:0:0:1 
[2024-12-13 12:06:21] [INFO   ] Conexión WebSocket cerrada: /0:0:0:0:0:0:0:1 
[2024-12-13 12:06:21] [INFO   ] Nueva conexión WebSocket establecida: /0:0:0:0:0:0:0:1 
[2024-12-13 12:06:21] [INFO   ] Nueva conexión WebSocket establecida: /0:0:0:0:0:0:0:1 
[2024-12-13 12:06:21] [INFO   ] Nueva conexión WebSocket establecida: /0:0:0:0:0:0:0:1 
[2024-12-13 12:06:23] [INFO   ] Conexión WebSocket cerrada: /0:0:0:0:0:0:0:1 
[2024-12-13 12:06:23] [INFO   ] Conexión WebSocket cerrada: /0:0:0:0:0:0:0:1 
[2024-12-13 12:06:23] [INFO   ] Conexión WebSocket cerrada: /0:0:0:0:0:0:0:1 
[2024-12-13 12:06:23] [INFO   ] Nueva conexión WebSocket establecida: /0:0:0:0:0:0:0:1 
[2024-12-13 12:06:23] [INFO   ] Nueva conexión WebSocket establecida: /0:0:0:0:0:0:0:1 
[2024-12-13 12:06:23] [INFO   ] Nueva conexión WebSocket establecida: /0:0:0:0:0:0:0:1 
[2024-12-13 12:06:24] [INFO   ] Conexión WebSocket cerrada: /0:0:0:0:0:0:0:1 
[2024-12-13 12:06:24] [INFO   ] Conexión WebSocket cerrada: /0:0:0:0:0:0:0:1 
[2024-12-13 12:06:24] [INFO   ] Conexión WebSocket cerrada: /0:0:0:0:0:0:0:1 
[2024-12-13 12:06:25] [INFO   ] Nueva conexión WebSocket establecida: /0:0:0:0:0:0:0:1 
[2024-12-13 12:06:25] [INFO   ] Nueva conexión WebSocket establecida: /0:0:0:0:0:0:0:1 
[2024-12-13 12:06:25] [INFO   ] Nueva conexión WebSocket establecida: /0:0:0:0:0:0:0:1 
[2024-12-13 12:06:25] [INFO   ] Nueva conexión WebSocket establecida: /0:0:0:0:0:0:0:1 
[2024-12-13 12:06:25] [INFO   ] Conexión WebSocket cerrada: /0:0:0:0:0:0:0:1 
[2024-12-13 12:06:25] [INFO   ] Conexión WebSocket cerrada: /0:0:0:0:0:0:0:1 
[2024-12-13 12:06:25] [INFO   ] Conexión WebSocket cerrada: /0:0:0:0:0:0:0:1 
[2024-12-13 12:06:25] [INFO   ] Nueva conexión WebSocket establecida: /0:0:0:0:0:0:0:1 
[2024-12-13 12:06:25] [INFO   ] Nueva conexión WebSocket establecida: /0:0:0:0:0:0:0:1 
[2024-12-13 12:06:30] [INFO   ] Conexión WebSocket cerrada: /0:0:0:0:0:0:0:1 
[2024-12-13 12:06:30] [INFO   ] Nueva conexión WebSocket establecida: /0:0:0:0:0:0:0:1 
[2024-12-13 12:06:35] [INFO   ] Conexión WebSocket cerrada: /0:0:0:0:0:0:0:1 
[2024-12-13 12:06:35] [INFO   ] Nueva conexión WebSocket establecida: /0:0:0:0:0:0:0:1 
[2024-12-13 12:06:37] [INFO   ] Conexión WebSocket cerrada: /0:0:0:0:0:0:0:1 
[2024-12-13 12:06:37] [INFO   ] Conexión WebSocket cerrada: /0:0:0:0:0:0:0:1 
[2024-12-13 12:06:37] [INFO   ] Conexión WebSocket cerrada: /0:0:0:0:0:0:0:1 
[2024-12-13 12:06:39] [INFO   ] Nueva conexión WebSocket establecida: /0:0:0:0:0:0:0:1 
[2024-12-13 12:06:39] [INFO   ] Nueva conexión WebSocket establecida: /0:0:0:0:0:0:0:1 
[2024-12-13 12:06:39] [INFO   ] Nueva conexión WebSocket establecida: /0:0:0:0:0:0:0:1 
[2024-12-13 12:06:39] [INFO   ] Conexión WebSocket cerrada: /0:0:0:0:0:0:0:1 
[2024-12-13 12:06:39] [INFO   ] Conexión WebSocket cerrada: /0:0:0:0:0:0:0:1 
[2024-12-13 12:06:39] [INFO   ] Conexión WebSocket cerrada: /0:0:0:0:0:0:0:1 
[2024-12-13 12:06:39] [INFO   ] Nueva conexión WebSocket establecida: /0:0:0:0:0:0:0:1 
[2024-12-13 12:06:39] [INFO   ] Nueva conexión WebSocket establecida: /0:0:0:0:0:0:0:1 
[2024-12-13 12:06:39] [INFO   ] Nueva conexión WebSocket establecida: /0:0:0:0:0:0:0:1 
[2024-12-13 12:06:45] [INFO   ] Conexión WebSocket cerrada: /0:0:0:0:0:0:0:1 
[2024-12-13 12:06:45] [INFO   ] Nueva conexión WebSocket establecida: /0:0:0:0:0:0:0:1 
[2024-12-13 12:06:51] [INFO   ] Conexión WebSocket cerrada: /0:0:0:0:0:0:0:1 
[2024-12-13 12:06:51] [INFO   ] Nueva conexión WebSocket establecida: /0:0:0:0:0:0:0:1 
[2024-12-13 12:06:57] [INFO   ] Conexión WebSocket cerrada: /0:0:0:0:0:0:0:1 
[2024-12-13 12:06:57] [INFO   ] Nueva conexión WebSocket establecida: /0:0:0:0:0:0:0:1 
[2024-12-13 12:07:01] [INFO   ] Conexión WebSocket cerrada: /0:0:0:0:0:0:0:1 
[2024-12-13 12:07:01] [INFO   ] Conexión WebSocket cerrada: /0:0:0:0:0:0:0:1 
[2024-12-13 12:07:01] [INFO   ] Conexión WebSocket cerrada: /0:0:0:0:0:0:0:1 
[2024-12-13 12:07:01] [INFO   ] Nueva conexión WebSocket establecida: /0:0:0:0:0:0:0:1 
[2024-12-13 12:07:01] [INFO   ] Nueva conexión WebSocket establecida: /0:0:0:0:0:0:0:1 
[2024-12-13 12:07:01] [INFO   ] Nueva conexión WebSocket establecida: /0:0:0:0:0:0:0:1 
[2024-12-13 12:07:01] [INFO   ] Conexión WebSocket cerrada: /0:0:0:0:0:0:0:1 
[2024-12-13 12:07:01] [INFO   ] Conexión WebSocket cerrada: /0:0:0:0:0:0:0:1 
[2024-12-13 12:07:01] [INFO   ] Conexión WebSocket cerrada: /0:0:0:0:0:0:0:1 
[2024-12-13 12:07:01] [INFO   ] Nueva conexión WebSocket establecida: /0:0:0:0:0:0:0:1 
[2024-12-13 12:07:01] [INFO   ] Nueva conexión WebSocket establecida: /0:0:0:0:0:0:0:1 
[2024-12-13 12:07:01] [INFO   ] Nueva conexión WebSocket establecida: /0:0:0:0:0:0:0:1 
[2024-12-13 12:07:04] [INFO   ] Conexión WebSocket cerrada: /0:0:0:0:0:0:0:1 
[2024-12-13 12:07:04] [INFO   ] Conexión WebSocket cerrada: /0:0:0:0:0:0:0:1 
[2024-12-13 12:07:04] [INFO   ] Conexión WebSocket cerrada: /0:0:0:0:0:0:0:1 
[2024-12-13 12:07:04] [INFO   ] Nueva conexión WebSocket establecida: /0:0:0:0:0:0:0:1 
[2024-12-13 12:07:04] [INFO   ] Nueva conexión WebSocket establecida: /0:0:0:0:0:0:0:1 
[2024-12-13 12:07:04] [INFO   ] Nueva conexión WebSocket establecida: /0:0:0:0:0:0:0:1 
[2024-12-13 12:07:08] [INFO   ] Conexión WebSocket cerrada: /0:0:0:0:0:0:0:1 
[2024-12-13 12:07:08] [INFO   ] Conexión WebSocket cerrada: /0:0:0:0:0:0:0:1 
[2024-12-13 12:07:08] [INFO   ] Conexión WebSocket cerrada: /0:0:0:0:0:0:0:1 
[2024-12-13 12:07:08] [INFO   ] Nueva conexión WebSocket establecida: /0:0:0:0:0:0:0:1 
[2024-12-13 12:07:08] [INFO   ] Nueva conexión WebSocket establecida: /0:0:0:0:0:0:0:1 
[2024-12-13 12:07:08] [INFO   ] Nueva conexión WebSocket establecida: /0:0:0:0:0:0:0:1 
[2024-12-13 12:07:14] [INFO   ] Conexión WebSocket cerrada: /0:0:0:0:0:0:0:1 
[2024-12-13 12:07:14] [INFO   ] Nueva conexión WebSocket establecida: /0:0:0:0:0:0:0:1 
[2024-12-13 12:07:20] [INFO   ] Conexión WebSocket cerrada: /0:0:0:0:0:0:0:1 
[2024-12-13 12:07:20] [INFO   ] Nueva conexión WebSocket establecida: /0:0:0:0:0:0:0:1 
[2024-12-13 12:07:26] [INFO   ] Conexión WebSocket cerrada: /0:0:0:0:0:0:0:1 
[2024-12-13 12:07:26] [INFO   ] Nueva conexión WebSocket establecida: /0:0:0:0:0:0:0:1 
[2024-12-13 12:07:32] [INFO   ] Conexión WebSocket cerrada: /0:0:0:0:0:0:0:1 
[2024-12-13 12:07:32] [INFO   ] Nueva conexión WebSocket establecida: /0:0:0:0:0:0:0:1 
[2024-12-13 12:07:38] [INFO   ] Conexión WebSocket cerrada: /0:0:0:0:0:0:0:1 
[2024-12-13 12:07:38] [INFO   ] Nueva conexión WebSocket establecida: /0:0:0:0:0:0:0:1 
[2024-12-13 12:07:43] [INFO   ] Conexión WebSocket cerrada: /0:0:0:0:0:0:0:1 
[2024-12-13 12:07:43] [INFO   ] Nueva conexión WebSocket establecida: /0:0:0:0:0:0:0:1 
[2024-12-13 12:07:46] [INFO   ] Conexión WebSocket cerrada: /0:0:0:0:0:0:0:1 
[2024-12-13 12:07:46] [INFO   ] Conexión WebSocket cerrada: /0:0:0:0:0:0:0:1 
[2024-12-13 12:07:46] [INFO   ] Conexión WebSocket cerrada: /0:0:0:0:0:0:0:1 
[2024-12-13 12:07:47] [INFO   ] Nueva conexión WebSocket establecida: /0:0:0:0:0:0:0:1 
[2024-12-13 12:07:47] [INFO   ] Nueva conexión WebSocket establecida: /0:0:0:0:0:0:0:1 
[2024-12-13 12:07:47] [INFO   ] Nueva conexión WebSocket establecida: /0:0:0:0:0:0:0:1 
[2024-12-13 12:07:47] [INFO   ] Conexión WebSocket cerrada: /0:0:0:0:0:0:0:1 
[2024-12-13 12:07:47] [INFO   ] Conexión WebSocket cerrada: /0:0:0:0:0:0:0:1 
[2024-12-13 12:07:47] [INFO   ] Conexión WebSocket cerrada: /0:0:0:0:0:0:0:1 
[2024-12-13 12:07:47] [INFO   ] Nueva conexión WebSocket establecida: /0:0:0:0:0:0:0:1 
[2024-12-13 12:07:47] [INFO   ] Nueva conexión WebSocket establecida: /0:0:0:0:0:0:0:1 
[2024-12-13 12:07:47] [INFO   ] Nueva conexión WebSocket establecida: /0:0:0:0:0:0:0:1 
[2024-12-13 12:07:52] [INFO   ] Conexión WebSocket cerrada: /0:0:0:0:0:0:0:1 
[2024-12-13 12:07:52] [INFO   ] Nueva conexión WebSocket establecida: /0:0:0:0:0:0:0:1 
[2024-12-13 12:07:57] [INFO   ] Conexión WebSocket cerrada: /0:0:0:0:0:0:0:1 
[2024-12-13 12:07:57] [INFO   ] Nueva conexión WebSocket establecida: /0:0:0:0:0:0:0:1 
[2024-12-13 12:08:03] [INFO   ] Conexión WebSocket cerrada: /0:0:0:0:0:0:0:1 
[2024-12-13 12:08:03] [INFO   ] Nueva conexión WebSocket establecida: /0:0:0:0:0:0:0:1 
[2024-12-13 12:08:08] [INFO   ] Conexión WebSocket cerrada: /0:0:0:0:0:0:0:1 
[2024-12-13 12:08:08] [INFO   ] Nueva conexión WebSocket establecida: /0:0:0:0:0:0:0:1 
[2024-12-13 12:08:17] [INFO   ] Conexión WebSocket cerrada: /0:0:0:0:0:0:0:1 
[2024-12-13 12:08:17] [INFO   ] Nueva conexión WebSocket establecida: /0:0:0:0:0:0:0:1 
[2024-12-13 12:08:24] [INFO   ] Conexión WebSocket cerrada: /0:0:0:0:0:0:0:1 
[2024-12-13 12:08:24] [INFO   ] Nueva conexión WebSocket establecida: /0:0:0:0:0:0:0:1 
[2024-12-13 12:08:30] [INFO   ] Conexión WebSocket cerrada: /0:0:0:0:0:0:0:1 
[2024-12-13 12:08:30] [INFO   ] Nueva conexión WebSocket establecida: /0:0:0:0:0:0:0:1 
[2024-12-13 12:08:35] [INFO   ] Conexión WebSocket cerrada: /0:0:0:0:0:0:0:1 
[2024-12-13 12:08:35] [INFO   ] Nueva conexión WebSocket establecida: /0:0:0:0:0:0:0:1 
[2024-12-13 12:08:37] [INFO   ] Conexión WebSocket cerrada: /0:0:0:0:0:0:0:1 
[2024-12-13 12:08:37] [INFO   ] Conexión WebSocket cerrada: /0:0:0:0:0:0:0:1 
[2024-12-13 12:08:37] [INFO   ] Conexión WebSocket cerrada: /0:0:0:0:0:0:0:1 
[2024-12-13 12:08:37] [INFO   ] Nueva conexión WebSocket establecida: /0:0:0:0:0:0:0:1 
[2024-12-13 12:08:37] [INFO   ] Nueva conexión WebSocket establecida: /0:0:0:0:0:0:0:1 
[2024-12-13 12:08:37] [INFO   ] Nueva conexión WebSocket establecida: /0:0:0:0:0:0:0:1 
[2024-12-13 12:08:37] [INFO   ] Conexión WebSocket cerrada: /0:0:0:0:0:0:0:1 
[2024-12-13 12:08:37] [INFO   ] Conexión WebSocket cerrada: /0:0:0:0:0:0:0:1 
[2024-12-13 12:08:37] [INFO   ] Conexión WebSocket cerrada: /0:0:0:0:0:0:0:1 
[2024-12-13 12:08:37] [INFO   ] Nueva conexión WebSocket establecida: /0:0:0:0:0:0:0:1 
[2024-12-13 12:08:38] [INFO   ] Nueva conexión WebSocket establecida: /0:0:0:0:0:0:0:1 
[2024-12-13 12:08:38] [INFO   ] Nueva conexión WebSocket establecida: /0:0:0:0:0:0:0:1 
