[2024-12-15 18:53:15] [INFO   ] Sistema de logs iniciado. Archivo de logs: logs/simulation_20241215_185315.log 
[2024-12-15 18:53:15] [INFO   ] Ubicaciones cargadas: 195 
[2024-12-15 18:53:16] [INFO   ] Servidor de simulación iniciado en el puerto 4567 
[2024-12-15 18:53:18] [INFO   ] Nueva conexión WebSocket establecida: /0:0:0:0:0:0:0:1 
[2024-12-15 18:53:18] [INFO   ] Nueva conexión WebSocket establecida: /0:0:0:0:0:0:0:1 
[2024-12-15 18:53:18] [INFO   ] Nueva conexión WebSocket establecida: /0:0:0:0:0:0:0:1 
[2024-12-15 18:53:18] [SEVERE ] Error en la conexión WebSocket: null 
[2024-12-15 18:53:18] [INFO   ] Conexión WebSocket cerrada: /0:0:0:0:0:0:0:1 
[2024-12-15 18:53:18] [INFO   ] Nueva conexión WebSocket establecida: /0:0:0:0:0:0:0:1 
[2024-12-15 18:53:23] [INFO   ] Conexión WebSocket cerrada: /0:0:0:0:0:0:0:1 
[2024-12-15 18:53:23] [INFO   ] Nueva conexión WebSocket establecida: /0:0:0:0:0:0:0:1 
[2024-12-15 18:53:28] [INFO   ] Conexión WebSocket cerrada: /0:0:0:0:0:0:0:1 
[2024-12-15 18:53:28] [INFO   ] Nueva conexión WebSocket establecida: /0:0:0:0:0:0:0:1 
[2024-12-15 18:53:29] [INFO   ] DateTime encontrado: 2024-12-01 00:04:00 
[2024-12-15 18:53:33] [INFO   ] Conexión WebSocket cerrada: /0:0:0:0:0:0:0:1 
[2024-12-15 18:53:33] [INFO   ] Nueva conexión WebSocket establecida: /0:0:0:0:0:0:0:1 
[2024-12-15 18:53:35] [INFO   ] Configurada tiempo de avance de simulación: 5 
[2024-12-15 18:53:35] [INFO   ] Intentando inicializar simulacion. 
[2024-12-15 18:53:35] [INFO   ] Configurada tiempo de avance de simulación: 5 
[2024-12-15 18:53:35] [INFO   ] Intentando inicializar simulacion. 
[2024-12-15 18:53:35] [INFO   ] Configurada tiempo de avance de simulación: 5 
[2024-12-15 18:53:35] [INFO   ] Intentando inicializar simulacion. 
[2024-12-15 18:53:36] [INFO   ] Configurada tiempo de avance de simulación: 5 
[2024-12-15 18:53:36] [INFO   ] Intentando inicializar simulacion. 
[2024-12-15 18:53:36] [INFO   ] Configurada tiempo de avance de simulación: 5 
[2024-12-15 18:53:36] [INFO   ] Intentando inicializar simulacion. 
[2024-12-15 18:53:36] [INFO   ] Configurada tiempo de avance de simulación: 5 
[2024-12-15 18:53:36] [INFO   ] Intentando inicializar simulacion. 
[2024-12-15 18:53:36] [INFO   ] Configurada tiempo de avance de simulación: 5 
[2024-12-15 18:53:36] [INFO   ] Intentando inicializar simulacion. 
[2024-12-15 18:53:39] [INFO   ] Conexión WebSocket cerrada: /0:0:0:0:0:0:0:1 
[2024-12-15 18:53:39] [INFO   ] Nueva conexión WebSocket establecida: /0:0:0:0:0:0:0:1 
[2024-12-15 18:53:44] [INFO   ] Conexión WebSocket cerrada: /0:0:0:0:0:0:0:1 
[2024-12-15 18:53:44] [INFO   ] Nueva conexión WebSocket establecida: /0:0:0:0:0:0:0:1 
[2024-12-15 18:53:49] [INFO   ] Conexión WebSocket cerrada: /0:0:0:0:0:0:0:1 
[2024-12-15 18:53:49] [INFO   ] Nueva conexión WebSocket establecida: /0:0:0:0:0:0:0:1 
[2024-12-15 18:53:54] [INFO   ] Conexión WebSocket cerrada: /0:0:0:0:0:0:0:1 
[2024-12-15 18:53:54] [INFO   ] Nueva conexión WebSocket establecida: /0:0:0:0:0:0:0:1 
[2024-12-15 18:53:55] [INFO   ] Conexión WebSocket cerrada: /0:0:0:0:0:0:0:1 
[2024-12-15 18:53:55] [INFO   ] Conexión WebSocket cerrada: /0:0:0:0:0:0:0:1 
[2024-12-15 18:53:55] [INFO   ] Conexión WebSocket cerrada: /0:0:0:0:0:0:0:1 
[2024-12-15 18:53:56] [INFO   ] Nueva conexión WebSocket establecida: /0:0:0:0:0:0:0:1 
[2024-12-15 18:53:56] [INFO   ] Nueva conexión WebSocket establecida: /0:0:0:0:0:0:0:1 
[2024-12-15 18:53:56] [INFO   ] Nueva conexión WebSocket establecida: /0:0:0:0:0:0:0:1 
[2024-12-15 18:53:56] [INFO   ] Conexión WebSocket cerrada: /0:0:0:0:0:0:0:1 
[2024-12-15 18:53:56] [INFO   ] Conexión WebSocket cerrada: /0:0:0:0:0:0:0:1 
[2024-12-15 18:53:56] [INFO   ] Conexión WebSocket cerrada: /0:0:0:0:0:0:0:1 
[2024-12-15 18:53:56] [INFO   ] Nueva conexión WebSocket establecida: /0:0:0:0:0:0:0:1 
[2024-12-15 18:53:56] [INFO   ] Nueva conexión WebSocket establecida: /0:0:0:0:0:0:0:1 
[2024-12-15 18:53:56] [INFO   ] Nueva conexión WebSocket establecida: /0:0:0:0:0:0:0:1 
[2024-12-15 18:54:01] [INFO   ] Conexión WebSocket cerrada: /0:0:0:0:0:0:0:1 
[2024-12-15 18:54:01] [INFO   ] Nueva conexión WebSocket establecida: /0:0:0:0:0:0:0:1 
[2024-12-15 18:54:06] [INFO   ] Conexión WebSocket cerrada: /0:0:0:0:0:0:0:1 
[2024-12-15 18:54:06] [INFO   ] Nueva conexión WebSocket establecida: /0:0:0:0:0:0:0:1 
[2024-12-15 18:54:11] [INFO   ] Conexión WebSocket cerrada: /0:0:0:0:0:0:0:1 
[2024-12-15 18:54:11] [INFO   ] Nueva conexión WebSocket establecida: /0:0:0:0:0:0:0:1 
[2024-12-15 18:54:16] [INFO   ] Conexión WebSocket cerrada: /0:0:0:0:0:0:0:1 
[2024-12-15 18:54:16] [INFO   ] Nueva conexión WebSocket establecida: /0:0:0:0:0:0:0:1 
[2024-12-15 18:54:22] [INFO   ] Conexión WebSocket cerrada: /0:0:0:0:0:0:0:1 
[2024-12-15 18:54:22] [INFO   ] Nueva conexión WebSocket establecida: /0:0:0:0:0:0:0:1 
[2024-12-15 18:54:28] [INFO   ] Conexión WebSocket cerrada: /0:0:0:0:0:0:0:1 
[2024-12-15 18:54:28] [INFO   ] Nueva conexión WebSocket establecida: /0:0:0:0:0:0:0:1 
[2024-12-15 18:54:34] [INFO   ] Conexión WebSocket cerrada: /0:0:0:0:0:0:0:1 
[2024-12-15 18:54:34] [INFO   ] Nueva conexión WebSocket establecida: /0:0:0:0:0:0:0:1 
[2024-12-15 18:54:40] [INFO   ] Conexión WebSocket cerrada: /0:0:0:0:0:0:0:1 
[2024-12-15 18:54:40] [INFO   ] Nueva conexión WebSocket establecida: /0:0:0:0:0:0:0:1 
[2024-12-15 18:54:46] [INFO   ] Conexión WebSocket cerrada: /0:0:0:0:0:0:0:1 
[2024-12-15 18:54:46] [INFO   ] Nueva conexión WebSocket establecida: /0:0:0:0:0:0:0:1 
[2024-12-15 18:54:52] [INFO   ] Conexión WebSocket cerrada: /0:0:0:0:0:0:0:1 
[2024-12-15 18:54:52] [INFO   ] Nueva conexión WebSocket establecida: /0:0:0:0:0:0:0:1 
[2024-12-15 18:54:58] [INFO   ] Conexión WebSocket cerrada: /0:0:0:0:0:0:0:1 
[2024-12-15 18:54:58] [INFO   ] Nueva conexión WebSocket establecida: /0:0:0:0:0:0:0:1 
[2024-12-15 18:55:04] [INFO   ] Conexión WebSocket cerrada: /0:0:0:0:0:0:0:1 
[2024-12-15 18:55:04] [INFO   ] Nueva conexión WebSocket establecida: /0:0:0:0:0:0:0:1 
[2024-12-15 18:55:10] [INFO   ] Conexión WebSocket cerrada: /0:0:0:0:0:0:0:1 
[2024-12-15 18:55:10] [INFO   ] Nueva conexión WebSocket establecida: /0:0:0:0:0:0:0:1 
[2024-12-15 18:55:16] [INFO   ] Conexión WebSocket cerrada: /0:0:0:0:0:0:0:1 
[2024-12-15 18:55:16] [INFO   ] Nueva conexión WebSocket establecida: /0:0:0:0:0:0:0:1 
[2024-12-15 18:55:22] [INFO   ] Conexión WebSocket cerrada: /0:0:0:0:0:0:0:1 
[2024-12-15 18:55:22] [INFO   ] Nueva conexión WebSocket establecida: /0:0:0:0:0:0:0:1 
[2024-12-15 18:55:27] [INFO   ] Conexión WebSocket cerrada: /0:0:0:0:0:0:0:1 
[2024-12-15 18:55:27] [INFO   ] Nueva conexión WebSocket establecida: /0:0:0:0:0:0:0:1 
[2024-12-15 18:55:33] [INFO   ] Conexión WebSocket cerrada: /0:0:0:0:0:0:0:1 
[2024-12-15 18:55:33] [INFO   ] Nueva conexión WebSocket establecida: /0:0:0:0:0:0:0:1 
[2024-12-15 18:55:39] [INFO   ] Conexión WebSocket cerrada: /0:0:0:0:0:0:0:1 
[2024-12-15 18:55:39] [INFO   ] Nueva conexión WebSocket establecida: /0:0:0:0:0:0:0:1 
[2024-12-15 18:55:45] [INFO   ] Conexión WebSocket cerrada: /0:0:0:0:0:0:0:1 
[2024-12-15 18:55:45] [INFO   ] Nueva conexión WebSocket establecida: /0:0:0:0:0:0:0:1 
[2024-12-15 18:55:51] [INFO   ] Conexión WebSocket cerrada: /0:0:0:0:0:0:0:1 
[2024-12-15 18:55:51] [INFO   ] Nueva conexión WebSocket establecida: /0:0:0:0:0:0:0:1 
[2024-12-15 18:55:57] [INFO   ] Conexión WebSocket cerrada: /0:0:0:0:0:0:0:1 
[2024-12-15 18:55:57] [INFO   ] Nueva conexión WebSocket establecida: /0:0:0:0:0:0:0:1 
[2024-12-15 18:56:03] [INFO   ] Conexión WebSocket cerrada: /0:0:0:0:0:0:0:1 
[2024-12-15 18:56:03] [INFO   ] Nueva conexión WebSocket establecida: /0:0:0:0:0:0:0:1 
[2024-12-15 18:56:09] [INFO   ] Conexión WebSocket cerrada: /0:0:0:0:0:0:0:1 
[2024-12-15 18:56:09] [INFO   ] Nueva conexión WebSocket establecida: /0:0:0:0:0:0:0:1 
[2024-12-15 18:56:15] [INFO   ] Conexión WebSocket cerrada: /0:0:0:0:0:0:0:1 
[2024-12-15 18:56:15] [INFO   ] Nueva conexión WebSocket establecida: /0:0:0:0:0:0:0:1 
[2024-12-15 18:56:22] [INFO   ] Conexión WebSocket cerrada: /0:0:0:0:0:0:0:1 
[2024-12-15 18:56:22] [INFO   ] Nueva conexión WebSocket establecida: /0:0:0:0:0:0:0:1 
[2024-12-15 18:56:28] [INFO   ] Conexión WebSocket cerrada: /0:0:0:0:0:0:0:1 
[2024-12-15 18:56:28] [INFO   ] Nueva conexión WebSocket establecida: /0:0:0:0:0:0:0:1 
[2024-12-15 18:56:34] [INFO   ] Conexión WebSocket cerrada: /0:0:0:0:0:0:0:1 
[2024-12-15 18:56:34] [INFO   ] Nueva conexión WebSocket establecida: /0:0:0:0:0:0:0:1 
[2024-12-15 18:56:40] [INFO   ] Conexión WebSocket cerrada: /0:0:0:0:0:0:0:1 
[2024-12-15 18:56:40] [INFO   ] Nueva conexión WebSocket establecida: /0:0:0:0:0:0:0:1 
[2024-12-15 18:56:46] [INFO   ] Conexión WebSocket cerrada: /0:0:0:0:0:0:0:1 
[2024-12-15 18:56:46] [INFO   ] Nueva conexión WebSocket establecida: /0:0:0:0:0:0:0:1 
[2024-12-15 18:56:51] [INFO   ] Conexión WebSocket cerrada: /0:0:0:0:0:0:0:1 
[2024-12-15 18:56:51] [INFO   ] Nueva conexión WebSocket establecida: /0:0:0:0:0:0:0:1 
[2024-12-15 18:56:57] [INFO   ] Conexión WebSocket cerrada: /0:0:0:0:0:0:0:1 
[2024-12-15 18:56:57] [INFO   ] Nueva conexión WebSocket establecida: /0:0:0:0:0:0:0:1 
[2024-12-15 18:57:03] [INFO   ] Conexión WebSocket cerrada: /0:0:0:0:0:0:0:1 
[2024-12-15 18:57:03] [INFO   ] Nueva conexión WebSocket establecida: /0:0:0:0:0:0:0:1 
[2024-12-15 18:57:09] [INFO   ] Conexión WebSocket cerrada: /0:0:0:0:0:0:0:1 
[2024-12-15 18:57:09] [INFO   ] Nueva conexión WebSocket establecida: /0:0:0:0:0:0:0:1 
[2024-12-15 18:57:15] [INFO   ] Conexión WebSocket cerrada: /0:0:0:0:0:0:0:1 
[2024-12-15 18:57:15] [INFO   ] Nueva conexión WebSocket establecida: /0:0:0:0:0:0:0:1 
[2024-12-15 18:57:21] [INFO   ] Conexión WebSocket cerrada: /0:0:0:0:0:0:0:1 
[2024-12-15 18:57:21] [INFO   ] Nueva conexión WebSocket establecida: /0:0:0:0:0:0:0:1 
[2024-12-15 18:57:22] [INFO   ] Conexión WebSocket cerrada: /0:0:0:0:0:0:0:1 
[2024-12-15 18:57:22] [INFO   ] Conexión WebSocket cerrada: /0:0:0:0:0:0:0:1 
[2024-12-15 18:57:22] [INFO   ] Conexión WebSocket cerrada: /0:0:0:0:0:0:0:1 
[2024-12-15 18:57:23] [INFO   ] Nueva conexión WebSocket establecida: /0:0:0:0:0:0:0:1 
[2024-12-15 18:57:23] [INFO   ] Nueva conexión WebSocket establecida: /0:0:0:0:0:0:0:1 
[2024-12-15 18:57:23] [INFO   ] Nueva conexión WebSocket establecida: /0:0:0:0:0:0:0:1 
[2024-12-15 18:57:23] [INFO   ] Conexión WebSocket cerrada: /0:0:0:0:0:0:0:1 
[2024-12-15 18:57:23] [INFO   ] Conexión WebSocket cerrada: /0:0:0:0:0:0:0:1 
[2024-12-15 18:57:23] [INFO   ] Conexión WebSocket cerrada: /0:0:0:0:0:0:0:1 
[2024-12-15 18:57:23] [INFO   ] Nueva conexión WebSocket establecida: /0:0:0:0:0:0:0:1 
[2024-12-15 18:57:23] [INFO   ] Nueva conexión WebSocket establecida: /0:0:0:0:0:0:0:1 
[2024-12-15 18:57:23] [INFO   ] Nueva conexión WebSocket establecida: /0:0:0:0:0:0:0:1 
[2024-12-15 18:57:25] [INFO   ] DateTime encontrado: 2024-07-01 00:53:00 
[2024-12-15 18:57:26] [INFO   ] Configurada tiempo de avance de simulación: 5 
[2024-12-15 18:57:26] [INFO   ] Intentando inicializar simulacion. 
[2024-12-15 18:57:27] [INFO   ] Configurada tiempo de avance de simulación: 5 
[2024-12-15 18:57:27] [INFO   ] Intentando inicializar simulacion. 
[2024-12-15 18:57:27] [INFO   ] Configurada tiempo de avance de simulación: 5 
[2024-12-15 18:57:27] [INFO   ] Intentando inicializar simulacion. 
[2024-12-15 18:57:27] [INFO   ] Conexión WebSocket cerrada: /0:0:0:0:0:0:0:1 
[2024-12-15 18:57:27] [INFO   ] Nueva conexión WebSocket establecida: /0:0:0:0:0:0:0:1 
[2024-12-15 18:57:27] [INFO   ] Configurada tiempo de avance de simulación: 5 
[2024-12-15 18:57:27] [INFO   ] Intentando inicializar simulacion. 
[2024-12-15 18:57:28] [INFO   ] Configurada tiempo de avance de simulación: 5 
[2024-12-15 18:57:28] [INFO   ] Intentando inicializar simulacion. 
[2024-12-15 18:57:28] [INFO   ] Configurada tiempo de avance de simulación: 5 
[2024-12-15 18:57:28] [INFO   ] Intentando inicializar simulacion. 
[2024-12-15 18:57:28] [INFO   ] Configurada tiempo de avance de simulación: 5 
[2024-12-15 18:57:28] [INFO   ] Intentando inicializar simulacion. 
[2024-12-15 18:57:28] [INFO   ] Configurada tiempo de avance de simulación: 5 
[2024-12-15 18:57:28] [INFO   ] Intentando inicializar simulacion. 
[2024-12-15 18:57:33] [INFO   ] Conexión WebSocket cerrada: /0:0:0:0:0:0:0:1 
[2024-12-15 18:57:33] [INFO   ] Nueva conexión WebSocket establecida: /0:0:0:0:0:0:0:1 
[2024-12-15 18:57:39] [INFO   ] Conexión WebSocket cerrada: /0:0:0:0:0:0:0:1 
[2024-12-15 18:57:39] [INFO   ] Nueva conexión WebSocket establecida: /0:0:0:0:0:0:0:1 
[2024-12-15 18:57:46] [INFO   ] Conexión WebSocket cerrada: /0:0:0:0:0:0:0:1 
[2024-12-15 18:57:46] [INFO   ] Nueva conexión WebSocket establecida: /0:0:0:0:0:0:0:1 
[2024-12-15 18:57:52] [INFO   ] Conexión WebSocket cerrada: /0:0:0:0:0:0:0:1 
[2024-12-15 18:57:52] [INFO   ] Nueva conexión WebSocket establecida: /0:0:0:0:0:0:0:1 
[2024-12-15 18:57:57] [INFO   ] Conexión WebSocket cerrada: /0:0:0:0:0:0:0:1 
[2024-12-15 18:57:57] [INFO   ] Nueva conexión WebSocket establecida: /0:0:0:0:0:0:0:1 
[2024-12-15 18:58:03] [INFO   ] Conexión WebSocket cerrada: /0:0:0:0:0:0:0:1 
[2024-12-15 18:58:03] [INFO   ] Nueva conexión WebSocket establecida: /0:0:0:0:0:0:0:1 
[2024-12-15 18:58:09] [INFO   ] Conexión WebSocket cerrada: /0:0:0:0:0:0:0:1 
[2024-12-15 18:58:09] [INFO   ] Nueva conexión WebSocket establecida: /0:0:0:0:0:0:0:1 
[2024-12-15 18:58:15] [INFO   ] Conexión WebSocket cerrada: /0:0:0:0:0:0:0:1 
[2024-12-15 18:58:15] [INFO   ] Nueva conexión WebSocket establecida: /0:0:0:0:0:0:0:1 
[2024-12-15 18:58:22] [INFO   ] Conexión WebSocket cerrada: /0:0:0:0:0:0:0:1 
[2024-12-15 18:58:22] [INFO   ] Nueva conexión WebSocket establecida: /0:0:0:0:0:0:0:1 
[2024-12-15 18:58:27] [INFO   ] Conexión WebSocket cerrada: /0:0:0:0:0:0:0:1 
[2024-12-15 18:58:27] [INFO   ] Nueva conexión WebSocket establecida: /0:0:0:0:0:0:0:1 
[2024-12-15 18:58:33] [INFO   ] Conexión WebSocket cerrada: /0:0:0:0:0:0:0:1 
[2024-12-15 18:58:33] [INFO   ] Nueva conexión WebSocket establecida: /0:0:0:0:0:0:0:1 
[2024-12-15 18:58:39] [INFO   ] Conexión WebSocket cerrada: /0:0:0:0:0:0:0:1 
[2024-12-15 18:58:39] [INFO   ] Nueva conexión WebSocket establecida: /0:0:0:0:0:0:0:1 
[2024-12-15 18:58:45] [INFO   ] Conexión WebSocket cerrada: /0:0:0:0:0:0:0:1 
[2024-12-15 18:58:45] [INFO   ] Nueva conexión WebSocket establecida: /0:0:0:0:0:0:0:1 
[2024-12-15 18:58:51] [INFO   ] Conexión WebSocket cerrada: /0:0:0:0:0:0:0:1 
[2024-12-15 18:58:51] [INFO   ] Nueva conexión WebSocket establecida: /0:0:0:0:0:0:0:1 
[2024-12-15 18:58:58] [INFO   ] Conexión WebSocket cerrada: /0:0:0:0:0:0:0:1 
[2024-12-15 18:58:58] [INFO   ] Nueva conexión WebSocket establecida: /0:0:0:0:0:0:0:1 
[2024-12-15 18:59:03] [INFO   ] Conexión WebSocket cerrada: /0:0:0:0:0:0:0:1 
[2024-12-15 18:59:03] [INFO   ] Nueva conexión WebSocket establecida: /0:0:0:0:0:0:0:1 
[2024-12-15 18:59:09] [INFO   ] Conexión WebSocket cerrada: /0:0:0:0:0:0:0:1 
[2024-12-15 18:59:09] [INFO   ] Nueva conexión WebSocket establecida: /0:0:0:0:0:0:0:1 
[2024-12-15 18:59:15] [INFO   ] Conexión WebSocket cerrada: /0:0:0:0:0:0:0:1 
[2024-12-15 18:59:15] [INFO   ] Nueva conexión WebSocket establecida: /0:0:0:0:0:0:0:1 
[2024-12-15 18:59:21] [INFO   ] Conexión WebSocket cerrada: /0:0:0:0:0:0:0:1 
[2024-12-15 18:59:21] [INFO   ] Nueva conexión WebSocket establecida: /0:0:0:0:0:0:0:1 
[2024-12-15 18:59:28] [INFO   ] Conexión WebSocket cerrada: /0:0:0:0:0:0:0:1 
[2024-12-15 18:59:28] [INFO   ] Nueva conexión WebSocket establecida: /0:0:0:0:0:0:0:1 
[2024-12-15 18:59:33] [INFO   ] Conexión WebSocket cerrada: /0:0:0:0:0:0:0:1 
[2024-12-15 18:59:33] [INFO   ] Nueva conexión WebSocket establecida: /0:0:0:0:0:0:0:1 
[2024-12-15 18:59:39] [INFO   ] Conexión WebSocket cerrada: /0:0:0:0:0:0:0:1 
[2024-12-15 18:59:39] [INFO   ] Nueva conexión WebSocket establecida: /0:0:0:0:0:0:0:1 
[2024-12-15 18:59:45] [INFO   ] Conexión WebSocket cerrada: /0:0:0:0:0:0:0:1 
[2024-12-15 18:59:45] [INFO   ] Nueva conexión WebSocket establecida: /0:0:0:0:0:0:0:1 
[2024-12-15 18:59:51] [INFO   ] Conexión WebSocket cerrada: /0:0:0:0:0:0:0:1 
[2024-12-15 18:59:51] [INFO   ] Nueva conexión WebSocket establecida: /0:0:0:0:0:0:0:1 
[2024-12-15 18:59:57] [INFO   ] Conexión WebSocket cerrada: /0:0:0:0:0:0:0:1 
[2024-12-15 18:59:57] [INFO   ] Nueva conexión WebSocket establecida: /0:0:0:0:0:0:0:1 
[2024-12-15 19:00:04] [INFO   ] Conexión WebSocket cerrada: /0:0:0:0:0:0:0:1 
[2024-12-15 19:00:04] [INFO   ] Nueva conexión WebSocket establecida: /0:0:0:0:0:0:0:1 
[2024-12-15 19:00:10] [INFO   ] Conexión WebSocket cerrada: /0:0:0:0:0:0:0:1 
[2024-12-15 19:00:10] [INFO   ] Nueva conexión WebSocket establecida: /0:0:0:0:0:0:0:1 
[2024-12-15 19:00:16] [INFO   ] Conexión WebSocket cerrada: /0:0:0:0:0:0:0:1 
[2024-12-15 19:00:16] [INFO   ] Nueva conexión WebSocket establecida: /0:0:0:0:0:0:0:1 
[2024-12-15 19:00:21] [INFO   ] Conexión WebSocket cerrada: /0:0:0:0:0:0:0:1 
[2024-12-15 19:00:21] [INFO   ] Nueva conexión WebSocket establecida: /0:0:0:0:0:0:0:1 
[2024-12-15 19:00:27] [INFO   ] Conexión WebSocket cerrada: /0:0:0:0:0:0:0:1 
[2024-12-15 19:00:27] [INFO   ] Nueva conexión WebSocket establecida: /0:0:0:0:0:0:0:1 
[2024-12-15 19:00:33] [INFO   ] Conexión WebSocket cerrada: /0:0:0:0:0:0:0:1 
[2024-12-15 19:00:33] [INFO   ] Nueva conexión WebSocket establecida: /0:0:0:0:0:0:0:1 
[2024-12-15 19:00:39] [INFO   ] Conexión WebSocket cerrada: /0:0:0:0:0:0:0:1 
[2024-12-15 19:00:39] [INFO   ] Nueva conexión WebSocket establecida: /0:0:0:0:0:0:0:1 
[2024-12-15 19:00:46] [INFO   ] Conexión WebSocket cerrada: /0:0:0:0:0:0:0:1 
[2024-12-15 19:00:46] [INFO   ] Nueva conexión WebSocket establecida: /0:0:0:0:0:0:0:1 
[2024-12-15 19:00:51] [INFO   ] Conexión WebSocket cerrada: /0:0:0:0:0:0:0:1 
[2024-12-15 19:00:51] [INFO   ] Nueva conexión WebSocket establecida: /0:0:0:0:0:0:0:1 
[2024-12-15 19:00:57] [INFO   ] Conexión WebSocket cerrada: /0:0:0:0:0:0:0:1 
[2024-12-15 19:00:57] [INFO   ] Nueva conexión WebSocket establecida: /0:0:0:0:0:0:0:1 
[2024-12-15 19:01:03] [INFO   ] Conexión WebSocket cerrada: /0:0:0:0:0:0:0:1 
[2024-12-15 19:01:03] [INFO   ] Nueva conexión WebSocket establecida: /0:0:0:0:0:0:0:1 
[2024-12-15 19:01:09] [INFO   ] Conexión WebSocket cerrada: /0:0:0:0:0:0:0:1 
[2024-12-15 19:01:09] [INFO   ] Nueva conexión WebSocket establecida: /0:0:0:0:0:0:0:1 
[2024-12-15 19:01:15] [INFO   ] Conexión WebSocket cerrada: /0:0:0:0:0:0:0:1 
[2024-12-15 19:01:15] [INFO   ] Nueva conexión WebSocket establecida: /0:0:0:0:0:0:0:1 
[2024-12-15 19:01:21] [INFO   ] Conexión WebSocket cerrada: /0:0:0:0:0:0:0:1 
[2024-12-15 19:01:21] [INFO   ] Nueva conexión WebSocket establecida: /0:0:0:0:0:0:0:1 
[2024-12-15 19:01:27] [INFO   ] Conexión WebSocket cerrada: /0:0:0:0:0:0:0:1 
[2024-12-15 19:01:27] [INFO   ] Nueva conexión WebSocket establecida: /0:0:0:0:0:0:0:1 
[2024-12-15 19:01:33] [INFO   ] Conexión WebSocket cerrada: /0:0:0:0:0:0:0:1 
[2024-12-15 19:01:33] [INFO   ] Nueva conexión WebSocket establecida: /0:0:0:0:0:0:0:1 
[2024-12-15 19:01:39] [INFO   ] Conexión WebSocket cerrada: /0:0:0:0:0:0:0:1 
[2024-12-15 19:01:39] [INFO   ] Nueva conexión WebSocket establecida: /0:0:0:0:0:0:0:1 
[2024-12-15 19:01:45] [INFO   ] Conexión WebSocket cerrada: /0:0:0:0:0:0:0:1 
[2024-12-15 19:01:45] [INFO   ] Nueva conexión WebSocket establecida: /0:0:0:0:0:0:0:1 
[2024-12-15 19:01:52] [INFO   ] Conexión WebSocket cerrada: /0:0:0:0:0:0:0:1 
[2024-12-15 19:01:52] [INFO   ] Nueva conexión WebSocket establecida: /0:0:0:0:0:0:0:1 
[2024-12-15 19:01:54] [INFO   ] Conexión WebSocket cerrada: /0:0:0:0:0:0:0:1 
[2024-12-15 19:01:54] [INFO   ] Conexión WebSocket cerrada: /0:0:0:0:0:0:0:1 
[2024-12-15 19:01:54] [INFO   ] Conexión WebSocket cerrada: /0:0:0:0:0:0:0:1 
