[2024-12-14 13:22:47] [INFO   ] Sistema de logs iniciado. Archivo de logs: logs/simulation_20241214_132247.log 
[2024-12-14 13:22:48] [INFO   ] Ubicaciones cargadas: 195 
[2024-12-14 13:22:48] [INFO   ] Servidor de simulación iniciado en el puerto 4567 
[2024-12-14 13:22:50] [INFO   ] Nueva conexión WebSocket establecida: /0:0:0:0:0:0:0:1 
[2024-12-14 13:22:57] [INFO   ] Conexión WebSocket cerrada: /0:0:0:0:0:0:0:1 
[2024-12-14 13:22:58] [INFO   ] Nueva conexión WebSocket establecida: /0:0:0:0:0:0:0:1 
[2024-12-14 13:22:58] [INFO   ] Nueva conexión WebSocket establecida: /0:0:0:0:0:0:0:1 
[2024-12-14 13:22:58] [INFO   ] Nueva conexión WebSocket establecida: /0:0:0:0:0:0:0:1 
[2024-12-14 13:22:58] [INFO   ] Conexión WebSocket cerrada: /0:0:0:0:0:0:0:1 
[2024-12-14 13:22:58] [INFO   ] Conexión WebSocket cerrada: /0:0:0:0:0:0:0:1 
[2024-12-14 13:22:58] [INFO   ] Conexión WebSocket cerrada: /0:0:0:0:0:0:0:1 
[2024-12-14 13:22:58] [INFO   ] Nueva conexión WebSocket establecida: /0:0:0:0:0:0:0:1 
[2024-12-14 13:22:58] [INFO   ] Nueva conexión WebSocket establecida: /0:0:0:0:0:0:0:1 
[2024-12-14 13:22:58] [INFO   ] Nueva conexión WebSocket establecida: /0:0:0:0:0:0:0:1 
[2024-12-14 13:23:04] [INFO   ] Conexión WebSocket cerrada: /0:0:0:0:0:0:0:1 
[2024-12-14 13:23:04] [INFO   ] Nueva conexión WebSocket establecida: /0:0:0:0:0:0:0:1 
[2024-12-14 13:23:07] [INFO   ] DateTime encontrado: 2024-08-01 00:09:00 
[2024-12-14 13:23:09] [INFO   ] Conexión WebSocket cerrada: /0:0:0:0:0:0:0:1 
[2024-12-14 13:23:09] [INFO   ] Nueva conexión WebSocket establecida: /0:0:0:0:0:0:0:1 
[2024-12-14 13:23:13] [INFO   ] Conexión WebSocket cerrada: /0:0:0:0:0:0:0:1 
[2024-12-14 13:23:13] [INFO   ] Nueva conexión WebSocket establecida: /0:0:0:0:0:0:0:1 
[2024-12-14 13:23:16] [INFO   ] Configurada tiempo de avance de simulación: 5 
[2024-12-14 13:23:16] [INFO   ] Intentando inicializar simulacion. 
[2024-12-14 13:23:18] [INFO   ] Configurada tiempo de avance de simulación: 5 
[2024-12-14 13:23:18] [INFO   ] Intentando inicializar simulacion. 
[2024-12-14 13:23:18] [INFO   ] Conexión WebSocket cerrada: /0:0:0:0:0:0:0:1 
[2024-12-14 13:23:18] [INFO   ] Nueva conexión WebSocket establecida: /0:0:0:0:0:0:0:1 
[2024-12-14 13:23:23] [INFO   ] Conexión WebSocket cerrada: /0:0:0:0:0:0:0:1 
[2024-12-14 13:23:23] [INFO   ] Nueva conexión WebSocket establecida: /0:0:0:0:0:0:0:1 
[2024-12-14 13:23:29] [INFO   ] Conexión WebSocket cerrada: /0:0:0:0:0:0:0:1 
[2024-12-14 13:23:29] [INFO   ] Nueva conexión WebSocket establecida: /0:0:0:0:0:0:0:1 
[2024-12-14 13:23:35] [INFO   ] Conexión WebSocket cerrada: /0:0:0:0:0:0:0:1 
[2024-12-14 13:23:35] [INFO   ] Nueva conexión WebSocket establecida: /0:0:0:0:0:0:0:1 
[2024-12-14 13:23:41] [INFO   ] Conexión WebSocket cerrada: /0:0:0:0:0:0:0:1 
[2024-12-14 13:23:41] [INFO   ] Nueva conexión WebSocket establecida: /0:0:0:0:0:0:0:1 
[2024-12-14 13:23:45] [INFO   ] Conexión WebSocket cerrada: /0:0:0:0:0:0:0:1 
[2024-12-14 13:23:45] [INFO   ] Nueva conexión WebSocket establecida: /0:0:0:0:0:0:0:1 
[2024-12-14 13:23:45] [INFO   ] Conexión WebSocket cerrada: /0:0:0:0:0:0:0:1 
[2024-12-14 13:23:45] [INFO   ] Conexión WebSocket cerrada: /0:0:0:0:0:0:0:1 
[2024-12-14 13:23:45] [INFO   ] Conexión WebSocket cerrada: /0:0:0:0:0:0:0:1 
[2024-12-14 13:23:46] [INFO   ] Nueva conexión WebSocket establecida: /0:0:0:0:0:0:0:1 
[2024-12-14 13:23:46] [INFO   ] Nueva conexión WebSocket establecida: /0:0:0:0:0:0:0:1 
[2024-12-14 13:23:46] [INFO   ] Nueva conexión WebSocket establecida: /0:0:0:0:0:0:0:1 
[2024-12-14 13:23:47] [INFO   ] Nueva conexión WebSocket establecida: /0:0:0:0:0:0:0:1 
[2024-12-14 13:23:47] [INFO   ] Conexión WebSocket cerrada: /0:0:0:0:0:0:0:1 
[2024-12-14 13:23:47] [INFO   ] Conexión WebSocket cerrada: /0:0:0:0:0:0:0:1 
[2024-12-14 13:23:47] [INFO   ] Conexión WebSocket cerrada: /0:0:0:0:0:0:0:1 
[2024-12-14 13:23:47] [INFO   ] Nueva conexión WebSocket establecida: /0:0:0:0:0:0:0:1 
[2024-12-14 13:23:47] [INFO   ] Nueva conexión WebSocket establecida: /0:0:0:0:0:0:0:1 
[2024-12-14 13:23:52] [INFO   ] Conexión WebSocket cerrada: /0:0:0:0:0:0:0:1 
[2024-12-14 13:23:52] [INFO   ] Nueva conexión WebSocket establecida: /0:0:0:0:0:0:0:1 
[2024-12-14 13:23:56] [INFO   ] DateTime encontrado: 2025-08-01 00:02:00 
[2024-12-14 13:23:57] [INFO   ] Conexión WebSocket cerrada: /0:0:0:0:0:0:0:1 
[2024-12-14 13:23:57] [INFO   ] Nueva conexión WebSocket establecida: /0:0:0:0:0:0:0:1 
[2024-12-14 13:24:02] [INFO   ] Conexión WebSocket cerrada: /0:0:0:0:0:0:0:1 
[2024-12-14 13:24:02] [INFO   ] Nueva conexión WebSocket establecida: /0:0:0:0:0:0:0:1 
[2024-12-14 13:24:02] [INFO   ] Configurada tiempo de avance de simulación: 5 
[2024-12-14 13:24:02] [INFO   ] Intentando inicializar simulacion. 
[2024-12-14 13:24:04] [INFO   ] Configurada tiempo de avance de simulación: 5 
[2024-12-14 13:24:04] [INFO   ] Intentando inicializar simulacion. 
[2024-12-14 13:24:04] [INFO   ] Configurada tiempo de avance de simulación: 5 
[2024-12-14 13:24:04] [INFO   ] Intentando inicializar simulacion. 
[2024-12-14 13:24:04] [INFO   ] Configurada tiempo de avance de simulación: 5 
[2024-12-14 13:24:04] [INFO   ] Intentando inicializar simulacion. 
[2024-12-14 13:24:08] [INFO   ] Conexión WebSocket cerrada: /0:0:0:0:0:0:0:1 
[2024-12-14 13:24:08] [INFO   ] Nueva conexión WebSocket establecida: /0:0:0:0:0:0:0:1 
[2024-12-14 13:24:14] [INFO   ] Conexión WebSocket cerrada: /0:0:0:0:0:0:0:1 
[2024-12-14 13:24:14] [INFO   ] Nueva conexión WebSocket establecida: /0:0:0:0:0:0:0:1 
[2024-12-14 13:24:19] [INFO   ] Conexión WebSocket cerrada: /0:0:0:0:0:0:0:1 
[2024-12-14 13:24:19] [INFO   ] Nueva conexión WebSocket establecida: /0:0:0:0:0:0:0:1 
[2024-12-14 13:24:25] [INFO   ] Conexión WebSocket cerrada: /0:0:0:0:0:0:0:1 
[2024-12-14 13:24:25] [INFO   ] Nueva conexión WebSocket establecida: /0:0:0:0:0:0:0:1 
[2024-12-14 13:24:31] [INFO   ] Conexión WebSocket cerrada: /0:0:0:0:0:0:0:1 
[2024-12-14 13:24:31] [INFO   ] Nueva conexión WebSocket establecida: /0:0:0:0:0:0:0:1 
[2024-12-14 13:24:38] [INFO   ] Conexión WebSocket cerrada: /0:0:0:0:0:0:0:1 
[2024-12-14 13:24:38] [INFO   ] Nueva conexión WebSocket establecida: /0:0:0:0:0:0:0:1 
[2024-12-14 13:24:44] [INFO   ] Conexión WebSocket cerrada: /0:0:0:0:0:0:0:1 
[2024-12-14 13:24:44] [INFO   ] Nueva conexión WebSocket establecida: /0:0:0:0:0:0:0:1 
[2024-12-14 13:24:49] [INFO   ] Conexión WebSocket cerrada: /0:0:0:0:0:0:0:1 
[2024-12-14 13:24:49] [INFO   ] Nueva conexión WebSocket establecida: /0:0:0:0:0:0:0:1 
[2024-12-14 13:24:55] [INFO   ] Conexión WebSocket cerrada: /0:0:0:0:0:0:0:1 
[2024-12-14 13:24:55] [INFO   ] Nueva conexión WebSocket establecida: /0:0:0:0:0:0:0:1 
[2024-12-14 13:25:01] [INFO   ] Conexión WebSocket cerrada: /0:0:0:0:0:0:0:1 
[2024-12-14 13:25:01] [INFO   ] Nueva conexión WebSocket establecida: /0:0:0:0:0:0:0:1 
[2024-12-14 13:25:08] [INFO   ] Conexión WebSocket cerrada: /0:0:0:0:0:0:0:1 
[2024-12-14 13:25:08] [INFO   ] Nueva conexión WebSocket establecida: /0:0:0:0:0:0:0:1 
[2024-12-14 13:25:14] [INFO   ] Conexión WebSocket cerrada: /0:0:0:0:0:0:0:1 
[2024-12-14 13:25:14] [INFO   ] Nueva conexión WebSocket establecida: /0:0:0:0:0:0:0:1 
[2024-12-14 13:25:19] [INFO   ] Conexión WebSocket cerrada: /0:0:0:0:0:0:0:1 
[2024-12-14 13:25:19] [INFO   ] Nueva conexión WebSocket establecida: /0:0:0:0:0:0:0:1 
[2024-12-14 13:25:25] [INFO   ] Conexión WebSocket cerrada: /0:0:0:0:0:0:0:1 
[2024-12-14 13:25:25] [INFO   ] Nueva conexión WebSocket establecida: /0:0:0:0:0:0:0:1 
[2024-12-14 13:25:31] [INFO   ] Conexión WebSocket cerrada: /0:0:0:0:0:0:0:1 
[2024-12-14 13:25:31] [INFO   ] Nueva conexión WebSocket establecida: /0:0:0:0:0:0:0:1 
[2024-12-14 13:25:38] [INFO   ] Conexión WebSocket cerrada: /0:0:0:0:0:0:0:1 
[2024-12-14 13:25:38] [INFO   ] Nueva conexión WebSocket establecida: /0:0:0:0:0:0:0:1 
[2024-12-14 13:25:44] [INFO   ] Conexión WebSocket cerrada: /0:0:0:0:0:0:0:1 
[2024-12-14 13:25:44] [INFO   ] Nueva conexión WebSocket establecida: /0:0:0:0:0:0:0:1 
[2024-12-14 13:25:49] [INFO   ] Conexión WebSocket cerrada: /0:0:0:0:0:0:0:1 
[2024-12-14 13:25:49] [INFO   ] Nueva conexión WebSocket establecida: /0:0:0:0:0:0:0:1 
[2024-12-14 13:25:55] [INFO   ] Conexión WebSocket cerrada: /0:0:0:0:0:0:0:1 
[2024-12-14 13:25:55] [INFO   ] Nueva conexión WebSocket establecida: /0:0:0:0:0:0:0:1 
[2024-12-14 13:26:01] [INFO   ] Conexión WebSocket cerrada: /0:0:0:0:0:0:0:1 
[2024-12-14 13:26:01] [INFO   ] Nueva conexión WebSocket establecida: /0:0:0:0:0:0:0:1 
[2024-12-14 13:26:08] [INFO   ] Conexión WebSocket cerrada: /0:0:0:0:0:0:0:1 
[2024-12-14 13:26:08] [INFO   ] Nueva conexión WebSocket establecida: /0:0:0:0:0:0:0:1 
[2024-12-14 13:26:14] [INFO   ] Conexión WebSocket cerrada: /0:0:0:0:0:0:0:1 
[2024-12-14 13:26:14] [INFO   ] Nueva conexión WebSocket establecida: /0:0:0:0:0:0:0:1 
[2024-12-14 13:26:20] [INFO   ] Conexión WebSocket cerrada: /0:0:0:0:0:0:0:1 
[2024-12-14 13:26:20] [INFO   ] Nueva conexión WebSocket establecida: /0:0:0:0:0:0:0:1 
[2024-12-14 13:26:25] [INFO   ] Conexión WebSocket cerrada: /0:0:0:0:0:0:0:1 
[2024-12-14 13:26:25] [INFO   ] Nueva conexión WebSocket establecida: /0:0:0:0:0:0:0:1 
[2024-12-14 13:26:31] [INFO   ] Conexión WebSocket cerrada: /0:0:0:0:0:0:0:1 
[2024-12-14 13:26:31] [INFO   ] Nueva conexión WebSocket establecida: /0:0:0:0:0:0:0:1 
[2024-12-14 13:26:37] [INFO   ] Conexión WebSocket cerrada: /0:0:0:0:0:0:0:1 
[2024-12-14 13:26:37] [INFO   ] Nueva conexión WebSocket establecida: /0:0:0:0:0:0:0:1 
[2024-12-14 13:26:44] [INFO   ] Conexión WebSocket cerrada: /0:0:0:0:0:0:0:1 
[2024-12-14 13:26:44] [INFO   ] Nueva conexión WebSocket establecida: /0:0:0:0:0:0:0:1 
[2024-12-14 13:26:50] [INFO   ] Conexión WebSocket cerrada: /0:0:0:0:0:0:0:1 
[2024-12-14 13:26:50] [INFO   ] Nueva conexión WebSocket establecida: /0:0:0:0:0:0:0:1 
[2024-12-14 13:26:56] [INFO   ] Conexión WebSocket cerrada: /0:0:0:0:0:0:0:1 
[2024-12-14 13:26:56] [INFO   ] Nueva conexión WebSocket establecida: /0:0:0:0:0:0:0:1 
[2024-12-14 13:27:02] [INFO   ] Conexión WebSocket cerrada: /0:0:0:0:0:0:0:1 
[2024-12-14 13:27:02] [INFO   ] Nueva conexión WebSocket establecida: /0:0:0:0:0:0:0:1 
[2024-12-14 13:27:07] [INFO   ] Conexión WebSocket cerrada: /0:0:0:0:0:0:0:1 
[2024-12-14 13:27:07] [INFO   ] Nueva conexión WebSocket establecida: /0:0:0:0:0:0:0:1 
[2024-12-14 13:27:13] [INFO   ] Conexión WebSocket cerrada: /0:0:0:0:0:0:0:1 
[2024-12-14 13:27:13] [INFO   ] Nueva conexión WebSocket establecida: /0:0:0:0:0:0:0:1 
[2024-12-14 13:27:19] [INFO   ] Conexión WebSocket cerrada: /0:0:0:0:0:0:0:1 
[2024-12-14 13:27:19] [INFO   ] Nueva conexión WebSocket establecida: /0:0:0:0:0:0:0:1 
[2024-12-14 13:27:25] [INFO   ] Conexión WebSocket cerrada: /0:0:0:0:0:0:0:1 
[2024-12-14 13:27:25] [INFO   ] Nueva conexión WebSocket establecida: /0:0:0:0:0:0:0:1 
[2024-12-14 13:27:32] [INFO   ] Conexión WebSocket cerrada: /0:0:0:0:0:0:0:1 
[2024-12-14 13:27:32] [INFO   ] Nueva conexión WebSocket establecida: /0:0:0:0:0:0:0:1 
[2024-12-14 13:27:38] [INFO   ] Conexión WebSocket cerrada: /0:0:0:0:0:0:0:1 
[2024-12-14 13:27:38] [INFO   ] Nueva conexión WebSocket establecida: /0:0:0:0:0:0:0:1 
[2024-12-14 13:27:43] [INFO   ] Conexión WebSocket cerrada: /0:0:0:0:0:0:0:1 
[2024-12-14 13:27:43] [INFO   ] Nueva conexión WebSocket establecida: /0:0:0:0:0:0:0:1 
[2024-12-14 13:27:49] [INFO   ] Conexión WebSocket cerrada: /0:0:0:0:0:0:0:1 
[2024-12-14 13:27:49] [INFO   ] Nueva conexión WebSocket establecida: /0:0:0:0:0:0:0:1 
[2024-12-14 13:27:52] [INFO   ] Configurada tiempo de avance de simulación: 5 
[2024-12-14 13:27:52] [INFO   ] Intentando inicializar simulacion. 
[2024-12-14 13:27:52] [INFO   ] Configurada tiempo de avance de simulación: 5 
[2024-12-14 13:27:52] [INFO   ] Intentando inicializar simulacion. 
[2024-12-14 13:27:54] [INFO   ] Conexión WebSocket cerrada: /0:0:0:0:0:0:0:1 
[2024-12-14 13:27:54] [INFO   ] Nueva conexión WebSocket establecida: /0:0:0:0:0:0:0:1 
[2024-12-14 13:28:01] [INFO   ] Conexión WebSocket cerrada: /0:0:0:0:0:0:0:1 
[2024-12-14 13:28:01] [INFO   ] Nueva conexión WebSocket establecida: /0:0:0:0:0:0:0:1 
[2024-12-14 13:28:07] [INFO   ] Conexión WebSocket cerrada: /0:0:0:0:0:0:0:1 
[2024-12-14 13:28:07] [INFO   ] Nueva conexión WebSocket establecida: /0:0:0:0:0:0:0:1 
[2024-12-14 13:28:12] [INFO   ] Conexión WebSocket cerrada: /0:0:0:0:0:0:0:1 
[2024-12-14 13:28:12] [INFO   ] Nueva conexión WebSocket establecida: /0:0:0:0:0:0:0:1 
[2024-12-14 13:28:18] [INFO   ] Conexión WebSocket cerrada: /0:0:0:0:0:0:0:1 
[2024-12-14 13:28:18] [INFO   ] Nueva conexión WebSocket establecida: /0:0:0:0:0:0:0:1 
[2024-12-14 13:28:24] [INFO   ] Conexión WebSocket cerrada: /0:0:0:0:0:0:0:1 
[2024-12-14 13:28:24] [INFO   ] Nueva conexión WebSocket establecida: /0:0:0:0:0:0:0:1 
[2024-12-14 13:28:31] [INFO   ] Conexión WebSocket cerrada: /0:0:0:0:0:0:0:1 
[2024-12-14 13:28:31] [INFO   ] Nueva conexión WebSocket establecida: /0:0:0:0:0:0:0:1 
[2024-12-14 13:28:37] [INFO   ] Conexión WebSocket cerrada: /0:0:0:0:0:0:0:1 
[2024-12-14 13:28:37] [INFO   ] Nueva conexión WebSocket establecida: /0:0:0:0:0:0:0:1 
[2024-12-14 13:28:40] [SEVERE ] Error en la conexión WebSocket: java.util.concurrent.TimeoutException: Idle timeout expired: 300001/300000 ms 
[2024-12-14 13:28:40] [INFO   ] Conexión WebSocket cerrada: /0:0:0:0:0:0:0:1 
[2024-12-14 13:28:40] [SEVERE ] Error en la conexión WebSocket: java.util.concurrent.TimeoutException: Idle timeout expired: 300001/300000 ms 
[2024-12-14 13:28:40] [INFO   ] Conexión WebSocket cerrada: /0:0:0:0:0:0:0:1 
[2024-12-14 13:28:42] [INFO   ] Conexión WebSocket cerrada: /0:0:0:0:0:0:0:1 
[2024-12-14 13:28:42] [INFO   ] Nueva conexión WebSocket establecida: /0:0:0:0:0:0:0:1 
[2024-12-14 13:28:48] [INFO   ] Conexión WebSocket cerrada: /0:0:0:0:0:0:0:1 
[2024-12-14 13:28:48] [INFO   ] Nueva conexión WebSocket establecida: /0:0:0:0:0:0:0:1 
[2024-12-14 13:28:54] [INFO   ] Conexión WebSocket cerrada: /0:0:0:0:0:0:0:1 
[2024-12-14 13:28:54] [INFO   ] Nueva conexión WebSocket establecida: /0:0:0:0:0:0:0:1 
[2024-12-14 13:29:01] [INFO   ] Conexión WebSocket cerrada: /0:0:0:0:0:0:0:1 
[2024-12-14 13:29:01] [INFO   ] Nueva conexión WebSocket establecida: /0:0:0:0:0:0:0:1 
[2024-12-14 13:29:07] [INFO   ] Conexión WebSocket cerrada: /0:0:0:0:0:0:0:1 
[2024-12-14 13:29:07] [INFO   ] Nueva conexión WebSocket establecida: /0:0:0:0:0:0:0:1 
[2024-12-14 13:29:13] [INFO   ] Conexión WebSocket cerrada: /0:0:0:0:0:0:0:1 
[2024-12-14 13:29:13] [INFO   ] Nueva conexión WebSocket establecida: /0:0:0:0:0:0:0:1 
[2024-12-14 13:29:15] [INFO   ] Conexión WebSocket cerrada: /0:0:0:0:0:0:0:1 
