[2024-12-13 19:05:51] [INFO   ] Sistema de logs iniciado. Archivo de logs: logs/simulation_20241213_190551.log 
[2024-12-13 19:05:52] [INFO   ] Ubicaciones cargadas: 195 
[2024-12-13 19:05:52] [INFO   ] Servidor de simulación iniciado en el puerto 4567 
[2024-12-13 19:05:53] [INFO   ] Nueva conexión WebSocket establecida: /0:0:0:0:0:0:0:1 
[2024-12-13 19:05:53] [INFO   ] Nueva conexión WebSocket establecida: /0:0:0:0:0:0:0:1 
[2024-12-13 19:05:53] [INFO   ] Nueva conexión WebSocket establecida: /0:0:0:0:0:0:0:1 
[2024-12-13 19:05:53] [INFO   ] Conexión WebSocket cerrada: /0:0:0:0:0:0:0:1 
[2024-12-13 19:05:53] [INFO   ] Nueva conexión WebSocket establecida: /0:0:0:0:0:0:0:1 
[2024-12-13 19:05:53] [INFO   ] Conexión WebSocket cerrada: /0:0:0:0:0:0:0:1 
[2024-12-13 19:05:53] [INFO   ] Nueva conexión WebSocket establecida: /0:0:0:0:0:0:0:1 
[2024-12-13 19:05:53] [INFO   ] Nueva conexión WebSocket establecida: /0:0:0:0:0:0:0:1 
[2024-12-13 19:05:55] [INFO   ] Conexión WebSocket cerrada: /0:0:0:0:0:0:0:1 
[2024-12-13 19:05:55] [INFO   ] Conexión WebSocket cerrada: /0:0:0:0:0:0:0:1 
[2024-12-13 19:05:55] [INFO   ] Conexión WebSocket cerrada: /0:0:0:0:0:0:0:1 
[2024-12-13 19:05:55] [INFO   ] Conexión WebSocket cerrada: /0:0:0:0:0:0:0:1 
[2024-12-13 19:05:56] [INFO   ] Nueva conexión WebSocket establecida: /0:0:0:0:0:0:0:1 
[2024-12-13 19:05:56] [INFO   ] Nueva conexión WebSocket establecida: /0:0:0:0:0:0:0:1 
[2024-12-13 19:05:56] [INFO   ] Nueva conexión WebSocket establecida: /0:0:0:0:0:0:0:1 
[2024-12-13 19:05:56] [INFO   ] Conexión WebSocket cerrada: /0:0:0:0:0:0:0:1 
[2024-12-13 19:05:56] [INFO   ] Conexión WebSocket cerrada: /0:0:0:0:0:0:0:1 
[2024-12-13 19:05:56] [INFO   ] Conexión WebSocket cerrada: /0:0:0:0:0:0:0:1 
[2024-12-13 19:05:56] [INFO   ] Nueva conexión WebSocket establecida: /0:0:0:0:0:0:0:1 
[2024-12-13 19:05:56] [INFO   ] Nueva conexión WebSocket establecida: /0:0:0:0:0:0:0:1 
[2024-12-13 19:05:56] [INFO   ] Nueva conexión WebSocket establecida: /0:0:0:0:0:0:0:1 
[2024-12-13 19:06:00] [INFO   ] DateTime encontrado: 2024-09-01 00:40:00 
[2024-12-13 19:06:01] [INFO   ] Configurada tiempo de avance de simulación: 5 
[2024-12-13 19:06:01] [INFO   ] Intentando inicializar simulacion. 
[2024-12-13 19:06:01] [INFO   ] Se cargaron 194 bloqueos: 
[2024-12-13 19:06:01] [INFO   ] Bloqueo: 250301 => 150901, Inicio: 2024-09-05 22:54, Fin: 2024-09-17 21:17 
[2024-12-13 19:06:01] [INFO   ] Bloqueo: 250301 => 120201, Inicio: 2024-09-03 17:00, Fin: 2024-09-19 03:20 
[2024-12-13 19:06:01] [INFO   ] Bloqueo: 221001 => 130801, Inicio: 2024-09-04 12:25, Fin: 2024-09-14 14:51 
[2024-12-13 19:06:01] [INFO   ] Bloqueo: 221001 => 100101, Inicio: 2024-09-05 11:50, Fin: 2024-09-22 05:32 
[2024-12-13 19:06:01] [INFO   ] Bloqueo: 221001 => 021601, Inicio: 2024-09-05 18:02, Fin: 2024-09-19 14:46 
[2024-12-13 19:06:01] [INFO   ] Bloqueo: 220901 => 130801, Inicio: 2024-09-04 21:54, Fin: 2024-09-19 22:25 
[2024-12-13 19:06:01] [INFO   ] Bloqueo: 220901 => 060401, Inicio: 2024-09-07 19:38, Fin: 2024-09-24 04:55 
[2024-12-13 19:06:01] [INFO   ] Bloqueo: 220801 => 130601, Inicio: 2024-09-04 03:10, Fin: 2024-09-19 04:54 
[2024-12-13 19:06:01] [INFO   ] Bloqueo: 220801 => 060501, Inicio: 2024-09-01 15:12, Fin: 2024-09-19 08:39 
[2024-12-13 19:06:01] [INFO   ] Bloqueo: 220701 => 061201, Inicio: 2024-09-04 08:41, Fin: 2024-09-24 03:59 
[2024-12-13 19:06:01] [INFO   ] Bloqueo: 220701 => 021501, Inicio: 2024-09-02 16:22, Fin: 2024-09-23 06:49 
[2024-12-13 19:06:01] [INFO   ] Bloqueo: 220601 => 130501, Inicio: 2024-09-03 09:21, Fin: 2024-09-13 22:02 
[2024-12-13 19:06:01] [INFO   ] Bloqueo: 220601 => 060601, Inicio: 2024-09-05 17:20, Fin: 2024-09-16 05:48 
[2024-12-13 19:06:01] [INFO   ] Bloqueo: 220501 => 131001, Inicio: 2024-09-01 23:52, Fin: 2024-09-16 11:15 
[2024-12-13 19:06:01] [INFO   ] Bloqueo: 220501 => 060701, Inicio: 2024-09-03 11:56, Fin: 2024-09-22 13:56 
[2024-12-13 19:06:01] [INFO   ] Bloqueo: 220401 => 131201, Inicio: 2024-09-03 20:23, Fin: 2024-09-19 07:00 
[2024-12-13 19:06:01] [INFO   ] Bloqueo: 220401 => 100701, Inicio: 2024-09-04 20:11, Fin: 2024-09-19 21:13 
[2024-12-13 19:06:01] [INFO   ] Bloqueo: 220401 => 060101, Inicio: 2024-09-04 17:33, Fin: 2024-09-22 14:16 
[2024-12-13 19:06:01] [INFO   ] Bloqueo: 220301 => 021001, Inicio: 2024-09-04 09:31, Fin: 2024-09-14 13:05 
[2024-12-13 19:06:01] [INFO   ] Bloqueo: 220201 => 220801, Inicio: 2024-09-06 23:50, Fin: 2024-09-15 01:22 
[2024-12-13 19:06:01] [INFO   ] Bloqueo: 220201 => 060301, Inicio: 2024-09-05 13:57, Fin: 2024-09-24 11:42 
[2024-12-13 19:06:01] [INFO   ] Bloqueo: 220201 => 010501, Inicio: 2024-09-04 10:25, Fin: 2024-09-16 14:02 
[2024-12-13 19:06:01] [INFO   ] Bloqueo: 220101 => 130801, Inicio: 2024-09-02 12:27, Fin: 2024-09-19 01:38 
[2024-12-13 19:06:01] [INFO   ] Bloqueo: 220101 => 060301, Inicio: 2024-09-04 00:26, Fin: 2024-09-19 00:40 
[2024-12-13 19:06:01] [INFO   ] Bloqueo: 190201 => 130801, Inicio: 2024-09-06 11:10, Fin: 2024-09-18 05:43 
[2024-12-13 19:06:01] [INFO   ] Bloqueo: 190201 => 100601, Inicio: 2024-09-02 03:43, Fin: 2024-09-14 06:10 
[2024-12-13 19:06:01] [INFO   ] Bloqueo: 190101 => 150901, Inicio: 2024-09-06 23:30, Fin: 2024-09-17 00:52 
[2024-12-13 19:06:01] [INFO   ] Bloqueo: 150901 => 150801, Inicio: 2024-09-05 10:47, Fin: 2024-09-13 02:15 
[2024-12-13 19:06:01] [INFO   ] Bloqueo: 150901 => 100801, Inicio: 2024-09-07 14:28, Fin: 2024-09-18 22:40 
[2024-12-13 19:06:01] [INFO   ] Bloqueo: 150901 => 021501, Inicio: 2024-09-07 13:58, Fin: 2024-09-16 12:31 
[2024-12-13 19:06:01] [INFO   ] Bloqueo: 150801 => 150301, Inicio: 2024-09-05 16:10, Fin: 2024-09-13 22:29 
[2024-12-13 19:06:01] [INFO   ] Bloqueo: 150801 => 100701, Inicio: 2024-09-06 22:56, Fin: 2024-09-13 20:49 
[2024-12-13 19:06:01] [INFO   ] Bloqueo: 150801 => 021201, Inicio: 2024-09-01 07:56, Fin: 2024-09-18 09:46 
[2024-12-13 19:06:01] [INFO   ] Bloqueo: 150701 => 100801, Inicio: 2024-09-05 11:15, Fin: 2024-09-16 16:05 
[2024-12-13 19:06:01] [INFO   ] Bloqueo: 150701 => 021001, Inicio: 2024-09-02 09:34, Fin: 2024-09-23 23:45 
[2024-12-13 19:06:01] [INFO   ] Bloqueo: 150401 => 120901, Inicio: 2024-09-01 22:26, Fin: 2024-09-22 14:30 
[2024-12-13 19:06:01] [INFO   ] Bloqueo: 150401 => 090201, Inicio: 2024-09-07 07:12, Fin: 2024-09-20 14:42 
[2024-12-13 19:06:01] [INFO   ] Bloqueo: 150401 => 020701, Inicio: 2024-09-04 15:06, Fin: 2024-09-24 23:35 
[2024-12-13 19:06:01] [INFO   ] Bloqueo: 150301 => 022001, Inicio: 2024-09-07 13:09, Fin: 2024-09-20 19:24 
[2024-12-13 19:06:01] [INFO   ] Bloqueo: 150201 => 100401, Inicio: 2024-09-03 06:54, Fin: 2024-09-14 08:01 
[2024-12-13 19:06:01] [INFO   ] Bloqueo: 150201 => 020801, Inicio: 2024-09-03 22:29, Fin: 2024-09-21 12:49 
[2024-12-13 19:06:01] [INFO   ] Bloqueo: 131201 => 130301, Inicio: 2024-09-02 20:21, Fin: 2024-09-14 21:19 
[2024-12-13 19:06:01] [INFO   ] Bloqueo: 131201 => 060201, Inicio: 2024-09-07 03:13, Fin: 2024-09-19 20:04 
[2024-12-13 19:06:01] [INFO   ] Bloqueo: 131201 => 020901, Inicio: 2024-09-03 20:28, Fin: 2024-09-21 01:47 
[2024-12-13 19:06:01] [INFO   ] Bloqueo: 131101 => 130401, Inicio: 2024-09-03 17:26, Fin: 2024-09-18 14:14 
[2024-12-13 19:06:01] [INFO   ] Bloqueo: 131001 => 220301, Inicio: 2024-09-04 15:28, Fin: 2024-09-18 00:55 
[2024-12-13 19:06:01] [INFO   ] Bloqueo: 131001 => 101001, Inicio: 2024-09-06 17:10, Fin: 2024-09-22 21:30 
[2024-12-13 19:06:01] [INFO   ] Bloqueo: 131001 => 060401, Inicio: 2024-09-04 01:29, Fin: 2024-09-19 21:19 
[2024-12-13 19:06:01] [INFO   ] Bloqueo: 131001 => 010701, Inicio: 2024-09-01 06:07, Fin: 2024-09-21 04:29 
[2024-12-13 19:06:01] [INFO   ] Bloqueo: 130901 => 021601, Inicio: 2024-09-01 14:15, Fin: 2024-09-20 05:35 
[2024-12-13 19:06:01] [INFO   ] Bloqueo: 130801 => 190101, Inicio: 2024-09-05 14:17, Fin: 2024-09-15 05:22 
[2024-12-13 19:06:01] [INFO   ] Bloqueo: 130801 => 100801, Inicio: 2024-09-02 14:15, Fin: 2024-09-15 06:00 
[2024-12-13 19:06:01] [INFO   ] Bloqueo: 130801 => 060301, Inicio: 2024-09-03 18:00, Fin: 2024-09-21 18:18 
[2024-12-13 19:06:01] [INFO   ] Bloqueo: 130801 => 010101, Inicio: 2024-09-02 00:18, Fin: 2024-09-13 22:33 
[2024-12-13 19:06:01] [INFO   ] Bloqueo: 130701 => 130101, Inicio: 2024-09-03 03:54, Fin: 2024-09-17 23:17 
[2024-12-13 19:06:01] [INFO   ] Bloqueo: 130701 => 021601, Inicio: 2024-09-04 03:09, Fin: 2024-09-19 00:07 
[2024-12-13 19:06:01] [INFO   ] Bloqueo: 130601 => 130501, Inicio: 2024-09-03 07:49, Fin: 2024-09-14 02:07 
[2024-12-13 19:06:01] [INFO   ] Bloqueo: 130601 => 060301, Inicio: 2024-09-01 11:00, Fin: 2024-09-22 18:44 
[2024-12-13 19:06:01] [INFO   ] Bloqueo: 130601 => 020301, Inicio: 2024-09-07 13:29, Fin: 2024-09-15 16:21 
[2024-12-13 19:06:01] [INFO   ] Bloqueo: 130501 => 130301, Inicio: 2024-09-02 17:42, Fin: 2024-09-20 21:02 
[2024-12-13 19:06:01] [INFO   ] Bloqueo: 130501 => 060801, Inicio: 2024-09-05 17:12, Fin: 2024-09-23 00:31 
[2024-12-13 19:06:01] [INFO   ] Bloqueo: 130501 => 010201, Inicio: 2024-09-07 00:34, Fin: 2024-09-22 04:27 
[2024-12-13 19:06:01] [INFO   ] Bloqueo: 130401 => 130201, Inicio: 2024-09-07 22:06, Fin: 2024-09-24 04:00 
[2024-12-13 19:06:01] [INFO   ] Bloqueo: 130401 => 021901, Inicio: 2024-09-06 10:02, Fin: 2024-09-15 03:40 
[2024-12-13 19:06:01] [INFO   ] Bloqueo: 130301 => 020801, Inicio: 2024-09-01 22:28, Fin: 2024-09-18 17:16 
[2024-12-13 19:06:01] [INFO   ] Bloqueo: 130201 => 221001, Inicio: 2024-09-05 23:08, Fin: 2024-09-20 17:53 
[2024-12-13 19:06:01] [INFO   ] Bloqueo: 130201 => 130501, Inicio: 2024-09-02 08:13, Fin: 2024-09-24 19:01 
[2024-12-13 19:06:01] [INFO   ] Bloqueo: 130201 => 060301, Inicio: 2024-09-03 17:34, Fin: 2024-09-15 13:04 
[2024-12-13 19:06:01] [INFO   ] Bloqueo: 130201 => 020101, Inicio: 2024-09-05 02:21, Fin: 2024-09-15 02:28 
[2024-12-13 19:06:01] [INFO   ] Bloqueo: 130101 => 060501, Inicio: 2024-09-07 16:46, Fin: 2024-09-19 13:01 
[2024-12-13 19:06:01] [INFO   ] Bloqueo: 120901 => 190301, Inicio: 2024-09-04 05:10, Fin: 2024-09-15 09:28 
[2024-12-13 19:06:01] [INFO   ] Bloqueo: 120901 => 050201, Inicio: 2024-09-07 10:57, Fin: 2024-09-21 16:08 
[2024-12-13 19:06:01] [INFO   ] Bloqueo: 120801 => 120701, Inicio: 2024-09-01 11:04, Fin: 2024-09-21 19:49 
[2024-12-13 19:06:01] [INFO   ] Bloqueo: 120801 => 090101, Inicio: 2024-09-02 07:27, Fin: 2024-09-21 19:15 
[2024-12-13 19:06:01] [INFO   ] Bloqueo: 120701 => 190301, Inicio: 2024-09-03 03:57, Fin: 2024-09-18 18:42 
[2024-12-13 19:06:01] [INFO   ] Bloqueo: 120701 => 120301, Inicio: 2024-09-06 05:40, Fin: 2024-09-13 19:02 
[2024-12-13 19:06:01] [INFO   ] Bloqueo: 120701 => 050401, Inicio: 2024-09-05 01:27, Fin: 2024-09-15 01:36 
[2024-12-13 19:06:01] [INFO   ] Bloqueo: 120601 => 120501, Inicio: 2024-09-07 09:03, Fin: 2024-09-17 03:48 
[2024-12-13 19:06:01] [INFO   ] Bloqueo: 120501 => 150401, Inicio: 2024-09-03 20:09, Fin: 2024-09-15 02:57 
[2024-12-13 19:06:01] [INFO   ] Bloqueo: 120501 => 050501, Inicio: 2024-09-01 10:13, Fin: 2024-09-14 00:38 
[2024-12-13 19:06:01] [INFO   ] Bloqueo: 120501 => 020201, Inicio: 2024-09-03 05:23, Fin: 2024-09-23 15:21 
[2024-12-13 19:06:01] [INFO   ] Bloqueo: 120401 => 120601, Inicio: 2024-09-03 05:12, Fin: 2024-09-24 18:12 
[2024-12-13 19:06:01] [INFO   ] Bloqueo: 120301 => 070101, Inicio: 2024-09-07 21:38, Fin: 2024-09-22 17:17 
[2024-12-13 19:06:01] [INFO   ] Bloqueo: 120201 => 050501, Inicio: 2024-09-06 09:37, Fin: 2024-09-17 03:22 
[2024-12-13 19:06:01] [INFO   ] Bloqueo: 120101 => 090501, Inicio: 2024-09-03 22:48, Fin: 2024-09-16 00:46 
[2024-12-13 19:06:01] [INFO   ] Bloqueo: 101101 => 130901, Inicio: 2024-09-06 20:23, Fin: 2024-09-17 00:37 
[2024-12-13 19:06:01] [INFO   ] Bloqueo: 101101 => 120101, Inicio: 2024-09-07 14:46, Fin: 2024-09-23 11:08 
[2024-12-13 19:06:01] [INFO   ] Bloqueo: 101101 => 021901, Inicio: 2024-09-07 09:47, Fin: 2024-09-18 23:31 
[2024-12-13 19:06:01] [INFO   ] Bloqueo: 101001 => 020701, Inicio: 2024-09-06 21:17, Fin: 2024-09-18 05:36 
[2024-12-13 19:06:01] [INFO   ] Bloqueo: 100901 => 100701, Inicio: 2024-09-04 22:18, Fin: 2024-09-21 02:58 
[2024-12-13 19:06:01] [INFO   ] Bloqueo: 100901 => 020601, Inicio: 2024-09-01 18:25, Fin: 2024-09-16 19:19 
[2024-12-13 19:06:01] [INFO   ] Bloqueo: 100801 => 021501, Inicio: 2024-09-04 15:35, Fin: 2024-09-18 18:40 
[2024-12-13 19:06:01] [INFO   ] Bloqueo: 100701 => 150201, Inicio: 2024-09-02 09:37, Fin: 2024-09-22 13:50 
[2024-12-13 19:06:01] [INFO   ] Bloqueo: 100701 => 060101, Inicio: 2024-09-04 00:26, Fin: 2024-09-20 20:55 
[2024-12-13 19:06:01] [INFO   ] Bloqueo: 100701 => 020401, Inicio: 2024-09-01 12:32, Fin: 2024-09-19 01:04 
[2024-12-13 19:06:01] [INFO   ] Bloqueo: 100601 => 120701, Inicio: 2024-09-07 18:30, Fin: 2024-09-19 08:56 
[2024-12-13 19:06:01] [INFO   ] Bloqueo: 100601 => 100201, Inicio: 2024-09-07 14:44, Fin: 2024-09-18 00:55 
[2024-12-13 19:06:01] [INFO   ] Bloqueo: 100601 => 020901, Inicio: 2024-09-03 11:00, Fin: 2024-09-15 06:35 
[2024-12-13 19:06:01] [INFO   ] Bloqueo: 100501 => 130501, Inicio: 2024-09-04 22:10, Fin: 2024-09-23 18:49 
[2024-12-13 19:06:01] [INFO   ] Bloqueo: 100401 => 130301, Inicio: 2024-09-03 15:02, Fin: 2024-09-14 00:51 
[2024-12-13 19:06:01] [INFO   ] Bloqueo: 100401 => 061101, Inicio: 2024-09-02 21:50, Fin: 2024-09-23 04:38 
[2024-12-13 19:06:01] [INFO   ] Bloqueo: 100401 => 021201, Inicio: 2024-09-04 22:35, Fin: 2024-09-19 12:38 
[2024-12-13 19:06:01] [INFO   ] Bloqueo: 100301 => 220401, Inicio: 2024-09-05 17:56, Fin: 2024-09-21 06:40 
[2024-12-13 19:06:01] [INFO   ] Bloqueo: 100201 => 100301, Inicio: 2024-09-07 17:09, Fin: 2024-09-17 03:36 
[2024-12-13 19:06:01] [INFO   ] Bloqueo: 100201 => 021201, Inicio: 2024-09-05 23:49, Fin: 2024-09-14 06:41 
[2024-12-13 19:06:01] [INFO   ] Bloqueo: 100101 => 220201, Inicio: 2024-09-06 03:23, Fin: 2024-09-20 12:37 
[2024-12-13 19:06:01] [INFO   ] Bloqueo: 090701 => 050401, Inicio: 2024-09-02 08:33, Fin: 2024-09-14 18:57 
[2024-12-13 19:06:01] [INFO   ] Bloqueo: 090101 => 120401, Inicio: 2024-09-02 01:48, Fin: 2024-09-18 18:10 
[2024-12-13 19:06:01] [INFO   ] Bloqueo: 081301 => 040801, Inicio: 2024-09-04 17:23, Fin: 2024-09-13 16:37 
[2024-12-13 19:06:01] [INFO   ] Bloqueo: 081001 => 050401, Inicio: 2024-09-05 08:09, Fin: 2024-09-22 17:34 
[2024-12-13 19:06:01] [INFO   ] Bloqueo: 080701 => 051001, Inicio: 2024-09-07 05:57, Fin: 2024-09-17 23:40 
[2024-12-13 19:06:01] [INFO   ] Bloqueo: 080201 => 050901, Inicio: 2024-09-06 07:52, Fin: 2024-09-20 08:23 
[2024-12-13 19:06:01] [INFO   ] Bloqueo: 070101 => 020101, Inicio: 2024-09-03 17:40, Fin: 2024-09-16 06:09 
[2024-12-13 19:06:01] [INFO   ] Bloqueo: 061301 => 130301, Inicio: 2024-09-01 14:46, Fin: 2024-09-13 23:51 
[2024-12-13 19:06:01] [INFO   ] Bloqueo: 061201 => 100701, Inicio: 2024-09-01 04:47, Fin: 2024-09-17 14:20 
[2024-12-13 19:06:01] [INFO   ] Bloqueo: 061101 => 130401, Inicio: 2024-09-01 17:40, Fin: 2024-09-18 16:39 
[2024-12-13 19:06:01] [INFO   ] Bloqueo: 061101 => 021001, Inicio: 2024-09-02 13:54, Fin: 2024-09-21 12:07 
[2024-12-13 19:06:01] [INFO   ] Bloqueo: 061101 => 010201, Inicio: 2024-09-01 23:04, Fin: 2024-09-19 07:26 
[2024-12-13 19:06:01] [INFO   ] Bloqueo: 061001 => 130601, Inicio: 2024-09-07 03:05, Fin: 2024-09-17 23:02 
[2024-12-13 19:06:01] [INFO   ] Bloqueo: 061001 => 021801, Inicio: 2024-09-03 19:24, Fin: 2024-09-15 02:50 
[2024-12-13 19:06:01] [INFO   ] Bloqueo: 060701 => 220501, Inicio: 2024-09-02 19:29, Fin: 2024-09-22 05:55 
[2024-12-13 19:06:01] [INFO   ] Bloqueo: 060701 => 061001, Inicio: 2024-09-03 21:37, Fin: 2024-09-18 13:08 
[2024-12-13 19:06:01] [INFO   ] Bloqueo: 060601 => 061301, Inicio: 2024-09-03 13:59, Fin: 2024-09-15 06:27 
[2024-12-13 19:06:01] [INFO   ] Bloqueo: 060501 => 061201, Inicio: 2024-09-07 04:54, Fin: 2024-09-14 09:14 
[2024-12-13 19:06:01] [INFO   ] Bloqueo: 060501 => 010301, Inicio: 2024-09-03 18:46, Fin: 2024-09-15 15:15 
[2024-12-13 19:06:01] [INFO   ] Bloqueo: 060401 => 060501, Inicio: 2024-09-03 00:57, Fin: 2024-09-13 02:33 
[2024-12-13 19:06:01] [INFO   ] Bloqueo: 060301 => 130901, Inicio: 2024-09-05 12:26, Fin: 2024-09-15 06:42 
[2024-12-13 19:06:01] [INFO   ] Bloqueo: 060301 => 060801, Inicio: 2024-09-05 15:41, Fin: 2024-09-17 01:18 
[2024-12-13 19:06:01] [INFO   ] Bloqueo: 060301 => 020701, Inicio: 2024-09-02 10:00, Fin: 2024-09-22 02:03 
[2024-12-13 19:06:01] [INFO   ] Bloqueo: 060201 => 220501, Inicio: 2024-09-02 12:49, Fin: 2024-09-15 13:22 
[2024-12-13 19:06:01] [INFO   ] Bloqueo: 060201 => 022001, Inicio: 2024-09-07 07:13, Fin: 2024-09-14 20:15 
[2024-12-13 19:06:01] [INFO   ] Bloqueo: 060201 => 020101, Inicio: 2024-09-06 14:15, Fin: 2024-09-22 08:03 
[2024-12-13 19:06:01] [INFO   ] Bloqueo: 060101 => 061001, Inicio: 2024-09-04 14:16, Fin: 2024-09-20 23:06 
[2024-12-13 19:06:01] [INFO   ] Bloqueo: 060101 => 021301, Inicio: 2024-09-06 08:02, Fin: 2024-09-15 13:15 
[2024-12-13 19:06:01] [INFO   ] Bloqueo: 060101 => 010301, Inicio: 2024-09-05 22:50, Fin: 2024-09-21 23:41 
[2024-12-13 19:06:01] [INFO   ] Bloqueo: 051001 => 120201, Inicio: 2024-09-07 00:07, Fin: 2024-09-20 18:55 
[2024-12-13 19:06:01] [INFO   ] Bloqueo: 051001 => 040801, Inicio: 2024-09-07 22:51, Fin: 2024-09-22 06:18 
[2024-12-13 19:06:01] [INFO   ] Bloqueo: 050401 => 051101, Inicio: 2024-09-06 07:57, Fin: 2024-09-22 02:41 
[2024-12-13 19:06:01] [INFO   ] Bloqueo: 040801 => 081001, Inicio: 2024-09-01 09:13, Fin: 2024-09-16 16:41 
[2024-12-13 19:06:01] [INFO   ] Bloqueo: 040401 => 080701, Inicio: 2024-09-02 02:43, Fin: 2024-09-17 14:26 
[2024-12-13 19:06:01] [INFO   ] Bloqueo: 030701 => 080201, Inicio: 2024-09-07 22:06, Fin: 2024-09-20 05:15 
[2024-12-13 19:06:01] [INFO   ] Bloqueo: 022001 => 060701, Inicio: 2024-09-02 06:38, Fin: 2024-09-21 20:42 
[2024-12-13 19:06:01] [INFO   ] Bloqueo: 022001 => 021001, Inicio: 2024-09-01 12:19, Fin: 2024-09-20 08:46 
[2024-12-13 19:06:01] [INFO   ] Bloqueo: 021901 => 220401, Inicio: 2024-09-03 08:26, Fin: 2024-09-23 01:35 
[2024-12-13 19:06:01] [INFO   ] Bloqueo: 021901 => 130401, Inicio: 2024-09-07 21:42, Fin: 2024-09-24 00:22 
[2024-12-13 19:06:01] [INFO   ] Bloqueo: 021901 => 060401, Inicio: 2024-09-04 20:40, Fin: 2024-09-23 20:06 
[2024-12-13 19:06:01] [INFO   ] Bloqueo: 021901 => 020501, Inicio: 2024-09-05 22:39, Fin: 2024-09-24 02:39 
[2024-12-13 19:06:01] [INFO   ] Bloqueo: 021801 => 101001, Inicio: 2024-09-05 03:05, Fin: 2024-09-17 18:14 
[2024-12-13 19:06:01] [INFO   ] Bloqueo: 021801 => 060401, Inicio: 2024-09-04 22:05, Fin: 2024-09-20 19:02 
[2024-12-13 19:06:01] [INFO   ] Bloqueo: 021801 => 020701, Inicio: 2024-09-02 02:13, Fin: 2024-09-19 00:34 
[2024-12-13 19:06:01] [INFO   ] Bloqueo: 021701 => 100901, Inicio: 2024-09-02 02:22, Fin: 2024-09-24 21:06 
[2024-12-13 19:06:01] [INFO   ] Bloqueo: 021701 => 022001, Inicio: 2024-09-07 18:58, Fin: 2024-09-19 03:28 
[2024-12-13 19:06:01] [INFO   ] Bloqueo: 021701 => 020301, Inicio: 2024-09-06 03:05, Fin: 2024-09-23 20:38 
[2024-12-13 19:06:01] [INFO   ] Bloqueo: 021601 => 120501, Inicio: 2024-09-03 15:35, Fin: 2024-09-13 01:19 
[2024-12-13 19:06:01] [INFO   ] Bloqueo: 021601 => 060301, Inicio: 2024-09-07 09:11, Fin: 2024-09-14 08:35 
[2024-12-13 19:06:01] [INFO   ] Bloqueo: 021501 => 220401, Inicio: 2024-09-02 02:21, Fin: 2024-09-14 19:26 
[2024-12-13 19:06:01] [INFO   ] Bloqueo: 021501 => 061001, Inicio: 2024-09-06 00:42, Fin: 2024-09-22 16:10 
[2024-12-13 19:06:01] [INFO   ] Bloqueo: 021501 => 020901, Inicio: 2024-09-03 06:14, Fin: 2024-09-21 19:29 
[2024-12-13 19:06:01] [INFO   ] Bloqueo: 021401 => 190301, Inicio: 2024-09-03 00:17, Fin: 2024-09-24 17:07 
[2024-12-13 19:06:01] [INFO   ] Bloqueo: 021401 => 120301, Inicio: 2024-09-05 05:28, Fin: 2024-09-19 23:13 
[2024-12-13 19:06:01] [INFO   ] Bloqueo: 021201 => 190101, Inicio: 2024-09-02 00:44, Fin: 2024-09-15 14:03 
[2024-12-13 19:06:01] [INFO   ] Bloqueo: 021201 => 130401, Inicio: 2024-09-02 12:50, Fin: 2024-09-15 15:19 
[2024-12-13 19:06:01] [INFO   ] Bloqueo: 021201 => 020401, Inicio: 2024-09-05 15:45, Fin: 2024-09-15 10:54 
[2024-12-13 19:06:01] [INFO   ] Bloqueo: 021101 => 100101, Inicio: 2024-09-01 15:45, Fin: 2024-09-20 21:02 
[2024-12-13 19:06:01] [INFO   ] Bloqueo: 021101 => 021401, Inicio: 2024-09-07 18:09, Fin: 2024-09-19 11:47 
[2024-12-13 19:06:01] [INFO   ] Bloqueo: 021001 => 061101, Inicio: 2024-09-06 16:12, Fin: 2024-09-24 16:45 
[2024-12-13 19:06:01] [INFO   ] Bloqueo: 021001 => 020401, Inicio: 2024-09-01 04:25, Fin: 2024-09-20 15:20 
[2024-12-13 19:06:01] [INFO   ] Bloqueo: 020901 => 060701, Inicio: 2024-09-06 22:25, Fin: 2024-09-14 15:07 
[2024-12-13 19:06:01] [INFO   ] Bloqueo: 020901 => 020601, Inicio: 2024-09-04 00:30, Fin: 2024-09-21 21:54 
[2024-12-13 19:06:01] [INFO   ] Bloqueo: 020801 => 150301, Inicio: 2024-09-02 19:59, Fin: 2024-09-24 05:43 
[2024-12-13 19:06:01] [INFO   ] Bloqueo: 020801 => 100601, Inicio: 2024-09-03 07:25, Fin: 2024-09-22 11:00 
[2024-12-13 19:06:01] [INFO   ] Bloqueo: 020801 => 020501, Inicio: 2024-09-07 16:39, Fin: 2024-09-13 08:58 
[2024-12-13 19:06:01] [INFO   ] Bloqueo: 020701 => 131101, Inicio: 2024-09-01 15:37, Fin: 2024-09-21 09:25 
[2024-12-13 19:06:01] [INFO   ] Bloqueo: 020701 => 020601, Inicio: 2024-09-01 19:28, Fin: 2024-09-15 15:43 
[2024-12-13 19:06:01] [INFO   ] Bloqueo: 020601 => 120701, Inicio: 2024-09-07 21:37, Fin: 2024-09-20 12:18 
[2024-12-13 19:06:01] [INFO   ] Bloqueo: 020601 => 060701, Inicio: 2024-09-04 12:27, Fin: 2024-09-20 03:04 
[2024-12-13 19:06:01] [INFO   ] Bloqueo: 020601 => 020801, Inicio: 2024-09-07 03:06, Fin: 2024-09-17 21:25 
[2024-12-13 19:06:01] [INFO   ] Bloqueo: 020501 => 101001, Inicio: 2024-09-02 16:39, Fin: 2024-09-15 23:28 
[2024-12-13 19:06:01] [INFO   ] Bloqueo: 020501 => 021701, Inicio: 2024-09-01 12:54, Fin: 2024-09-14 15:36 
[2024-12-13 19:06:01] [INFO   ] Bloqueo: 020501 => 020101, Inicio: 2024-09-06 10:31, Fin: 2024-09-21 22:02 
[2024-12-13 19:06:01] [INFO   ] Bloqueo: 020401 => 100801, Inicio: 2024-09-03 20:05, Fin: 2024-09-21 04:04 
[2024-12-13 19:06:01] [INFO   ] Bloqueo: 020401 => 060201, Inicio: 2024-09-06 15:27, Fin: 2024-09-22 01:56 
[2024-12-13 19:06:01] [INFO   ] Bloqueo: 020301 => 150401, Inicio: 2024-09-06 21:55, Fin: 2024-09-23 06:05 
[2024-12-13 19:06:01] [INFO   ] Bloqueo: 020201 => 120501, Inicio: 2024-09-05 00:44, Fin: 2024-09-24 02:03 
[2024-12-13 19:06:01] [INFO   ] Bloqueo: 020201 => 020501, Inicio: 2024-09-01 21:27, Fin: 2024-09-13 13:13 
[2024-12-13 19:06:01] [INFO   ] Bloqueo: 020101 => 150301, Inicio: 2024-09-07 17:31, Fin: 2024-09-22 15:44 
[2024-12-13 19:06:01] [INFO   ] Bloqueo: 010701 => 220101, Inicio: 2024-09-04 08:13, Fin: 2024-09-13 04:24 
[2024-12-13 19:06:01] [INFO   ] Bloqueo: 010601 => 130601, Inicio: 2024-09-05 23:52, Fin: 2024-09-19 08:29 
[2024-12-13 19:06:01] [INFO   ] Bloqueo: 010601 => 010101, Inicio: 2024-09-05 02:00, Fin: 2024-09-15 04:18 
[2024-12-13 19:06:01] [INFO   ] Bloqueo: 010501 => 130501, Inicio: 2024-09-06 06:18, Fin: 2024-09-18 11:46 
[2024-12-13 19:06:01] [INFO   ] Bloqueo: 010501 => 060301, Inicio: 2024-09-01 13:59, Fin: 2024-09-15 08:19 
[2024-12-13 19:06:01] [INFO   ] Bloqueo: 010301 => 021601, Inicio: 2024-09-04 08:32, Fin: 2024-09-19 10:59 
[2024-12-13 19:06:01] [INFO   ] Bloqueo: 010201 => 060601, Inicio: 2024-09-05 11:05, Fin: 2024-09-23 21:27 
[2024-12-13 19:06:01] [INFO   ] Bloqueo: 010101 => 130201, Inicio: 2024-09-05 16:39, Fin: 2024-09-13 07:45 
[2024-12-13 19:06:01] [INFO   ] Iniciando carga del plan de mantenimiento desde: src/main/resources/maintenance.txt 
[2024-12-13 19:06:01] [INFO   ] Mantenimiento cargado - Vehículo: C017, Inicio: 2024-04-01 00:00, Fin: 2024-04-03 23:59 
[2024-12-13 19:06:01] [INFO   ] Mantenimiento cargado - Vehículo: C001, Inicio: 2024-04-03 00:00, Fin: 2024-04-05 23:59 
[2024-12-13 19:06:01] [INFO   ] Mantenimiento cargado - Vehículo: B011, Inicio: 2024-04-05 00:00, Fin: 2024-04-07 23:59 
[2024-12-13 19:06:01] [INFO   ] Mantenimiento cargado - Vehículo: C018, Inicio: 2024-04-07 00:00, Fin: 2024-04-09 23:59 
[2024-12-13 19:06:01] [INFO   ] Mantenimiento cargado - Vehículo: B001, Inicio: 2024-04-09 00:00, Fin: 2024-04-11 23:59 
[2024-12-13 19:06:01] [INFO   ] Mantenimiento cargado - Vehículo: C002, Inicio: 2024-04-11 00:00, Fin: 2024-04-13 23:59 
[2024-12-13 19:06:01] [INFO   ] Mantenimiento cargado - Vehículo: C019, Inicio: 2024-04-13 00:00, Fin: 2024-04-15 23:59 
[2024-12-13 19:06:01] [INFO   ] Mantenimiento cargado - Vehículo: B012, Inicio: 2024-04-15 00:00, Fin: 2024-04-17 23:59 
[2024-12-13 19:06:01] [INFO   ] Mantenimiento cargado - Vehículo: A001, Inicio: 2024-04-17 00:00, Fin: 2024-04-19 23:59 
[2024-12-13 19:06:01] [INFO   ] Mantenimiento cargado - Vehículo: C020, Inicio: 2024-04-19 00:00, Fin: 2024-04-21 23:59 
[2024-12-13 19:06:01] [INFO   ] Mantenimiento cargado - Vehículo: C003, Inicio: 2024-04-21 00:00, Fin: 2024-04-23 23:59 
[2024-12-13 19:06:01] [INFO   ] Mantenimiento cargado - Vehículo: B013, Inicio: 2024-04-23 00:00, Fin: 2024-04-25 23:59 
[2024-12-13 19:06:01] [INFO   ] Mantenimiento cargado - Vehículo: C021, Inicio: 2024-04-25 00:00, Fin: 2024-04-27 23:59 
[2024-12-13 19:06:01] [INFO   ] Mantenimiento cargado - Vehículo: B002, Inicio: 2024-04-27 00:00, Fin: 2024-04-29 23:59 
[2024-12-13 19:06:01] [INFO   ] Mantenimiento cargado - Vehículo: C004, Inicio: 2024-04-29 00:00, Fin: 2024-05-01 23:59 
[2024-12-13 19:06:01] [INFO   ] Mantenimiento cargado - Vehículo: C022, Inicio: 2024-05-01 00:00, Fin: 2024-05-03 23:59 
[2024-12-13 19:06:01] [INFO   ] Mantenimiento cargado - Vehículo: B014, Inicio: 2024-05-03 00:00, Fin: 2024-05-05 23:59 
[2024-12-13 19:06:01] [INFO   ] Mantenimiento cargado - Vehículo: A005, Inicio: 2024-05-05 00:00, Fin: 2024-05-07 23:59 
[2024-12-13 19:06:01] [INFO   ] Mantenimiento cargado - Vehículo: C023, Inicio: 2024-05-07 00:00, Fin: 2024-05-09 23:59 
[2024-12-13 19:06:01] [INFO   ] Mantenimiento cargado - Vehículo: C005, Inicio: 2024-05-09 00:00, Fin: 2024-05-11 23:59 
[2024-12-13 19:06:01] [INFO   ] Mantenimiento cargado - Vehículo: B015, Inicio: 2024-05-11 00:00, Fin: 2024-05-13 23:59 
[2024-12-13 19:06:01] [INFO   ] Mantenimiento cargado - Vehículo: C024, Inicio: 2024-05-13 00:00, Fin: 2024-05-15 23:59 
[2024-12-13 19:06:01] [INFO   ] Mantenimiento cargado - Vehículo: B003, Inicio: 2024-05-15 00:00, Fin: 2024-05-17 23:59 
[2024-12-13 19:06:01] [INFO   ] Mantenimiento cargado - Vehículo: A002, Inicio: 2024-05-17 00:00, Fin: 2024-05-19 23:59 
[2024-12-13 19:06:01] [INFO   ] Mantenimiento cargado - Vehículo: C011, Inicio: 2024-05-19 00:00, Fin: 2024-05-21 23:59 
[2024-12-13 19:06:01] [INFO   ] Mantenimiento cargado - Vehículo: C006, Inicio: 2024-05-21 00:00, Fin: 2024-05-23 23:59 
[2024-12-13 19:06:01] [INFO   ] Mantenimiento cargado - Vehículo: B008, Inicio: 2024-05-23 00:00, Fin: 2024-05-25 23:59 
[2024-12-13 19:06:01] [INFO   ] Mantenimiento cargado - Vehículo: C012, Inicio: 2024-05-25 00:00, Fin: 2024-05-27 23:59 
[2024-12-13 19:06:01] [INFO   ] Mantenimiento cargado - Vehículo: B004, Inicio: 2024-05-27 00:00, Fin: 2024-05-29 23:59 
[2024-12-13 19:06:01] [INFO   ] Mantenimiento cargado - Vehículo: C007, Inicio: 2024-05-29 00:00, Fin: 2024-05-31 23:59 
[2024-12-13 19:06:01] [INFO   ] Mantenimiento cargado - Vehículo: C013, Inicio: 2024-05-31 00:00, Fin: 2024-06-02 23:59 
[2024-12-13 19:06:01] [INFO   ] Mantenimiento cargado - Vehículo: A003, Inicio: 2024-06-02 00:00, Fin: 2024-06-04 23:59 
[2024-12-13 19:06:01] [INFO   ] Mantenimiento cargado - Vehículo: B005, Inicio: 2024-06-04 00:00, Fin: 2024-06-06 23:59 
[2024-12-13 19:06:01] [INFO   ] Mantenimiento cargado - Vehículo: C014, Inicio: 2024-06-06 00:00, Fin: 2024-06-08 23:59 
[2024-12-13 19:06:01] [INFO   ] Mantenimiento cargado - Vehículo: C008, Inicio: 2024-06-08 00:00, Fin: 2024-06-10 23:59 
[2024-12-13 19:06:01] [INFO   ] Mantenimiento cargado - Vehículo: B009, Inicio: 2024-06-10 00:00, Fin: 2024-06-12 23:59 
[2024-12-13 19:06:01] [INFO   ] Mantenimiento cargado - Vehículo: C015, Inicio: 2024-06-12 00:00, Fin: 2024-06-14 23:59 
[2024-12-13 19:06:01] [INFO   ] Mantenimiento cargado - Vehículo: A006, Inicio: 2024-06-14 00:00, Fin: 2024-06-16 23:59 
[2024-12-13 19:06:01] [INFO   ] Mantenimiento cargado - Vehículo: B006, Inicio: 2024-06-16 00:00, Fin: 2024-06-18 23:59 
[2024-12-13 19:06:01] [INFO   ] Mantenimiento cargado - Vehículo: C016, Inicio: 2024-06-18 00:00, Fin: 2024-06-20 23:59 
[2024-12-13 19:06:01] [INFO   ] Mantenimiento cargado - Vehículo: C009, Inicio: 2024-06-20 00:00, Fin: 2024-06-22 23:59 
[2024-12-13 19:06:01] [INFO   ] Mantenimiento cargado - Vehículo: A004, Inicio: 2024-06-22 00:00, Fin: 2024-06-24 23:59 
[2024-12-13 19:06:01] [INFO   ] Mantenimiento cargado - Vehículo: B010, Inicio: 2024-06-24 00:00, Fin: 2024-06-26 23:59 
[2024-12-13 19:06:01] [INFO   ] Mantenimiento cargado - Vehículo: C010, Inicio: 2024-06-26 00:00, Fin: 2024-06-28 23:59 
[2024-12-13 19:06:01] [INFO   ] Mantenimiento cargado - Vehículo: B007, Inicio: 2024-06-28 00:00, Fin: 2024-06-30 23:59 
[2024-12-13 19:06:01] [INFO   ] Carga del plan de mantenimiento completada. Total de mantenimientos: 45 
[2024-12-13 19:06:01] [INFO   ] Comenzando carga de órdenes desde 1 archivos 
[2024-12-13 19:06:01] [INFO   ] Cargadas 325 órdenes del archivo c.1inf54.ventas202409.txt 
[2024-12-13 19:06:01] [INFO   ] Carga de órdenes completada. Total de órdenes cargadas: 325 
[2024-12-13 19:06:01] [INFO   ] Cantidad total de nodos (locations): 195 
[2024-12-13 19:06:01] [INFO   ] Número de núcleos detectados: 16 
[2024-12-13 19:06:01] [INFO   ] Máximo de tareas concurrentes ajustado a: 32 
[2024-12-13 19:06:01] [INFO   ] Simulación inicializada - Start Time: 2024-09-01T00:00, Last Update: 1734134761557 
[2024-12-13 19:06:01] [INFO   ] Verificando cambios en bloqueos para tiempo: 2024-09-01T00:00 
[2024-12-13 19:06:01] [INFO   ] No hay cambios en los bloqueos, matriz de tiempos se mantiene sin cambios 
[2024-12-13 19:06:01] [INFO   ] Iniciando planificación: 2024-09-01T00:00 
[2024-12-13 19:06:01] [INFO   ] Mensaje JSON para WebSocket: {"phase":"collecting","availableOrders":0,"message":"Procesando 0 órdenes","timestamp":"2024-12-13T19:06:01.606140629"} 
[2024-12-13 19:06:01] [INFO   ] Órdenes disponibles: 0 
[2024-12-13 19:06:01] [INFO   ] No hay órdenes disponibles para planificar en: 2024-09-01T00:00 
[2024-12-13 19:06:01] [INFO   ] Tiempo actualizado - Current Time: 2024-09-01T00:05 
[2024-12-13 19:06:01] [INFO   ] Nueva conexión WebSocket establecida: /0:0:0:0:0:0:0:1 
[2024-12-13 19:06:01] [INFO   ] Nueva conexión WebSocket establecida: /0:0:0:0:0:0:0:1 
[2024-12-13 19:06:01] [INFO   ] Resumen de simulación - Tiempo simulado: 01/09/2024 12:05:00 AM, Duración simulada: 5 minutos, Tiempo real: 01/09/2024 12:00:00 AM, Duración real: 0 segundos 
[2024-12-13 19:06:01] [INFO   ] Mensaje JSON para WebSocket: {"startTime":"01/09/2024 12:00:00 AM","endTime":"08/09/2024 12:00:00 AM","simulatedTime":"01/09/2024 12:05:00 AM","simulatedDuration":"5 minutos","realElapsedTime":"01/09/2024 12:00:00 AM","realDuration":"0 segundos","isPaused":false,"isStopped":false} 
[2024-12-13 19:06:01] [INFO   ] Verificando cambios en bloqueos para tiempo: 2024-09-01T00:05 
[2024-12-13 19:06:01] [INFO   ] No hay cambios en los bloqueos, matriz de tiempos se mantiene sin cambios 
[2024-12-13 19:06:01] [INFO   ] Nueva conexión WebSocket establecida: /0:0:0:0:0:0:0:1 
[2024-12-13 19:06:01] [INFO   ] Nueva conexión WebSocket establecida: /0:0:0:0:0:0:0:1 
[2024-12-13 19:06:01] [INFO   ] Nueva conexión WebSocket establecida: /0:0:0:0:0:0:0:1 
[2024-12-13 19:06:01] [INFO   ] Conexión WebSocket cerrada: /0:0:0:0:0:0:0:1 
[2024-12-13 19:06:01] [INFO   ] Nueva conexión WebSocket establecida: /0:0:0:0:0:0:0:1 
[2024-12-13 19:06:02] [INFO   ] Tiempo actualizado - Current Time: 2024-09-01T00:10 
[2024-12-13 19:06:02] [INFO   ] Resumen de simulación - Tiempo simulado: 01/09/2024 12:10:00 AM, Duración simulada: 10 minutos, Tiempo real: 01/09/2024 12:00:01 AM, Duración real: 1 segundo 
[2024-12-13 19:06:02] [INFO   ] Mensaje JSON para WebSocket: {"startTime":"01/09/2024 12:00:00 AM","endTime":"08/09/2024 12:00:00 AM","simulatedTime":"01/09/2024 12:10:00 AM","simulatedDuration":"10 minutos","realElapsedTime":"01/09/2024 12:00:01 AM","realDuration":"1 segundo","isPaused":false,"isStopped":false} 
[2024-12-13 19:06:02] [INFO   ] Verificando cambios en bloqueos para tiempo: 2024-09-01T00:10 
[2024-12-13 19:06:02] [INFO   ] No hay cambios en los bloqueos, matriz de tiempos se mantiene sin cambios 
[2024-12-13 19:06:03] [INFO   ] Tiempo actualizado - Current Time: 2024-09-01T00:15 
[2024-12-13 19:06:03] [INFO   ] Resumen de simulación - Tiempo simulado: 01/09/2024 12:15:00 AM, Duración simulada: 15 minutos, Tiempo real: 01/09/2024 12:00:02 AM, Duración real: 2 segundos 
[2024-12-13 19:06:03] [INFO   ] Mensaje JSON para WebSocket: {"startTime":"01/09/2024 12:00:00 AM","endTime":"08/09/2024 12:00:00 AM","simulatedTime":"01/09/2024 12:15:00 AM","simulatedDuration":"15 minutos","realElapsedTime":"01/09/2024 12:00:02 AM","realDuration":"2 segundos","isPaused":false,"isStopped":false} 
[2024-12-13 19:06:03] [INFO   ] Verificando cambios en bloqueos para tiempo: 2024-09-01T00:15 
[2024-12-13 19:06:03] [INFO   ] No hay cambios en los bloqueos, matriz de tiempos se mantiene sin cambios 
[2024-12-13 19:06:04] [INFO   ] Tiempo actualizado - Current Time: 2024-09-01T00:20 
[2024-12-13 19:06:04] [INFO   ] Resumen de simulación - Tiempo simulado: 01/09/2024 12:20:00 AM, Duración simulada: 20 minutos, Tiempo real: 01/09/2024 12:00:03 AM, Duración real: 3 segundos 
[2024-12-13 19:06:04] [INFO   ] Mensaje JSON para WebSocket: {"startTime":"01/09/2024 12:00:00 AM","endTime":"08/09/2024 12:00:00 AM","simulatedTime":"01/09/2024 12:20:00 AM","simulatedDuration":"20 minutos","realElapsedTime":"01/09/2024 12:00:03 AM","realDuration":"3 segundos","isPaused":false,"isStopped":false} 
[2024-12-13 19:06:04] [INFO   ] Verificando cambios en bloqueos para tiempo: 2024-09-01T00:20 
[2024-12-13 19:06:04] [INFO   ] No hay cambios en los bloqueos, matriz de tiempos se mantiene sin cambios 
[2024-12-13 19:06:05] [INFO   ] Tiempo actualizado - Current Time: 2024-09-01T00:25 
[2024-12-13 19:06:05] [INFO   ] Resumen de simulación - Tiempo simulado: 01/09/2024 12:25:00 AM, Duración simulada: 25 minutos, Tiempo real: 01/09/2024 12:00:04 AM, Duración real: 4 segundos 
[2024-12-13 19:06:05] [INFO   ] Mensaje JSON para WebSocket: {"startTime":"01/09/2024 12:00:00 AM","endTime":"08/09/2024 12:00:00 AM","simulatedTime":"01/09/2024 12:25:00 AM","simulatedDuration":"25 minutos","realElapsedTime":"01/09/2024 12:00:04 AM","realDuration":"4 segundos","isPaused":false,"isStopped":false} 
[2024-12-13 19:06:05] [INFO   ] Verificando cambios en bloqueos para tiempo: 2024-09-01T00:25 
[2024-12-13 19:06:05] [INFO   ] No hay cambios en los bloqueos, matriz de tiempos se mantiene sin cambios 
[2024-12-13 19:06:06] [INFO   ] Iniciando planificación: 2024-09-01T00:25 
[2024-12-13 19:06:06] [INFO   ] Mensaje JSON para WebSocket: {"phase":"collecting","availableOrders":0,"message":"Procesando 0 órdenes","timestamp":"2024-12-13T19:06:06.609864350"} 
[2024-12-13 19:06:06] [INFO   ] Órdenes disponibles: 0 
[2024-12-13 19:06:06] [INFO   ] No hay órdenes disponibles para planificar en: 2024-09-01T00:25 
[2024-12-13 19:06:06] [INFO   ] Tiempo actualizado - Current Time: 2024-09-01T00:30 
[2024-12-13 19:06:06] [INFO   ] Resumen de simulación - Tiempo simulado: 01/09/2024 12:30:00 AM, Duración simulada: 30 minutos, Tiempo real: 01/09/2024 12:00:05 AM, Duración real: 5 segundos 
[2024-12-13 19:06:06] [INFO   ] Mensaje JSON para WebSocket: {"startTime":"01/09/2024 12:00:00 AM","endTime":"08/09/2024 12:00:00 AM","simulatedTime":"01/09/2024 12:30:00 AM","simulatedDuration":"30 minutos","realElapsedTime":"01/09/2024 12:00:05 AM","realDuration":"5 segundos","isPaused":false,"isStopped":false} 
[2024-12-13 19:06:06] [INFO   ] Verificando cambios en bloqueos para tiempo: 2024-09-01T00:30 
[2024-12-13 19:06:06] [INFO   ] No hay cambios en los bloqueos, matriz de tiempos se mantiene sin cambios 
[2024-12-13 19:06:06] [INFO   ] Conexión WebSocket cerrada: /0:0:0:0:0:0:0:1 
[2024-12-13 19:06:06] [INFO   ] Nueva conexión WebSocket establecida: /0:0:0:0:0:0:0:1 
[2024-12-13 19:06:07] [INFO   ] Conexión WebSocket cerrada: /0:0:0:0:0:0:0:1 
[2024-12-13 19:06:07] [INFO   ] Conexión WebSocket cerrada: /0:0:0:0:0:0:0:1 
[2024-12-13 19:06:07] [INFO   ] Nueva conexión WebSocket establecida: /0:0:0:0:0:0:0:1 
[2024-12-13 19:06:07] [INFO   ] Conexión WebSocket cerrada: /0:0:0:0:0:0:0:1 
[2024-12-13 19:06:07] [INFO   ] Nueva conexión WebSocket establecida: /0:0:0:0:0:0:0:1 
[2024-12-13 19:06:07] [INFO   ] Tiempo actualizado - Current Time: 2024-09-01T00:35 
[2024-12-13 19:06:07] [INFO   ] Resumen de simulación - Tiempo simulado: 01/09/2024 12:35:00 AM, Duración simulada: 35 minutos, Tiempo real: 01/09/2024 12:00:06 AM, Duración real: 6 segundos 
[2024-12-13 19:06:07] [INFO   ] Mensaje JSON para WebSocket: {"startTime":"01/09/2024 12:00:00 AM","endTime":"08/09/2024 12:00:00 AM","simulatedTime":"01/09/2024 12:35:00 AM","simulatedDuration":"35 minutos","realElapsedTime":"01/09/2024 12:00:06 AM","realDuration":"6 segundos","isPaused":false,"isStopped":false} 
[2024-12-13 19:06:07] [INFO   ] Verificando cambios en bloqueos para tiempo: 2024-09-01T00:35 
[2024-12-13 19:06:07] [INFO   ] No hay cambios en los bloqueos, matriz de tiempos se mantiene sin cambios 
[2024-12-13 19:06:08] [INFO   ] Tiempo actualizado - Current Time: 2024-09-01T00:40 
[2024-12-13 19:06:08] [INFO   ] Resumen de simulación - Tiempo simulado: 01/09/2024 12:40:00 AM, Duración simulada: 40 minutos, Tiempo real: 01/09/2024 12:00:07 AM, Duración real: 7 segundos 
[2024-12-13 19:06:08] [INFO   ] Mensaje JSON para WebSocket: {"startTime":"01/09/2024 12:00:00 AM","endTime":"08/09/2024 12:00:00 AM","simulatedTime":"01/09/2024 12:40:00 AM","simulatedDuration":"40 minutos","realElapsedTime":"01/09/2024 12:00:07 AM","realDuration":"7 segundos","isPaused":false,"isStopped":false} 
[2024-12-13 19:06:08] [INFO   ] Verificando cambios en bloqueos para tiempo: 2024-09-01T00:40 
[2024-12-13 19:06:08] [INFO   ] No hay cambios en los bloqueos, matriz de tiempos se mantiene sin cambios 
[2024-12-13 19:06:09] [INFO   ] Tiempo actualizado - Current Time: 2024-09-01T00:45 
[2024-12-13 19:06:09] [INFO   ] Resumen de simulación - Tiempo simulado: 01/09/2024 12:45:00 AM, Duración simulada: 45 minutos, Tiempo real: 01/09/2024 12:00:08 AM, Duración real: 8 segundos 
[2024-12-13 19:06:09] [INFO   ] Mensaje JSON para WebSocket: {"startTime":"01/09/2024 12:00:00 AM","endTime":"08/09/2024 12:00:00 AM","simulatedTime":"01/09/2024 12:45:00 AM","simulatedDuration":"45 minutos","realElapsedTime":"01/09/2024 12:00:08 AM","realDuration":"8 segundos","isPaused":false,"isStopped":false} 
[2024-12-13 19:06:09] [INFO   ] Verificando cambios en bloqueos para tiempo: 2024-09-01T00:45 
[2024-12-13 19:06:09] [INFO   ] No hay cambios en los bloqueos, matriz de tiempos se mantiene sin cambios 
[2024-12-13 19:06:10] [INFO   ] Tiempo actualizado - Current Time: 2024-09-01T00:50 
[2024-12-13 19:06:10] [INFO   ] Resumen de simulación - Tiempo simulado: 01/09/2024 12:50:00 AM, Duración simulada: 50 minutos, Tiempo real: 01/09/2024 12:00:09 AM, Duración real: 9 segundos 
[2024-12-13 19:06:10] [INFO   ] Mensaje JSON para WebSocket: {"startTime":"01/09/2024 12:00:00 AM","endTime":"08/09/2024 12:00:00 AM","simulatedTime":"01/09/2024 12:50:00 AM","simulatedDuration":"50 minutos","realElapsedTime":"01/09/2024 12:00:09 AM","realDuration":"9 segundos","isPaused":false,"isStopped":false} 
[2024-12-13 19:06:10] [INFO   ] Verificando cambios en bloqueos para tiempo: 2024-09-01T00:50 
[2024-12-13 19:06:10] [INFO   ] No hay cambios en los bloqueos, matriz de tiempos se mantiene sin cambios 
[2024-12-13 19:06:11] [INFO   ] Iniciando planificación: 2024-09-01T00:50 
[2024-12-13 19:06:11] [INFO   ] Tiempo actualizado - Current Time: 2024-09-01T00:55 
[2024-12-13 19:06:11] [INFO   ] Resumen de simulación - Tiempo simulado: 01/09/2024 12:55:00 AM, Duración simulada: 55 minutos, Tiempo real: 01/09/2024 12:00:10 AM, Duración real: 10 segundos 
[2024-12-13 19:06:11] [INFO   ] Mensaje JSON para WebSocket: {"startTime":"01/09/2024 12:00:00 AM","endTime":"08/09/2024 12:00:00 AM","simulatedTime":"01/09/2024 12:55:00 AM","simulatedDuration":"55 minutos","realElapsedTime":"01/09/2024 12:00:10 AM","realDuration":"10 segundos","isPaused":false,"isStopped":false} 
[2024-12-13 19:06:11] [INFO   ] Verificando cambios en bloqueos para tiempo: 2024-09-01T00:55 
[2024-12-13 19:06:11] [INFO   ] Mensaje JSON para WebSocket: {"phase":"collecting","availableOrders":1,"message":"Procesando 1 órdenes","timestamp":"2024-12-13T19:06:11.614354283"} 
[2024-12-13 19:06:11] [INFO   ] No hay cambios en los bloqueos, matriz de tiempos se mantiene sin cambios 
[2024-12-13 19:06:11] [INFO   ] Órdenes disponibles: 1 
[2024-12-13 19:06:11] [INFO   ] Orden 1 - Paquetes restantes sin asignar: 14 
[2024-12-13 19:06:11] [INFO   ] Conexión WebSocket cerrada: /0:0:0:0:0:0:0:1 
[2024-12-13 19:06:11] [INFO   ] Nueva conexión WebSocket establecida: /0:0:0:0:0:0:0:1 
[2024-12-13 19:06:12] [INFO   ] Tiempo actualizado - Current Time: 2024-09-01T01:00 
[2024-12-13 19:06:12] [INFO   ] Resumen de simulación - Tiempo simulado: 01/09/2024 01:00:00 AM, Duración simulada: 1 hora, Tiempo real: 01/09/2024 12:00:11 AM, Duración real: 11 segundos 
[2024-12-13 19:06:12] [INFO   ] Mensaje JSON para WebSocket: {"startTime":"01/09/2024 12:00:00 AM","endTime":"08/09/2024 12:00:00 AM","simulatedTime":"01/09/2024 01:00:00 AM","simulatedDuration":"1 hora","realElapsedTime":"01/09/2024 12:00:11 AM","realDuration":"11 segundos","isPaused":false,"isStopped":false} 
[2024-12-13 19:06:12] [INFO   ] Verificando cambios en bloqueos para tiempo: 2024-09-01T01:00 
[2024-12-13 19:06:12] [INFO   ] No hay cambios en los bloqueos, matriz de tiempos se mantiene sin cambios 
[2024-12-13 19:06:13] [INFO   ] Mensaje JSON para WebSocket: {"phase":"routing","availableOrders":1,"message":"Procesando 1 órdenes","timestamp":"2024-12-13T19:06:13.118609531"} 
[2024-12-13 19:06:13] [INFO   ] Mensaje JSON para WebSocket: {"phase":"routing","availableOrders":1,"message":"Calculando rutas para 1 destinos","timestamp":"2024-12-13T19:06:13.119796412","routesStats":{"total":1,"completed":0}} 
[2024-12-13 19:06:13] [INFO   ] Calculando ruta desde 150101 hacia 130801 
[2024-12-13 19:06:13] [INFO   ] Calculando ruta desde 150101 hacia 130801 
[2024-12-13 19:06:13] [INFO   ] Ruta calculada exitosamente 
[2024-12-13 19:06:13] [INFO   ] Calculando ruta desde 040101 hacia 130801 
[2024-12-13 19:06:13] [INFO   ] Calculando ruta desde 040101 hacia 130801 
[2024-12-13 19:06:13] [WARNING] OR-Tools no encontró solución, utilizando Dijkstra como fallback 
[2024-12-13 19:06:13] [INFO   ] Calculando ruta desde 130101 hacia 130801 
[2024-12-13 19:06:13] [INFO   ] Calculando ruta desde 130101 hacia 130801 
[2024-12-13 19:06:13] [INFO   ] Ruta calculada exitosamente 
[2024-12-13 19:06:13] [INFO   ] 
=== RESUMEN DE RUTAS POR DESTINO === 
[2024-12-13 19:06:13] [INFO   ] 
Destino: 130801 
[2024-12-13 19:06:13] [INFO   ] Rutas exitosas: 3/3 
[2024-12-13 19:06:13] [INFO   ] Detalle por almacén: 
[2024-12-13 19:06:13] [INFO   ] - 150101: ÉXITO (Tiempo: 0 días, 6 horas, 6 minutos) 
[2024-12-13 19:06:13] [INFO   ] - 040101: ÉXITO (Tiempo: 0 días, 16 horas, 51 minutos) 
[2024-12-13 19:06:13] [INFO   ] - 130101: ÉXITO (Tiempo: 0 días, 2 horas, 44 minutos) 
[2024-12-13 19:06:13] [INFO   ] Mensaje JSON para WebSocket: {"phase":"routing","availableOrders":1,"message":"Calculando rutas para 1 destinos","timestamp":"2024-12-13T19:06:13.573312318","routesStats":{"total":1,"completed":1}} 
[2024-12-13 19:06:13] [INFO   ] Tiempo actualizado - Current Time: 2024-09-01T01:05 
[2024-12-13 19:06:13] [INFO   ] Resumen de simulación - Tiempo simulado: 01/09/2024 01:05:00 AM, Duración simulada: 1 hora 5 minutos, Tiempo real: 01/09/2024 12:00:12 AM, Duración real: 12 segundos 
[2024-12-13 19:06:13] [INFO   ] Mensaje JSON para WebSocket: {"startTime":"01/09/2024 12:00:00 AM","endTime":"08/09/2024 12:00:00 AM","simulatedTime":"01/09/2024 01:05:00 AM","simulatedDuration":"1 hora 5 minutos","realElapsedTime":"01/09/2024 12:00:12 AM","realDuration":"12 segundos","isPaused":false,"isStopped":false} 
[2024-12-13 19:06:13] [INFO   ] Verificando cambios en bloqueos para tiempo: 2024-09-01T01:05 
[2024-12-13 19:06:13] [INFO   ] No hay cambios en los bloqueos, matriz de tiempos se mantiene sin cambios 
[2024-12-13 19:06:14] [INFO   ] Tiempo actualizado - Current Time: 2024-09-01T01:10 
[2024-12-13 19:06:14] [INFO   ] Resumen de simulación - Tiempo simulado: 01/09/2024 01:10:00 AM, Duración simulada: 1 hora 10 minutos, Tiempo real: 01/09/2024 12:00:13 AM, Duración real: 13 segundos 
[2024-12-13 19:06:14] [INFO   ] Mensaje JSON para WebSocket: {"startTime":"01/09/2024 12:00:00 AM","endTime":"08/09/2024 12:00:00 AM","simulatedTime":"01/09/2024 01:10:00 AM","simulatedDuration":"1 hora 10 minutos","realElapsedTime":"01/09/2024 12:00:13 AM","realDuration":"13 segundos","isPaused":false,"isStopped":false} 
[2024-12-13 19:06:14] [INFO   ] Verificando cambios en bloqueos para tiempo: 2024-09-01T01:10 
[2024-12-13 19:06:14] [INFO   ] No hay cambios en los bloqueos, matriz de tiempos se mantiene sin cambios 
[2024-12-13 19:06:15] [INFO   ] Tiempo actualizado - Current Time: 2024-09-01T01:15 
[2024-12-13 19:06:15] [INFO   ] Resumen de simulación - Tiempo simulado: 01/09/2024 01:15:00 AM, Duración simulada: 1 hora 15 minutos, Tiempo real: 01/09/2024 12:00:14 AM, Duración real: 14 segundos 
[2024-12-13 19:06:15] [INFO   ] Mensaje JSON para WebSocket: {"startTime":"01/09/2024 12:00:00 AM","endTime":"08/09/2024 12:00:00 AM","simulatedTime":"01/09/2024 01:15:00 AM","simulatedDuration":"1 hora 15 minutos","realElapsedTime":"01/09/2024 12:00:14 AM","realDuration":"14 segundos","isPaused":false,"isStopped":false} 
[2024-12-13 19:06:15] [INFO   ] Verificando cambios en bloqueos para tiempo: 2024-09-01T01:15 
[2024-12-13 19:06:15] [INFO   ] No hay cambios en los bloqueos, matriz de tiempos se mantiene sin cambios 
[2024-12-13 19:06:16] [INFO   ] Mensaje JSON para WebSocket: {"phase":"assigning","message":"Iniciando asignación de vehículos","timestamp":"2024-12-13T19:06:16.574166471"} 
[2024-12-13 19:06:16] [INFO   ] Orden 1 asignada al almacén 130101 para entrega en 130801 
[2024-12-13 19:06:16] [INFO   ] 
=== Resumen de asignación de almacenes === 
[2024-12-13 19:06:16] [INFO   ] Órdenes asignadas: 1 
[2024-12-13 19:06:16] [INFO   ] Órdenes no asignables: 0 
[2024-12-13 19:06:16] [INFO   ] Tiempo actualizado - Current Time: 2024-09-01T01:20 
[2024-12-13 19:06:16] [INFO   ] Resumen de simulación - Tiempo simulado: 01/09/2024 01:20:00 AM, Duración simulada: 1 hora 20 minutos, Tiempo real: 01/09/2024 12:00:15 AM, Duración real: 15 segundos 
[2024-12-13 19:06:16] [INFO   ] Mensaje JSON para WebSocket: {"startTime":"01/09/2024 12:00:00 AM","endTime":"08/09/2024 12:00:00 AM","simulatedTime":"01/09/2024 01:20:00 AM","simulatedDuration":"1 hora 20 minutos","realElapsedTime":"01/09/2024 12:00:15 AM","realDuration":"15 segundos","isPaused":false,"isStopped":false} 
[2024-12-13 19:06:16] [INFO   ] Verificando cambios en bloqueos para tiempo: 2024-09-01T01:20 
[2024-12-13 19:06:16] [INFO   ] No hay cambios en los bloqueos, matriz de tiempos se mantiene sin cambios 
[2024-12-13 19:06:17] [INFO   ] Conexión WebSocket cerrada: /0:0:0:0:0:0:0:1 
[2024-12-13 19:06:17] [INFO   ] Nueva conexión WebSocket establecida: /0:0:0:0:0:0:0:1 
[2024-12-13 19:06:17] [INFO   ] Tiempo actualizado - Current Time: 2024-09-01T01:25 
[2024-12-13 19:06:17] [INFO   ] Resumen de simulación - Tiempo simulado: 01/09/2024 01:25:00 AM, Duración simulada: 1 hora 25 minutos, Tiempo real: 01/09/2024 12:00:16 AM, Duración real: 16 segundos 
[2024-12-13 19:06:17] [INFO   ] Mensaje JSON para WebSocket: {"startTime":"01/09/2024 12:00:00 AM","endTime":"08/09/2024 12:00:00 AM","simulatedTime":"01/09/2024 01:25:00 AM","simulatedDuration":"1 hora 25 minutos","realElapsedTime":"01/09/2024 12:00:16 AM","realDuration":"16 segundos","isPaused":false,"isStopped":false} 
[2024-12-13 19:06:17] [INFO   ] Verificando cambios en bloqueos para tiempo: 2024-09-01T01:25 
[2024-12-13 19:06:17] [INFO   ] No hay cambios en los bloqueos, matriz de tiempos se mantiene sin cambios 
[2024-12-13 19:06:18] [INFO   ] Orden 1 actualizada a estado: FULLY_ASSIGNED 
[2024-12-13 19:06:18] [INFO   ] 
--- Asignación Completa ---
Código de la Orden: 1
Cantidad Total de la Orden: 14 paquetes
Cantidad Asignada al Vehículo: 14 paquetes
Código del Vehículo: A005
Capacidad Actual del Vehículo: 14 / 90
--------------------------- 
[2024-12-13 19:06:18] [INFO   ] Actualizando métricas de capacidad: Capacidad Usada: 14, Capacidad Total: 90, Total Registros: 1 
[2024-12-13 19:06:18] [INFO   ] 
--- Inicio de Viaje ---
Código del Vehículo: A005
Capacidad del Vehículo: 90 paquetes
Orden a Entregar:
  - Código de la Orden: 1
  - Cantidad Total de la Orden: 14 paquetes
  - Cantidad Asignada al Vehículo: 14 paquetes
Origen: 130101 (TRUJILLO)
Destino: 130801 (PATAZ)
Tiempo de Inicio de Viaje: 2024-09-01 01:25:00
Tiempo Estimado de Llegada: 2024-09-01 04:09:00
Tiempo Límite de Entrega: 2024-09-02 00:40:00
-------------------------Segmentos Restantes:
 - Segmento: TRUJILLO to PATAZ, Desde: 130101, Hacia: 130801, Distancia: 0.0 km, Duración: 164 min
 
[2024-12-13 19:06:18] [INFO   ] Orden 1 completamente asignada. 
[2024-12-13 19:06:18] [INFO   ] Mensaje JSON para WebSocket: {"phase":"assigning","message":"Se asignaron 1 vehículos","timestamp":"2024-12-13T19:06:18.106522919","assignedVehicles":1} 
[2024-12-13 19:06:18] [INFO   ] Vehículo A005 programado para avería tipo 1 a las 2024-09-01T02:47 en el tramo de 130101 (TRUJILLO) a 130801 (PATAZ) 
[2024-12-13 19:06:18] [INFO   ] Tiempo actualizado - Current Time: 2024-09-01T01:30 
[2024-12-13 19:06:18] [INFO   ] Resumen de simulación - Tiempo simulado: 01/09/2024 01:30:00 AM, Duración simulada: 1 hora 30 minutos, Tiempo real: 01/09/2024 12:00:17 AM, Duración real: 17 segundos 
[2024-12-13 19:06:18] [INFO   ] Mensaje JSON para WebSocket: {"startTime":"01/09/2024 12:00:00 AM","endTime":"08/09/2024 12:00:00 AM","simulatedTime":"01/09/2024 01:30:00 AM","simulatedDuration":"1 hora 30 minutos","realElapsedTime":"01/09/2024 12:00:17 AM","realDuration":"17 segundos","isPaused":false,"isStopped":false} 
[2024-12-13 19:06:18] [INFO   ] Verificando cambios en bloqueos para tiempo: 2024-09-01T01:30 
[2024-12-13 19:06:18] [INFO   ] No hay cambios en los bloqueos, matriz de tiempos se mantiene sin cambios 
[2024-12-13 19:06:18] [INFO   ] Vehículo A005 - Velocidad: 0.00 km/h, Tramo: TRUJILLO to PATAZ (130801),Ubicación actual: 130101, Tiempo en tramo: 5 minutos 
[2024-12-13 19:06:19] [INFO   ] Tiempo actualizado - Current Time: 2024-09-01T01:35 
[2024-12-13 19:06:19] [INFO   ] Resumen de simulación - Tiempo simulado: 01/09/2024 01:35:00 AM, Duración simulada: 1 hora 35 minutos, Tiempo real: 01/09/2024 12:00:18 AM, Duración real: 18 segundos 
[2024-12-13 19:06:19] [INFO   ] Mensaje JSON para WebSocket: {"startTime":"01/09/2024 12:00:00 AM","endTime":"08/09/2024 12:00:00 AM","simulatedTime":"01/09/2024 01:35:00 AM","simulatedDuration":"1 hora 35 minutos","realElapsedTime":"01/09/2024 12:00:18 AM","realDuration":"18 segundos","isPaused":false,"isStopped":false} 
[2024-12-13 19:06:19] [INFO   ] Verificando cambios en bloqueos para tiempo: 2024-09-01T01:35 
[2024-12-13 19:06:19] [INFO   ] No hay cambios en los bloqueos, matriz de tiempos se mantiene sin cambios 
[2024-12-13 19:06:19] [INFO   ] Vehículo A005 - Velocidad: 0.00 km/h, Tramo: TRUJILLO to PATAZ (130801),Ubicación actual: 130101, Tiempo en tramo: 10 minutos 
[2024-12-13 19:06:20] [INFO   ] Tiempo actualizado - Current Time: 2024-09-01T01:40 
[2024-12-13 19:06:20] [INFO   ] Resumen de simulación - Tiempo simulado: 01/09/2024 01:40:00 AM, Duración simulada: 1 hora 40 minutos, Tiempo real: 01/09/2024 12:00:19 AM, Duración real: 19 segundos 
[2024-12-13 19:06:20] [INFO   ] Mensaje JSON para WebSocket: {"startTime":"01/09/2024 12:00:00 AM","endTime":"08/09/2024 12:00:00 AM","simulatedTime":"01/09/2024 01:40:00 AM","simulatedDuration":"1 hora 40 minutos","realElapsedTime":"01/09/2024 12:00:19 AM","realDuration":"19 segundos","isPaused":false,"isStopped":false} 
[2024-12-13 19:06:20] [INFO   ] Verificando cambios en bloqueos para tiempo: 2024-09-01T01:40 
[2024-12-13 19:06:20] [INFO   ] No hay cambios en los bloqueos, matriz de tiempos se mantiene sin cambios 
[2024-12-13 19:06:20] [INFO   ] Vehículo A005 - Velocidad: 0.00 km/h, Tramo: TRUJILLO to PATAZ (130801),Ubicación actual: 130101, Tiempo en tramo: 15 minutos 
[2024-12-13 19:06:21] [INFO   ] Tiempo actualizado - Current Time: 2024-09-01T01:45 
[2024-12-13 19:06:21] [INFO   ] Resumen de simulación - Tiempo simulado: 01/09/2024 01:45:00 AM, Duración simulada: 1 hora 45 minutos, Tiempo real: 01/09/2024 12:00:20 AM, Duración real: 20 segundos 
[2024-12-13 19:06:21] [INFO   ] Mensaje JSON para WebSocket: {"startTime":"01/09/2024 12:00:00 AM","endTime":"08/09/2024 12:00:00 AM","simulatedTime":"01/09/2024 01:45:00 AM","simulatedDuration":"1 hora 45 minutos","realElapsedTime":"01/09/2024 12:00:20 AM","realDuration":"20 segundos","isPaused":false,"isStopped":false} 
[2024-12-13 19:06:21] [INFO   ] Verificando cambios en bloqueos para tiempo: 2024-09-01T01:45 
[2024-12-13 19:06:21] [INFO   ] No hay cambios en los bloqueos, matriz de tiempos se mantiene sin cambios 
[2024-12-13 19:06:21] [INFO   ] Vehículo A005 - Velocidad: 0.00 km/h, Tramo: TRUJILLO to PATAZ (130801),Ubicación actual: 130101, Tiempo en tramo: 20 minutos 
[2024-12-13 19:06:22] [INFO   ] Conexión WebSocket cerrada: /0:0:0:0:0:0:0:1 
[2024-12-13 19:06:22] [INFO   ] Nueva conexión WebSocket establecida: /0:0:0:0:0:0:0:1 
[2024-12-13 19:06:22] [INFO   ] Tiempo actualizado - Current Time: 2024-09-01T01:50 
[2024-12-13 19:06:22] [INFO   ] Resumen de simulación - Tiempo simulado: 01/09/2024 01:50:00 AM, Duración simulada: 1 hora 50 minutos, Tiempo real: 01/09/2024 12:00:21 AM, Duración real: 21 segundos 
[2024-12-13 19:06:22] [INFO   ] Mensaje JSON para WebSocket: {"startTime":"01/09/2024 12:00:00 AM","endTime":"08/09/2024 12:00:00 AM","simulatedTime":"01/09/2024 01:50:00 AM","simulatedDuration":"1 hora 50 minutos","realElapsedTime":"01/09/2024 12:00:21 AM","realDuration":"21 segundos","isPaused":false,"isStopped":false} 
[2024-12-13 19:06:22] [INFO   ] Verificando cambios en bloqueos para tiempo: 2024-09-01T01:50 
[2024-12-13 19:06:22] [INFO   ] No hay cambios en los bloqueos, matriz de tiempos se mantiene sin cambios 
[2024-12-13 19:06:22] [INFO   ] Vehículo A005 - Velocidad: 0.00 km/h, Tramo: TRUJILLO to PATAZ (130801),Ubicación actual: 130101, Tiempo en tramo: 25 minutos 
[2024-12-13 19:06:23] [INFO   ] Iniciando planificación: 2024-09-01T01:50 
[2024-12-13 19:06:23] [INFO   ] Mensaje JSON para WebSocket: {"phase":"collecting","availableOrders":1,"message":"Procesando 1 órdenes","timestamp":"2024-12-13T19:06:23.114092558"} 
[2024-12-13 19:06:23] [INFO   ] Órdenes disponibles: 1 
[2024-12-13 19:06:23] [INFO   ] Orden 2 - Paquetes restantes sin asignar: 20 
[2024-12-13 19:06:23] [INFO   ] Tiempo actualizado - Current Time: 2024-09-01T01:55 
[2024-12-13 19:06:23] [INFO   ] Resumen de simulación - Tiempo simulado: 01/09/2024 01:55:00 AM, Duración simulada: 1 hora 55 minutos, Tiempo real: 01/09/2024 12:00:22 AM, Duración real: 22 segundos 
[2024-12-13 19:06:23] [INFO   ] Mensaje JSON para WebSocket: {"startTime":"01/09/2024 12:00:00 AM","endTime":"08/09/2024 12:00:00 AM","simulatedTime":"01/09/2024 01:55:00 AM","simulatedDuration":"1 hora 55 minutos","realElapsedTime":"01/09/2024 12:00:22 AM","realDuration":"22 segundos","isPaused":false,"isStopped":false} 
[2024-12-13 19:06:23] [INFO   ] Verificando cambios en bloqueos para tiempo: 2024-09-01T01:55 
[2024-12-13 19:06:23] [INFO   ] No hay cambios en los bloqueos, matriz de tiempos se mantiene sin cambios 
[2024-12-13 19:06:23] [INFO   ] Vehículo A005 - Velocidad: 0.00 km/h, Tramo: TRUJILLO to PATAZ (130801),Ubicación actual: 130101, Tiempo en tramo: 30 minutos 
[2024-12-13 19:17:59] [INFO   ] Mensaje JSON para WebSocket: {"phase":"routing","availableOrders":1,"message":"Procesando 1 órdenes","timestamp":"2024-12-13T19:17:59.790217805"} 
[2024-12-13 19:17:59] [INFO   ] Nueva conexión WebSocket establecida: /0:0:0:0:0:0:0:1 
[2024-12-13 19:17:59] [INFO   ] Nueva conexión WebSocket establecida: /0:0:0:0:0:0:0:1 
[2024-12-13 19:17:59] [INFO   ] Nueva conexión WebSocket establecida: /0:0:0:0:0:0:0:1 
[2024-12-13 19:17:59] [INFO   ] Nueva conexión WebSocket establecida: /0:0:0:0:0:0:0:1 
[2024-12-13 19:17:59] [INFO   ] Conexión WebSocket cerrada: /0:0:0:0:0:0:0:1 
[2024-12-13 19:17:59] [INFO   ] Conexión WebSocket cerrada: /0:0:0:0:0:0:0:1 
[2024-12-13 19:17:59] [INFO   ] Tiempo actualizado - Current Time: 2024-09-01T02:00 
[2024-12-13 19:17:59] [SEVERE ] Error en la conexión WebSocket: null 
[2024-12-13 19:17:59] [INFO   ] Nueva conexión WebSocket establecida: /0:0:0:0:0:0:0:1 
[2024-12-13 19:17:59] [SEVERE ] Error en la conexión WebSocket: null 
[2024-12-13 19:17:59] [INFO   ] Nueva conexión WebSocket establecida: /0:0:0:0:0:0:0:1 
[2024-12-13 19:17:59] [INFO   ] Nueva conexión WebSocket establecida: /0:0:0:0:0:0:0:1 
[2024-12-13 19:17:59] [SEVERE ] Error en la conexión WebSocket: null 
[2024-12-13 19:17:59] [INFO   ] Nueva conexión WebSocket establecida: /0:0:0:0:0:0:0:1 
[2024-12-13 19:17:59] [INFO   ] Nueva conexión WebSocket establecida: /0:0:0:0:0:0:0:1 
[2024-12-13 19:17:59] [SEVERE ] Error en la conexión WebSocket: null 
[2024-12-13 19:17:59] [INFO   ] Nueva conexión WebSocket establecida: /0:0:0:0:0:0:0:1 
[2024-12-13 19:17:59] [INFO   ] Nueva conexión WebSocket establecida: /0:0:0:0:0:0:0:1 
[2024-12-13 19:17:59] [INFO   ] Nueva conexión WebSocket establecida: /0:0:0:0:0:0:0:1 
[2024-12-13 19:17:59] [INFO   ] Nueva conexión WebSocket establecida: /0:0:0:0:0:0:0:1 
[2024-12-13 19:17:59] [INFO   ] Nueva conexión WebSocket establecida: /0:0:0:0:0:0:0:1 
[2024-12-13 19:17:59] [INFO   ] Nueva conexión WebSocket establecida: /0:0:0:0:0:0:0:1 
[2024-12-13 19:17:59] [INFO   ] Nueva conexión WebSocket establecida: /0:0:0:0:0:0:0:1 
[2024-12-13 19:17:59] [INFO   ] Nueva conexión WebSocket establecida: /0:0:0:0:0:0:0:1 
[2024-12-13 19:17:59] [INFO   ] Nueva conexión WebSocket establecida: /0:0:0:0:0:0:0:1 
[2024-12-13 19:17:59] [INFO   ] Nueva conexión WebSocket establecida: /0:0:0:0:0:0:0:1 
[2024-12-13 19:17:59] [INFO   ] Nueva conexión WebSocket establecida: /0:0:0:0:0:0:0:1 
[2024-12-13 19:17:59] [INFO   ] Nueva conexión WebSocket establecida: /0:0:0:0:0:0:0:1 
[2024-12-13 19:17:59] [INFO   ] Nueva conexión WebSocket establecida: /0:0:0:0:0:0:0:1 
[2024-12-13 19:17:59] [INFO   ] Nueva conexión WebSocket establecida: /0:0:0:0:0:0:0:1 
[2024-12-13 19:17:59] [INFO   ] Nueva conexión WebSocket establecida: /0:0:0:0:0:0:0:1 
[2024-12-13 19:17:59] [INFO   ] Nueva conexión WebSocket establecida: /0:0:0:0:0:0:0:1 
[2024-12-13 19:17:59] [INFO   ] Nueva conexión WebSocket establecida: /0:0:0:0:0:0:0:1 
[2024-12-13 19:17:59] [INFO   ] Nueva conexión WebSocket establecida: /0:0:0:0:0:0:0:1 
[2024-12-13 19:17:59] [INFO   ] Nueva conexión WebSocket establecida: /0:0:0:0:0:0:0:1 
[2024-12-13 19:17:59] [INFO   ] Nueva conexión WebSocket establecida: /0:0:0:0:0:0:0:1 
[2024-12-13 19:17:59] [INFO   ] Nueva conexión WebSocket establecida: /0:0:0:0:0:0:0:1 
[2024-12-13 19:17:59] [SEVERE ] Error en la conexión WebSocket: java.util.concurrent.TimeoutException: Idle timeout expired: 697206/300000 ms 
[2024-12-13 19:17:59] [INFO   ] Mensaje JSON para WebSocket: {"phase":"routing","availableOrders":1,"message":"Calculando rutas para 1 destinos","timestamp":"2024-12-13T19:17:59.793837014","routesStats":{"total":1,"completed":0}} 
[2024-12-13 19:17:59] [SEVERE ] Error en la conexión WebSocket: null 
[2024-12-13 19:17:59] [INFO   ] Conexión WebSocket cerrada: /0:0:0:0:0:0:0:1 
[2024-12-13 19:17:59] [SEVERE ] Error en la conexión WebSocket: null 
[2024-12-13 19:17:59] [SEVERE ] Error en la conexión WebSocket: null 
[2024-12-13 19:17:59] [SEVERE ] Error en la conexión WebSocket: null 
[2024-12-13 19:17:59] [SEVERE ] Error en la conexión WebSocket: null 
[2024-12-13 19:17:59] [SEVERE ] Error en la conexión WebSocket: null 
[2024-12-13 19:17:59] [SEVERE ] Error en la conexión WebSocket: null 
[2024-12-13 19:17:59] [SEVERE ] Error en la conexión WebSocket: null 
[2024-12-13 19:17:59] [SEVERE ] Error en la conexión WebSocket: null 
[2024-12-13 19:17:59] [SEVERE ] Error en la conexión WebSocket: null 
[2024-12-13 19:17:59] [SEVERE ] Error en la conexión WebSocket: null 
[2024-12-13 19:17:59] [SEVERE ] Error en la conexión WebSocket: null 
[2024-12-13 19:17:59] [SEVERE ] Error en la conexión WebSocket: null 
[2024-12-13 19:17:59] [SEVERE ] Error en la conexión WebSocket: null 
[2024-12-13 19:17:59] [SEVERE ] Error en la conexión WebSocket: null 
[2024-12-13 19:17:59] [SEVERE ] Error en la conexión WebSocket: null 
[2024-12-13 19:17:59] [SEVERE ] Error en la conexión WebSocket: null 
[2024-12-13 19:17:59] [SEVERE ] Error en la conexión WebSocket: null 
[2024-12-13 19:17:59] [SEVERE ] Error en la conexión WebSocket: null 
[2024-12-13 19:17:59] [SEVERE ] Error en la conexión WebSocket: null 
[2024-12-13 19:17:59] [SEVERE ] Error en la conexión WebSocket: null 
[2024-12-13 19:17:59] [SEVERE ] Error en la conexión WebSocket: null 
[2024-12-13 19:17:59] [INFO   ] Conexión WebSocket cerrada: /0:0:0:0:0:0:0:1 
[2024-12-13 19:17:59] [SEVERE ] Error en la conexión WebSocket: null 
[2024-12-13 19:17:59] [SEVERE ] Error en la conexión WebSocket: null 
[2024-12-13 19:17:59] [INFO   ] Conexión WebSocket cerrada: /0:0:0:0:0:0:0:1 
[2024-12-13 19:17:59] [SEVERE ] Error en la conexión WebSocket: null 
[2024-12-13 19:17:59] [SEVERE ] Error en la conexión WebSocket: null 
[2024-12-13 19:17:59] [INFO   ] Conexión WebSocket cerrada: /0:0:0:0:0:0:0:1 
[2024-12-13 19:17:59] [INFO   ] Conexión WebSocket cerrada: /0:0:0:0:0:0:0:1 
[2024-12-13 19:17:59] [INFO   ] Resumen de simulación - Tiempo simulado: 01/09/2024 02:00:00 AM, Duración simulada: 2 horas, Tiempo real: 01/09/2024 12:11:58 AM, Duración real: 11 minutos 58 segundos 
